The system is: Linux - 4.4.0-98-generic - x86_64
Compiling the C compiler identification source file "CMakeCCompilerId.c" succeeded.
Compiler: /usr/bin/cc 
Build flags: 
Id flags: 

The output was:
0


Compilation of the C compiler identification source "CMakeCCompilerId.c" produced "a.out"

The C compiler identification is GNU, found in "/home/salabeta/robocomp/components/roboticaCC/chocachoca/CMakeFiles/3.5.1/CompilerIdC/a.out"

Compiling the CXX compiler identification source file "CMakeCXXCompilerId.cpp" succeeded.
Compiler: /usr/bin/c++ 
Build flags: 
Id flags: 

The output was:
0


Compilation of the CXX compiler identification source "CMakeCXXCompilerId.cpp" produced "a.out"

The CXX compiler identification is GNU, found in "/home/salabeta/robocomp/components/roboticaCC/chocachoca/CMakeFiles/3.5.1/CompilerIdCXX/a.out"

Determining if the C compiler works passed with the following output:
Change Dir: /home/salabeta/robocomp/components/roboticaCC/chocachoca/CMakeFiles/CMakeTmp

Run Build Command:"/usr/bin/make" "cmTC_c43c1/fast"
/usr/bin/make -f CMakeFiles/cmTC_c43c1.dir/build.make CMakeFiles/cmTC_c43c1.dir/build
make[1]: se entra en el directorio '/home/salabeta/robocomp/components/roboticaCC/chocachoca/CMakeFiles/CMakeTmp'
Building C object CMakeFiles/cmTC_c43c1.dir/testCCompiler.c.o
/usr/bin/cc     -o CMakeFiles/cmTC_c43c1.dir/testCCompiler.c.o   -c /home/salabeta/robocomp/components/roboticaCC/chocachoca/CMakeFiles/CMakeTmp/testCCompiler.c
Linking C executable cmTC_c43c1
/usr/bin/cmake -E cmake_link_script CMakeFiles/cmTC_c43c1.dir/link.txt --verbose=1
/usr/bin/cc       CMakeFiles/cmTC_c43c1.dir/testCCompiler.c.o  -o cmTC_c43c1 -rdynamic 
make[1]: se sale del directorio '/home/salabeta/robocomp/components/roboticaCC/chocachoca/CMakeFiles/CMakeTmp'


Detecting C compiler ABI info compiled with the following output:
Change Dir: /home/salabeta/robocomp/components/roboticaCC/chocachoca/CMakeFiles/CMakeTmp

Run Build Command:"/usr/bin/make" "cmTC_9dc56/fast"
/usr/bin/make -f CMakeFiles/cmTC_9dc56.dir/build.make CMakeFiles/cmTC_9dc56.dir/build
make[1]: se entra en el directorio '/home/salabeta/robocomp/components/roboticaCC/chocachoca/CMakeFiles/CMakeTmp'
Building C object CMakeFiles/cmTC_9dc56.dir/CMakeCCompilerABI.c.o
/usr/bin/cc     -o CMakeFiles/cmTC_9dc56.dir/CMakeCCompilerABI.c.o   -c /usr/share/cmake-3.5/Modules/CMakeCCompilerABI.c
Linking C executable cmTC_9dc56
/usr/bin/cmake -E cmake_link_script CMakeFiles/cmTC_9dc56.dir/link.txt --verbose=1
/usr/bin/cc      -v CMakeFiles/cmTC_9dc56.dir/CMakeCCompilerABI.c.o  -o cmTC_9dc56 -rdynamic  
Using built-in specs.
COLLECT_GCC=/usr/bin/cc
COLLECT_LTO_WRAPPER=/usr/lib/gcc/x86_64-linux-gnu/5/lto-wrapper
Target: x86_64-linux-gnu
Configured with: ../src/configure -v --with-pkgversion='Ubuntu 5.4.0-6ubuntu1~16.04.4' --with-bugurl=file:///usr/share/doc/gcc-5/README.Bugs --enable-languages=c,ada,c++,java,go,d,fortran,objc,obj-c++ --prefix=/usr --program-suffix=-5 --enable-shared --enable-linker-build-id --libexecdir=/usr/lib --without-included-gettext --enable-threads=posix --libdir=/usr/lib --enable-nls --with-sysroot=/ --enable-clocale=gnu --enable-libstdcxx-debug --enable-libstdcxx-time=yes --with-default-libstdcxx-abi=new --enable-gnu-unique-object --disable-vtable-verify --enable-libmpx --enable-plugin --with-system-zlib --disable-browser-plugin --enable-java-awt=gtk --enable-gtk-cairo --with-java-home=/usr/lib/jvm/java-1.5.0-gcj-5-amd64/jre --enable-java-home --with-jvm-root-dir=/usr/lib/jvm/java-1.5.0-gcj-5-amd64 --with-jvm-jar-dir=/usr/lib/jvm-exports/java-1.5.0-gcj-5-amd64 --with-arch-directory=amd64 --with-ecj-jar=/usr/share/java/eclipse-ecj.jar --enable-objc-gc --enable-multiarch --disable-werror --with-arch-32=i686 --with-abi=m64 --with-multilib-list=m32,m64,mx32 --enable-multilib --with-tune=generic --enable-checking=release --build=x86_64-linux-gnu --host=x86_64-linux-gnu --target=x86_64-linux-gnu
Thread model: posix
gcc version 5.4.0 20160609 (Ubuntu 5.4.0-6ubuntu1~16.04.4) 
COMPILER_PATH=/usr/lib/gcc/x86_64-linux-gnu/5/:/usr/lib/gcc/x86_64-linux-gnu/5/:/usr/lib/gcc/x86_64-linux-gnu/:/usr/lib/gcc/x86_64-linux-gnu/5/:/usr/lib/gcc/x86_64-linux-gnu/
LIBRARY_PATH=/usr/lib/gcc/x86_64-linux-gnu/5/:/usr/lib/gcc/x86_64-linux-gnu/5/../../../x86_64-linux-gnu/:/usr/lib/gcc/x86_64-linux-gnu/5/../../../../lib/:/lib/x86_64-linux-gnu/:/lib/../lib/:/usr/lib/x86_64-linux-gnu/:/usr/lib/../lib/:/usr/lib/gcc/x86_64-linux-gnu/5/../../../:/lib/:/usr/lib/
COLLECT_GCC_OPTIONS='-v' '-o' 'cmTC_9dc56' '-rdynamic' '-mtune=generic' '-march=x86-64'
 /usr/lib/gcc/x86_64-linux-gnu/5/collect2 -plugin /usr/lib/gcc/x86_64-linux-gnu/5/liblto_plugin.so -plugin-opt=/usr/lib/gcc/x86_64-linux-gnu/5/lto-wrapper -plugin-opt=-fresolution=/tmp/ccfsq1rS.res -plugin-opt=-pass-through=-lgcc -plugin-opt=-pass-through=-lgcc_s -plugin-opt=-pass-through=-lc -plugin-opt=-pass-through=-lgcc -plugin-opt=-pass-through=-lgcc_s --sysroot=/ --build-id --eh-frame-hdr -m elf_x86_64 --hash-style=gnu --as-needed -export-dynamic -dynamic-linker /lib64/ld-linux-x86-64.so.2 -z relro -o cmTC_9dc56 /usr/lib/gcc/x86_64-linux-gnu/5/../../../x86_64-linux-gnu/crt1.o /usr/lib/gcc/x86_64-linux-gnu/5/../../../x86_64-linux-gnu/crti.o /usr/lib/gcc/x86_64-linux-gnu/5/crtbegin.o -L/usr/lib/gcc/x86_64-linux-gnu/5 -L/usr/lib/gcc/x86_64-linux-gnu/5/../../../x86_64-linux-gnu -L/usr/lib/gcc/x86_64-linux-gnu/5/../../../../lib -L/lib/x86_64-linux-gnu -L/lib/../lib -L/usr/lib/x86_64-linux-gnu -L/usr/lib/../lib -L/usr/lib/gcc/x86_64-linux-gnu/5/../../.. CMakeFiles/cmTC_9dc56.dir/CMakeCCompilerABI.c.o -lgcc --as-needed -lgcc_s --no-as-needed -lc -lgcc --as-needed -lgcc_s --no-as-needed /usr/lib/gcc/x86_64-linux-gnu/5/crtend.o /usr/lib/gcc/x86_64-linux-gnu/5/../../../x86_64-linux-gnu/crtn.o
make[1]: se sale del directorio '/home/salabeta/robocomp/components/roboticaCC/chocachoca/CMakeFiles/CMakeTmp'


Parsed C implicit link information from above output:
  link line regex: [^( *|.*[/\])(ld|([^/\]+-)?ld|collect2)[^/\]*( |$)]
  ignore line: [Change Dir: /home/salabeta/robocomp/components/roboticaCC/chocachoca/CMakeFiles/CMakeTmp]
  ignore line: []
  ignore line: [Run Build Command:"/usr/bin/make" "cmTC_9dc56/fast"]
  ignore line: [/usr/bin/make -f CMakeFiles/cmTC_9dc56.dir/build.make CMakeFiles/cmTC_9dc56.dir/build]
  ignore line: [make[1]: se entra en el directorio '/home/salabeta/robocomp/components/roboticaCC/chocachoca/CMakeFiles/CMakeTmp']
  ignore line: [Building C object CMakeFiles/cmTC_9dc56.dir/CMakeCCompilerABI.c.o]
  ignore line: [/usr/bin/cc     -o CMakeFiles/cmTC_9dc56.dir/CMakeCCompilerABI.c.o   -c /usr/share/cmake-3.5/Modules/CMakeCCompilerABI.c]
  ignore line: [Linking C executable cmTC_9dc56]
  ignore line: [/usr/bin/cmake -E cmake_link_script CMakeFiles/cmTC_9dc56.dir/link.txt --verbose=1]
  ignore line: [/usr/bin/cc      -v CMakeFiles/cmTC_9dc56.dir/CMakeCCompilerABI.c.o  -o cmTC_9dc56 -rdynamic  ]
  ignore line: [Using built-in specs.]
  ignore line: [COLLECT_GCC=/usr/bin/cc]
  ignore line: [COLLECT_LTO_WRAPPER=/usr/lib/gcc/x86_64-linux-gnu/5/lto-wrapper]
  ignore line: [Target: x86_64-linux-gnu]
  ignore line: [Configured with: ../src/configure -v --with-pkgversion='Ubuntu 5.4.0-6ubuntu1~16.04.4' --with-bugurl=file:///usr/share/doc/gcc-5/README.Bugs --enable-languages=c,ada,c++,java,go,d,fortran,objc,obj-c++ --prefix=/usr --program-suffix=-5 --enable-shared --enable-linker-build-id --libexecdir=/usr/lib --without-included-gettext --enable-threads=posix --libdir=/usr/lib --enable-nls --with-sysroot=/ --enable-clocale=gnu --enable-libstdcxx-debug --enable-libstdcxx-time=yes --with-default-libstdcxx-abi=new --enable-gnu-unique-object --disable-vtable-verify --enable-libmpx --enable-plugin --with-system-zlib --disable-browser-plugin --enable-java-awt=gtk --enable-gtk-cairo --with-java-home=/usr/lib/jvm/java-1.5.0-gcj-5-amd64/jre --enable-java-home --with-jvm-root-dir=/usr/lib/jvm/java-1.5.0-gcj-5-amd64 --with-jvm-jar-dir=/usr/lib/jvm-exports/java-1.5.0-gcj-5-amd64 --with-arch-directory=amd64 --with-ecj-jar=/usr/share/java/eclipse-ecj.jar --enable-objc-gc --enable-multiarch --disable-werror --with-arch-32=i686 --with-abi=m64 --with-multilib-list=m32,m64,mx32 --enable-multilib --with-tune=generic --enable-checking=release --build=x86_64-linux-gnu --host=x86_64-linux-gnu --target=x86_64-linux-gnu]
  ignore line: [Thread model: posix]
  ignore line: [gcc version 5.4.0 20160609 (Ubuntu 5.4.0-6ubuntu1~16.04.4) ]
  ignore line: [COMPILER_PATH=/usr/lib/gcc/x86_64-linux-gnu/5/:/usr/lib/gcc/x86_64-linux-gnu/5/:/usr/lib/gcc/x86_64-linux-gnu/:/usr/lib/gcc/x86_64-linux-gnu/5/:/usr/lib/gcc/x86_64-linux-gnu/]
  ignore line: [LIBRARY_PATH=/usr/lib/gcc/x86_64-linux-gnu/5/:/usr/lib/gcc/x86_64-linux-gnu/5/../../../x86_64-linux-gnu/:/usr/lib/gcc/x86_64-linux-gnu/5/../../../../lib/:/lib/x86_64-linux-gnu/:/lib/../lib/:/usr/lib/x86_64-linux-gnu/:/usr/lib/../lib/:/usr/lib/gcc/x86_64-linux-gnu/5/../../../:/lib/:/usr/lib/]
  ignore line: [COLLECT_GCC_OPTIONS='-v' '-o' 'cmTC_9dc56' '-rdynamic' '-mtune=generic' '-march=x86-64']
  link line: [ /usr/lib/gcc/x86_64-linux-gnu/5/collect2 -plugin /usr/lib/gcc/x86_64-linux-gnu/5/liblto_plugin.so -plugin-opt=/usr/lib/gcc/x86_64-linux-gnu/5/lto-wrapper -plugin-opt=-fresolution=/tmp/ccfsq1rS.res -plugin-opt=-pass-through=-lgcc -plugin-opt=-pass-through=-lgcc_s -plugin-opt=-pass-through=-lc -plugin-opt=-pass-through=-lgcc -plugin-opt=-pass-through=-lgcc_s --sysroot=/ --build-id --eh-frame-hdr -m elf_x86_64 --hash-style=gnu --as-needed -export-dynamic -dynamic-linker /lib64/ld-linux-x86-64.so.2 -z relro -o cmTC_9dc56 /usr/lib/gcc/x86_64-linux-gnu/5/../../../x86_64-linux-gnu/crt1.o /usr/lib/gcc/x86_64-linux-gnu/5/../../../x86_64-linux-gnu/crti.o /usr/lib/gcc/x86_64-linux-gnu/5/crtbegin.o -L/usr/lib/gcc/x86_64-linux-gnu/5 -L/usr/lib/gcc/x86_64-linux-gnu/5/../../../x86_64-linux-gnu -L/usr/lib/gcc/x86_64-linux-gnu/5/../../../../lib -L/lib/x86_64-linux-gnu -L/lib/../lib -L/usr/lib/x86_64-linux-gnu -L/usr/lib/../lib -L/usr/lib/gcc/x86_64-linux-gnu/5/../../.. CMakeFiles/cmTC_9dc56.dir/CMakeCCompilerABI.c.o -lgcc --as-needed -lgcc_s --no-as-needed -lc -lgcc --as-needed -lgcc_s --no-as-needed /usr/lib/gcc/x86_64-linux-gnu/5/crtend.o /usr/lib/gcc/x86_64-linux-gnu/5/../../../x86_64-linux-gnu/crtn.o]
    arg [/usr/lib/gcc/x86_64-linux-gnu/5/collect2] ==> ignore
    arg [-plugin] ==> ignore
    arg [/usr/lib/gcc/x86_64-linux-gnu/5/liblto_plugin.so] ==> ignore
    arg [-plugin-opt=/usr/lib/gcc/x86_64-linux-gnu/5/lto-wrapper] ==> ignore
    arg [-plugin-opt=-fresolution=/tmp/ccfsq1rS.res] ==> ignore
    arg [-plugin-opt=-pass-through=-lgcc] ==> ignore
    arg [-plugin-opt=-pass-through=-lgcc_s] ==> ignore
    arg [-plugin-opt=-pass-through=-lc] ==> ignore
    arg [-plugin-opt=-pass-through=-lgcc] ==> ignore
    arg [-plugin-opt=-pass-through=-lgcc_s] ==> ignore
    arg [--sysroot=/] ==> ignore
    arg [--build-id] ==> ignore
    arg [--eh-frame-hdr] ==> ignore
    arg [-m] ==> ignore
    arg [elf_x86_64] ==> ignore
    arg [--hash-style=gnu] ==> ignore
    arg [--as-needed] ==> ignore
    arg [-export-dynamic] ==> ignore
    arg [-dynamic-linker] ==> ignore
    arg [/lib64/ld-linux-x86-64.so.2] ==> ignore
    arg [-zrelro] ==> ignore
    arg [-o] ==> ignore
    arg [cmTC_9dc56] ==> ignore
    arg [/usr/lib/gcc/x86_64-linux-gnu/5/../../../x86_64-linux-gnu/crt1.o] ==> ignore
    arg [/usr/lib/gcc/x86_64-linux-gnu/5/../../../x86_64-linux-gnu/crti.o] ==> ignore
    arg [/usr/lib/gcc/x86_64-linux-gnu/5/crtbegin.o] ==> ignore
    arg [-L/usr/lib/gcc/x86_64-linux-gnu/5] ==> dir [/usr/lib/gcc/x86_64-linux-gnu/5]
    arg [-L/usr/lib/gcc/x86_64-linux-gnu/5/../../../x86_64-linux-gnu] ==> dir [/usr/lib/gcc/x86_64-linux-gnu/5/../../../x86_64-linux-gnu]
    arg [-L/usr/lib/gcc/x86_64-linux-gnu/5/../../../../lib] ==> dir [/usr/lib/gcc/x86_64-linux-gnu/5/../../../../lib]
    arg [-L/lib/x86_64-linux-gnu] ==> dir [/lib/x86_64-linux-gnu]
    arg [-L/lib/../lib] ==> dir [/lib/../lib]
    arg [-L/usr/lib/x86_64-linux-gnu] ==> dir [/usr/lib/x86_64-linux-gnu]
    arg [-L/usr/lib/../lib] ==> dir [/usr/lib/../lib]
    arg [-L/usr/lib/gcc/x86_64-linux-gnu/5/../../..] ==> dir [/usr/lib/gcc/x86_64-linux-gnu/5/../../..]
    arg [CMakeFiles/cmTC_9dc56.dir/CMakeCCompilerABI.c.o] ==> ignore
    arg [-lgcc] ==> lib [gcc]
    arg [--as-needed] ==> ignore
    arg [-lgcc_s] ==> lib [gcc_s]
    arg [--no-as-needed] ==> ignore
    arg [-lc] ==> lib [c]
    arg [-lgcc] ==> lib [gcc]
    arg [--as-needed] ==> ignore
    arg [-lgcc_s] ==> lib [gcc_s]
    arg [--no-as-needed] ==> ignore
    arg [/usr/lib/gcc/x86_64-linux-gnu/5/crtend.o] ==> ignore
    arg [/usr/lib/gcc/x86_64-linux-gnu/5/../../../x86_64-linux-gnu/crtn.o] ==> ignore
  remove lib [gcc]
  remove lib [gcc_s]
  remove lib [gcc]
  remove lib [gcc_s]
  collapse library dir [/usr/lib/gcc/x86_64-linux-gnu/5] ==> [/usr/lib/gcc/x86_64-linux-gnu/5]
  collapse library dir [/usr/lib/gcc/x86_64-linux-gnu/5/../../../x86_64-linux-gnu] ==> [/usr/lib/x86_64-linux-gnu]
  collapse library dir [/usr/lib/gcc/x86_64-linux-gnu/5/../../../../lib] ==> [/usr/lib]
  collapse library dir [/lib/x86_64-linux-gnu] ==> [/lib/x86_64-linux-gnu]
  collapse library dir [/lib/../lib] ==> [/lib]
  collapse library dir [/usr/lib/x86_64-linux-gnu] ==> [/usr/lib/x86_64-linux-gnu]
  collapse library dir [/usr/lib/../lib] ==> [/usr/lib]
  collapse library dir [/usr/lib/gcc/x86_64-linux-gnu/5/../../..] ==> [/usr/lib]
  implicit libs: [c]
  implicit dirs: [/usr/lib/gcc/x86_64-linux-gnu/5;/usr/lib/x86_64-linux-gnu;/usr/lib;/lib/x86_64-linux-gnu;/lib]
  implicit fwks: []




Detecting C [-std=c11] compiler features compiled with the following output:
Change Dir: /home/salabeta/robocomp/components/roboticaCC/chocachoca/CMakeFiles/CMakeTmp

Run Build Command:"/usr/bin/make" "cmTC_2d82f/fast"
/usr/bin/make -f CMakeFiles/cmTC_2d82f.dir/build.make CMakeFiles/cmTC_2d82f.dir/build
make[1]: se entra en el directorio '/home/salabeta/robocomp/components/roboticaCC/chocachoca/CMakeFiles/CMakeTmp'
Building C object CMakeFiles/cmTC_2d82f.dir/feature_tests.c.o
/usr/bin/cc    -std=c11 -o CMakeFiles/cmTC_2d82f.dir/feature_tests.c.o   -c /home/salabeta/robocomp/components/roboticaCC/chocachoca/CMakeFiles/feature_tests.c
Linking C executable cmTC_2d82f
/usr/bin/cmake -E cmake_link_script CMakeFiles/cmTC_2d82f.dir/link.txt --verbose=1
/usr/bin/cc       CMakeFiles/cmTC_2d82f.dir/feature_tests.c.o  -o cmTC_2d82f -rdynamic 
make[1]: se sale del directorio '/home/salabeta/robocomp/components/roboticaCC/chocachoca/CMakeFiles/CMakeTmp'


    Feature record: C_FEATURE:1c_function_prototypes
    Feature record: C_FEATURE:1c_restrict
    Feature record: C_FEATURE:1c_static_assert
    Feature record: C_FEATURE:1c_variadic_macros


Detecting C [-std=c99] compiler features compiled with the following output:
Change Dir: /home/salabeta/robocomp/components/roboticaCC/chocachoca/CMakeFiles/CMakeTmp

Run Build Command:"/usr/bin/make" "cmTC_87adc/fast"
/usr/bin/make -f CMakeFiles/cmTC_87adc.dir/build.make CMakeFiles/cmTC_87adc.dir/build
make[1]: se entra en el directorio '/home/salabeta/robocomp/components/roboticaCC/chocachoca/CMakeFiles/CMakeTmp'
Building C object CMakeFiles/cmTC_87adc.dir/feature_tests.c.o
/usr/bin/cc    -std=c99 -o CMakeFiles/cmTC_87adc.dir/feature_tests.c.o   -c /home/salabeta/robocomp/components/roboticaCC/chocachoca/CMakeFiles/feature_tests.c
Linking C executable cmTC_87adc
/usr/bin/cmake -E cmake_link_script CMakeFiles/cmTC_87adc.dir/link.txt --verbose=1
/usr/bin/cc       CMakeFiles/cmTC_87adc.dir/feature_tests.c.o  -o cmTC_87adc -rdynamic 
make[1]: se sale del directorio '/home/salabeta/robocomp/components/roboticaCC/chocachoca/CMakeFiles/CMakeTmp'


    Feature record: C_FEATURE:1c_function_prototypes
    Feature record: C_FEATURE:1c_restrict
    Feature record: C_FEATURE:0c_static_assert
    Feature record: C_FEATURE:1c_variadic_macros


Detecting C [-std=c90] compiler features compiled with the following output:
Change Dir: /home/salabeta/robocomp/components/roboticaCC/chocachoca/CMakeFiles/CMakeTmp

Run Build Command:"/usr/bin/make" "cmTC_f2caf/fast"
/usr/bin/make -f CMakeFiles/cmTC_f2caf.dir/build.make CMakeFiles/cmTC_f2caf.dir/build
make[1]: se entra en el directorio '/home/salabeta/robocomp/components/roboticaCC/chocachoca/CMakeFiles/CMakeTmp'
Building C object CMakeFiles/cmTC_f2caf.dir/feature_tests.c.o
/usr/bin/cc    -std=c90 -o CMakeFiles/cmTC_f2caf.dir/feature_tests.c.o   -c /home/salabeta/robocomp/components/roboticaCC/chocachoca/CMakeFiles/feature_tests.c
Linking C executable cmTC_f2caf
/usr/bin/cmake -E cmake_link_script CMakeFiles/cmTC_f2caf.dir/link.txt --verbose=1
/usr/bin/cc       CMakeFiles/cmTC_f2caf.dir/feature_tests.c.o  -o cmTC_f2caf -rdynamic 
make[1]: se sale del directorio '/home/salabeta/robocomp/components/roboticaCC/chocachoca/CMakeFiles/CMakeTmp'


    Feature record: C_FEATURE:1c_function_prototypes
    Feature record: C_FEATURE:0c_restrict
    Feature record: C_FEATURE:0c_static_assert
    Feature record: C_FEATURE:0c_variadic_macros
Determining if the CXX compiler works passed with the following output:
Change Dir: /home/salabeta/robocomp/components/roboticaCC/chocachoca/CMakeFiles/CMakeTmp

Run Build Command:"/usr/bin/make" "cmTC_09770/fast"
/usr/bin/make -f CMakeFiles/cmTC_09770.dir/build.make CMakeFiles/cmTC_09770.dir/build
make[1]: se entra en el directorio '/home/salabeta/robocomp/components/roboticaCC/chocachoca/CMakeFiles/CMakeTmp'
Building CXX object CMakeFiles/cmTC_09770.dir/testCXXCompiler.cxx.o
/usr/bin/c++      -o CMakeFiles/cmTC_09770.dir/testCXXCompiler.cxx.o -c /home/salabeta/robocomp/components/roboticaCC/chocachoca/CMakeFiles/CMakeTmp/testCXXCompiler.cxx
Linking CXX executable cmTC_09770
/usr/bin/cmake -E cmake_link_script CMakeFiles/cmTC_09770.dir/link.txt --verbose=1
/usr/bin/c++        CMakeFiles/cmTC_09770.dir/testCXXCompiler.cxx.o  -o cmTC_09770 -rdynamic 
make[1]: se sale del directorio '/home/salabeta/robocomp/components/roboticaCC/chocachoca/CMakeFiles/CMakeTmp'


Detecting CXX compiler ABI info compiled with the following output:
Change Dir: /home/salabeta/robocomp/components/roboticaCC/chocachoca/CMakeFiles/CMakeTmp

Run Build Command:"/usr/bin/make" "cmTC_5b498/fast"
/usr/bin/make -f CMakeFiles/cmTC_5b498.dir/build.make CMakeFiles/cmTC_5b498.dir/build
make[1]: se entra en el directorio '/home/salabeta/robocomp/components/roboticaCC/chocachoca/CMakeFiles/CMakeTmp'
Building CXX object CMakeFiles/cmTC_5b498.dir/CMakeCXXCompilerABI.cpp.o
/usr/bin/c++      -o CMakeFiles/cmTC_5b498.dir/CMakeCXXCompilerABI.cpp.o -c /usr/share/cmake-3.5/Modules/CMakeCXXCompilerABI.cpp
Linking CXX executable cmTC_5b498
/usr/bin/cmake -E cmake_link_script CMakeFiles/cmTC_5b498.dir/link.txt --verbose=1
/usr/bin/c++       -v CMakeFiles/cmTC_5b498.dir/CMakeCXXCompilerABI.cpp.o  -o cmTC_5b498 -rdynamic  
Using built-in specs.
COLLECT_GCC=/usr/bin/c++
COLLECT_LTO_WRAPPER=/usr/lib/gcc/x86_64-linux-gnu/5/lto-wrapper
Target: x86_64-linux-gnu
Configured with: ../src/configure -v --with-pkgversion='Ubuntu 5.4.0-6ubuntu1~16.04.4' --with-bugurl=file:///usr/share/doc/gcc-5/README.Bugs --enable-languages=c,ada,c++,java,go,d,fortran,objc,obj-c++ --prefix=/usr --program-suffix=-5 --enable-shared --enable-linker-build-id --libexecdir=/usr/lib --without-included-gettext --enable-threads=posix --libdir=/usr/lib --enable-nls --with-sysroot=/ --enable-clocale=gnu --enable-libstdcxx-debug --enable-libstdcxx-time=yes --with-default-libstdcxx-abi=new --enable-gnu-unique-object --disable-vtable-verify --enable-libmpx --enable-plugin --with-system-zlib --disable-browser-plugin --enable-java-awt=gtk --enable-gtk-cairo --with-java-home=/usr/lib/jvm/java-1.5.0-gcj-5-amd64/jre --enable-java-home --with-jvm-root-dir=/usr/lib/jvm/java-1.5.0-gcj-5-amd64 --with-jvm-jar-dir=/usr/lib/jvm-exports/java-1.5.0-gcj-5-amd64 --with-arch-directory=amd64 --with-ecj-jar=/usr/share/java/eclipse-ecj.jar --enable-objc-gc --enable-multiarch --disable-werror --with-arch-32=i686 --with-abi=m64 --with-multilib-list=m32,m64,mx32 --enable-multilib --with-tune=generic --enable-checking=release --build=x86_64-linux-gnu --host=x86_64-linux-gnu --target=x86_64-linux-gnu
Thread model: posix
gcc version 5.4.0 20160609 (Ubuntu 5.4.0-6ubuntu1~16.04.4) 
COMPILER_PATH=/usr/lib/gcc/x86_64-linux-gnu/5/:/usr/lib/gcc/x86_64-linux-gnu/5/:/usr/lib/gcc/x86_64-linux-gnu/:/usr/lib/gcc/x86_64-linux-gnu/5/:/usr/lib/gcc/x86_64-linux-gnu/
LIBRARY_PATH=/usr/lib/gcc/x86_64-linux-gnu/5/:/usr/lib/gcc/x86_64-linux-gnu/5/../../../x86_64-linux-gnu/:/usr/lib/gcc/x86_64-linux-gnu/5/../../../../lib/:/lib/x86_64-linux-gnu/:/lib/../lib/:/usr/lib/x86_64-linux-gnu/:/usr/lib/../lib/:/usr/lib/gcc/x86_64-linux-gnu/5/../../../:/lib/:/usr/lib/
COLLECT_GCC_OPTIONS='-v' '-o' 'cmTC_5b498' '-rdynamic' '-shared-libgcc' '-mtune=generic' '-march=x86-64'
 /usr/lib/gcc/x86_64-linux-gnu/5/collect2 -plugin /usr/lib/gcc/x86_64-linux-gnu/5/liblto_plugin.so -plugin-opt=/usr/lib/gcc/x86_64-linux-gnu/5/lto-wrapper -plugin-opt=-fresolution=/tmp/ccaKHLmn.res -plugin-opt=-pass-through=-lgcc_s -plugin-opt=-pass-through=-lgcc -plugin-opt=-pass-through=-lc -plugin-opt=-pass-through=-lgcc_s -plugin-opt=-pass-through=-lgcc --sysroot=/ --build-id --eh-frame-hdr -m elf_x86_64 --hash-style=gnu --as-needed -export-dynamic -dynamic-linker /lib64/ld-linux-x86-64.so.2 -z relro -o cmTC_5b498 /usr/lib/gcc/x86_64-linux-gnu/5/../../../x86_64-linux-gnu/crt1.o /usr/lib/gcc/x86_64-linux-gnu/5/../../../x86_64-linux-gnu/crti.o /usr/lib/gcc/x86_64-linux-gnu/5/crtbegin.o -L/usr/lib/gcc/x86_64-linux-gnu/5 -L/usr/lib/gcc/x86_64-linux-gnu/5/../../../x86_64-linux-gnu -L/usr/lib/gcc/x86_64-linux-gnu/5/../../../../lib -L/lib/x86_64-linux-gnu -L/lib/../lib -L/usr/lib/x86_64-linux-gnu -L/usr/lib/../lib -L/usr/lib/gcc/x86_64-linux-gnu/5/../../.. CMakeFiles/cmTC_5b498.dir/CMakeCXXCompilerABI.cpp.o -lstdc++ -lm -lgcc_s -lgcc -lc -lgcc_s -lgcc /usr/lib/gcc/x86_64-linux-gnu/5/crtend.o /usr/lib/gcc/x86_64-linux-gnu/5/../../../x86_64-linux-gnu/crtn.o
make[1]: se sale del directorio '/home/salabeta/robocomp/components/roboticaCC/chocachoca/CMakeFiles/CMakeTmp'


Parsed CXX implicit link information from above output:
  link line regex: [^( *|.*[/\])(ld|([^/\]+-)?ld|collect2)[^/\]*( |$)]
  ignore line: [Change Dir: /home/salabeta/robocomp/components/roboticaCC/chocachoca/CMakeFiles/CMakeTmp]
  ignore line: []
  ignore line: [Run Build Command:"/usr/bin/make" "cmTC_5b498/fast"]
  ignore line: [/usr/bin/make -f CMakeFiles/cmTC_5b498.dir/build.make CMakeFiles/cmTC_5b498.dir/build]
  ignore line: [make[1]: se entra en el directorio '/home/salabeta/robocomp/components/roboticaCC/chocachoca/CMakeFiles/CMakeTmp']
  ignore line: [Building CXX object CMakeFiles/cmTC_5b498.dir/CMakeCXXCompilerABI.cpp.o]
  ignore line: [/usr/bin/c++      -o CMakeFiles/cmTC_5b498.dir/CMakeCXXCompilerABI.cpp.o -c /usr/share/cmake-3.5/Modules/CMakeCXXCompilerABI.cpp]
  ignore line: [Linking CXX executable cmTC_5b498]
  ignore line: [/usr/bin/cmake -E cmake_link_script CMakeFiles/cmTC_5b498.dir/link.txt --verbose=1]
  ignore line: [/usr/bin/c++       -v CMakeFiles/cmTC_5b498.dir/CMakeCXXCompilerABI.cpp.o  -o cmTC_5b498 -rdynamic  ]
  ignore line: [Using built-in specs.]
  ignore line: [COLLECT_GCC=/usr/bin/c++]
  ignore line: [COLLECT_LTO_WRAPPER=/usr/lib/gcc/x86_64-linux-gnu/5/lto-wrapper]
  ignore line: [Target: x86_64-linux-gnu]
  ignore line: [Configured with: ../src/configure -v --with-pkgversion='Ubuntu 5.4.0-6ubuntu1~16.04.4' --with-bugurl=file:///usr/share/doc/gcc-5/README.Bugs --enable-languages=c,ada,c++,java,go,d,fortran,objc,obj-c++ --prefix=/usr --program-suffix=-5 --enable-shared --enable-linker-build-id --libexecdir=/usr/lib --without-included-gettext --enable-threads=posix --libdir=/usr/lib --enable-nls --with-sysroot=/ --enable-clocale=gnu --enable-libstdcxx-debug --enable-libstdcxx-time=yes --with-default-libstdcxx-abi=new --enable-gnu-unique-object --disable-vtable-verify --enable-libmpx --enable-plugin --with-system-zlib --disable-browser-plugin --enable-java-awt=gtk --enable-gtk-cairo --with-java-home=/usr/lib/jvm/java-1.5.0-gcj-5-amd64/jre --enable-java-home --with-jvm-root-dir=/usr/lib/jvm/java-1.5.0-gcj-5-amd64 --with-jvm-jar-dir=/usr/lib/jvm-exports/java-1.5.0-gcj-5-amd64 --with-arch-directory=amd64 --with-ecj-jar=/usr/share/java/eclipse-ecj.jar --enable-objc-gc --enable-multiarch --disable-werror --with-arch-32=i686 --with-abi=m64 --with-multilib-list=m32,m64,mx32 --enable-multilib --with-tune=generic --enable-checking=release --build=x86_64-linux-gnu --host=x86_64-linux-gnu --target=x86_64-linux-gnu]
  ignore line: [Thread model: posix]
  ignore line: [gcc version 5.4.0 20160609 (Ubuntu 5.4.0-6ubuntu1~16.04.4) ]
  ignore line: [COMPILER_PATH=/usr/lib/gcc/x86_64-linux-gnu/5/:/usr/lib/gcc/x86_64-linux-gnu/5/:/usr/lib/gcc/x86_64-linux-gnu/:/usr/lib/gcc/x86_64-linux-gnu/5/:/usr/lib/gcc/x86_64-linux-gnu/]
  ignore line: [LIBRARY_PATH=/usr/lib/gcc/x86_64-linux-gnu/5/:/usr/lib/gcc/x86_64-linux-gnu/5/../../../x86_64-linux-gnu/:/usr/lib/gcc/x86_64-linux-gnu/5/../../../../lib/:/lib/x86_64-linux-gnu/:/lib/../lib/:/usr/lib/x86_64-linux-gnu/:/usr/lib/../lib/:/usr/lib/gcc/x86_64-linux-gnu/5/../../../:/lib/:/usr/lib/]
  ignore line: [COLLECT_GCC_OPTIONS='-v' '-o' 'cmTC_5b498' '-rdynamic' '-shared-libgcc' '-mtune=generic' '-march=x86-64']
  link line: [ /usr/lib/gcc/x86_64-linux-gnu/5/collect2 -plugin /usr/lib/gcc/x86_64-linux-gnu/5/liblto_plugin.so -plugin-opt=/usr/lib/gcc/x86_64-linux-gnu/5/lto-wrapper -plugin-opt=-fresolution=/tmp/ccaKHLmn.res -plugin-opt=-pass-through=-lgcc_s -plugin-opt=-pass-through=-lgcc -plugin-opt=-pass-through=-lc -plugin-opt=-pass-through=-lgcc_s -plugin-opt=-pass-through=-lgcc --sysroot=/ --build-id --eh-frame-hdr -m elf_x86_64 --hash-style=gnu --as-needed -export-dynamic -dynamic-linker /lib64/ld-linux-x86-64.so.2 -z relro -o cmTC_5b498 /usr/lib/gcc/x86_64-linux-gnu/5/../../../x86_64-linux-gnu/crt1.o /usr/lib/gcc/x86_64-linux-gnu/5/../../../x86_64-linux-gnu/crti.o /usr/lib/gcc/x86_64-linux-gnu/5/crtbegin.o -L/usr/lib/gcc/x86_64-linux-gnu/5 -L/usr/lib/gcc/x86_64-linux-gnu/5/../../../x86_64-linux-gnu -L/usr/lib/gcc/x86_64-linux-gnu/5/../../../../lib -L/lib/x86_64-linux-gnu -L/lib/../lib -L/usr/lib/x86_64-linux-gnu -L/usr/lib/../lib -L/usr/lib/gcc/x86_64-linux-gnu/5/../../.. CMakeFiles/cmTC_5b498.dir/CMakeCXXCompilerABI.cpp.o -lstdc++ -lm -lgcc_s -lgcc -lc -lgcc_s -lgcc /usr/lib/gcc/x86_64-linux-gnu/5/crtend.o /usr/lib/gcc/x86_64-linux-gnu/5/../../../x86_64-linux-gnu/crtn.o]
    arg [/usr/lib/gcc/x86_64-linux-gnu/5/collect2] ==> ignore
    arg [-plugin] ==> ignore
    arg [/usr/lib/gcc/x86_64-linux-gnu/5/liblto_plugin.so] ==> ignore
    arg [-plugin-opt=/usr/lib/gcc/x86_64-linux-gnu/5/lto-wrapper] ==> ignore
    arg [-plugin-opt=-fresolution=/tmp/ccaKHLmn.res] ==> ignore
    arg [-plugin-opt=-pass-through=-lgcc_s] ==> ignore
    arg [-plugin-opt=-pass-through=-lgcc] ==> ignore
    arg [-plugin-opt=-pass-through=-lc] ==> ignore
    arg [-plugin-opt=-pass-through=-lgcc_s] ==> ignore
    arg [-plugin-opt=-pass-through=-lgcc] ==> ignore
    arg [--sysroot=/] ==> ignore
    arg [--build-id] ==> ignore
    arg [--eh-frame-hdr] ==> ignore
    arg [-m] ==> ignore
    arg [elf_x86_64] ==> ignore
    arg [--hash-style=gnu] ==> ignore
    arg [--as-needed] ==> ignore
    arg [-export-dynamic] ==> ignore
    arg [-dynamic-linker] ==> ignore
    arg [/lib64/ld-linux-x86-64.so.2] ==> ignore
    arg [-zrelro] ==> ignore
    arg [-o] ==> ignore
    arg [cmTC_5b498] ==> ignore
    arg [/usr/lib/gcc/x86_64-linux-gnu/5/../../../x86_64-linux-gnu/crt1.o] ==> ignore
    arg [/usr/lib/gcc/x86_64-linux-gnu/5/../../../x86_64-linux-gnu/crti.o] ==> ignore
    arg [/usr/lib/gcc/x86_64-linux-gnu/5/crtbegin.o] ==> ignore
    arg [-L/usr/lib/gcc/x86_64-linux-gnu/5] ==> dir [/usr/lib/gcc/x86_64-linux-gnu/5]
    arg [-L/usr/lib/gcc/x86_64-linux-gnu/5/../../../x86_64-linux-gnu] ==> dir [/usr/lib/gcc/x86_64-linux-gnu/5/../../../x86_64-linux-gnu]
    arg [-L/usr/lib/gcc/x86_64-linux-gnu/5/../../../../lib] ==> dir [/usr/lib/gcc/x86_64-linux-gnu/5/../../../../lib]
    arg [-L/lib/x86_64-linux-gnu] ==> dir [/lib/x86_64-linux-gnu]
    arg [-L/lib/../lib] ==> dir [/lib/../lib]
    arg [-L/usr/lib/x86_64-linux-gnu] ==> dir [/usr/lib/x86_64-linux-gnu]
    arg [-L/usr/lib/../lib] ==> dir [/usr/lib/../lib]
    arg [-L/usr/lib/gcc/x86_64-linux-gnu/5/../../..] ==> dir [/usr/lib/gcc/x86_64-linux-gnu/5/../../..]
    arg [CMakeFiles/cmTC_5b498.dir/CMakeCXXCompilerABI.cpp.o] ==> ignore
    arg [-lstdc++] ==> lib [stdc++]
    arg [-lm] ==> lib [m]
    arg [-lgcc_s] ==> lib [gcc_s]
    arg [-lgcc] ==> lib [gcc]
    arg [-lc] ==> lib [c]
    arg [-lgcc_s] ==> lib [gcc_s]
    arg [-lgcc] ==> lib [gcc]
    arg [/usr/lib/gcc/x86_64-linux-gnu/5/crtend.o] ==> ignore
    arg [/usr/lib/gcc/x86_64-linux-gnu/5/../../../x86_64-linux-gnu/crtn.o] ==> ignore
  remove lib [gcc_s]
  remove lib [gcc]
  remove lib [gcc_s]
  remove lib [gcc]
  collapse library dir [/usr/lib/gcc/x86_64-linux-gnu/5] ==> [/usr/lib/gcc/x86_64-linux-gnu/5]
  collapse library dir [/usr/lib/gcc/x86_64-linux-gnu/5/../../../x86_64-linux-gnu] ==> [/usr/lib/x86_64-linux-gnu]
  collapse library dir [/usr/lib/gcc/x86_64-linux-gnu/5/../../../../lib] ==> [/usr/lib]
  collapse library dir [/lib/x86_64-linux-gnu] ==> [/lib/x86_64-linux-gnu]
  collapse library dir [/lib/../lib] ==> [/lib]
  collapse library dir [/usr/lib/x86_64-linux-gnu] ==> [/usr/lib/x86_64-linux-gnu]
  collapse library dir [/usr/lib/../lib] ==> [/usr/lib]
  collapse library dir [/usr/lib/gcc/x86_64-linux-gnu/5/../../..] ==> [/usr/lib]
  implicit libs: [stdc++;m;c]
  implicit dirs: [/usr/lib/gcc/x86_64-linux-gnu/5;/usr/lib/x86_64-linux-gnu;/usr/lib;/lib/x86_64-linux-gnu;/lib]
  implicit fwks: []




Detecting CXX [-std=c++14] compiler features compiled with the following output:
Change Dir: /home/salabeta/robocomp/components/roboticaCC/chocachoca/CMakeFiles/CMakeTmp

Run Build Command:"/usr/bin/make" "cmTC_886fc/fast"
/usr/bin/make -f CMakeFiles/cmTC_886fc.dir/build.make CMakeFiles/cmTC_886fc.dir/build
make[1]: se entra en el directorio '/home/salabeta/robocomp/components/roboticaCC/chocachoca/CMakeFiles/CMakeTmp'
Building CXX object CMakeFiles/cmTC_886fc.dir/feature_tests.cxx.o
/usr/bin/c++     -std=c++14 -o CMakeFiles/cmTC_886fc.dir/feature_tests.cxx.o -c /home/salabeta/robocomp/components/roboticaCC/chocachoca/CMakeFiles/feature_tests.cxx
Linking CXX executable cmTC_886fc
/usr/bin/cmake -E cmake_link_script CMakeFiles/cmTC_886fc.dir/link.txt --verbose=1
/usr/bin/c++        CMakeFiles/cmTC_886fc.dir/feature_tests.cxx.o  -o cmTC_886fc -rdynamic 
make[1]: se sale del directorio '/home/salabeta/robocomp/components/roboticaCC/chocachoca/CMakeFiles/CMakeTmp'


    Feature record: CXX_FEATURE:1cxx_aggregate_default_initializers
    Feature record: CXX_FEATURE:1cxx_alias_templates
    Feature record: CXX_FEATURE:1cxx_alignas
    Feature record: CXX_FEATURE:1cxx_alignof
    Feature record: CXX_FEATURE:1cxx_attributes
    Feature record: CXX_FEATURE:1cxx_attribute_deprecated
    Feature record: CXX_FEATURE:1cxx_auto_type
    Feature record: CXX_FEATURE:1cxx_binary_literals
    Feature record: CXX_FEATURE:1cxx_constexpr
    Feature record: CXX_FEATURE:1cxx_contextual_conversions
    Feature record: CXX_FEATURE:1cxx_decltype
    Feature record: CXX_FEATURE:1cxx_decltype_auto
    Feature record: CXX_FEATURE:1cxx_decltype_incomplete_return_types
    Feature record: CXX_FEATURE:1cxx_default_function_template_args
    Feature record: CXX_FEATURE:1cxx_defaulted_functions
    Feature record: CXX_FEATURE:1cxx_defaulted_move_initializers
    Feature record: CXX_FEATURE:1cxx_delegating_constructors
    Feature record: CXX_FEATURE:1cxx_deleted_functions
    Feature record: CXX_FEATURE:1cxx_digit_separators
    Feature record: CXX_FEATURE:1cxx_enum_forward_declarations
    Feature record: CXX_FEATURE:1cxx_explicit_conversions
    Feature record: CXX_FEATURE:1cxx_extended_friend_declarations
    Feature record: CXX_FEATURE:1cxx_extern_templates
    Feature record: CXX_FEATURE:1cxx_final
    Feature record: CXX_FEATURE:1cxx_func_identifier
    Feature record: CXX_FEATURE:1cxx_generalized_initializers
    Feature record: CXX_FEATURE:1cxx_generic_lambdas
    Feature record: CXX_FEATURE:1cxx_inheriting_constructors
    Feature record: CXX_FEATURE:1cxx_inline_namespaces
    Feature record: CXX_FEATURE:1cxx_lambdas
    Feature record: CXX_FEATURE:1cxx_lambda_init_captures
    Feature record: CXX_FEATURE:1cxx_local_type_template_args
    Feature record: CXX_FEATURE:1cxx_long_long_type
    Feature record: CXX_FEATURE:1cxx_noexcept
    Feature record: CXX_FEATURE:1cxx_nonstatic_member_init
    Feature record: CXX_FEATURE:1cxx_nullptr
    Feature record: CXX_FEATURE:1cxx_override
    Feature record: CXX_FEATURE:1cxx_range_for
    Feature record: CXX_FEATURE:1cxx_raw_string_literals
    Feature record: CXX_FEATURE:1cxx_reference_qualified_functions
    Feature record: CXX_FEATURE:1cxx_relaxed_constexpr
    Feature record: CXX_FEATURE:1cxx_return_type_deduction
    Feature record: CXX_FEATURE:1cxx_right_angle_brackets
    Feature record: CXX_FEATURE:1cxx_rvalue_references
    Feature record: CXX_FEATURE:1cxx_sizeof_member
    Feature record: CXX_FEATURE:1cxx_static_assert
    Feature record: CXX_FEATURE:1cxx_strong_enums
    Feature record: CXX_FEATURE:1cxx_template_template_parameters
    Feature record: CXX_FEATURE:1cxx_thread_local
    Feature record: CXX_FEATURE:1cxx_trailing_return_types
    Feature record: CXX_FEATURE:1cxx_unicode_literals
    Feature record: CXX_FEATURE:1cxx_uniform_initialization
    Feature record: CXX_FEATURE:1cxx_unrestricted_unions
    Feature record: CXX_FEATURE:1cxx_user_literals
    Feature record: CXX_FEATURE:1cxx_variable_templates
    Feature record: CXX_FEATURE:1cxx_variadic_macros
    Feature record: CXX_FEATURE:1cxx_variadic_templates


Detecting CXX [-std=c++11] compiler features compiled with the following output:
Change Dir: /home/salabeta/robocomp/components/roboticaCC/chocachoca/CMakeFiles/CMakeTmp

Run Build Command:"/usr/bin/make" "cmTC_05567/fast"
/usr/bin/make -f CMakeFiles/cmTC_05567.dir/build.make CMakeFiles/cmTC_05567.dir/build
make[1]: se entra en el directorio '/home/salabeta/robocomp/components/roboticaCC/chocachoca/CMakeFiles/CMakeTmp'
Building CXX object CMakeFiles/cmTC_05567.dir/feature_tests.cxx.o
/usr/bin/c++     -std=c++11 -o CMakeFiles/cmTC_05567.dir/feature_tests.cxx.o -c /home/salabeta/robocomp/components/roboticaCC/chocachoca/CMakeFiles/feature_tests.cxx
Linking CXX executable cmTC_05567
/usr/bin/cmake -E cmake_link_script CMakeFiles/cmTC_05567.dir/link.txt --verbose=1
/usr/bin/c++        CMakeFiles/cmTC_05567.dir/feature_tests.cxx.o  -o cmTC_05567 -rdynamic 
make[1]: se sale del directorio '/home/salabeta/robocomp/components/roboticaCC/chocachoca/CMakeFiles/CMakeTmp'


    Feature record: CXX_FEATURE:0cxx_aggregate_default_initializers
    Feature record: CXX_FEATURE:1cxx_alias_templates
    Feature record: CXX_FEATURE:1cxx_alignas
    Feature record: CXX_FEATURE:1cxx_alignof
    Feature record: CXX_FEATURE:1cxx_attributes
    Feature record: CXX_FEATURE:0cxx_attribute_deprecated
    Feature record: CXX_FEATURE:1cxx_auto_type
    Feature record: CXX_FEATURE:0cxx_binary_literals
    Feature record: CXX_FEATURE:1cxx_constexpr
    Feature record: CXX_FEATURE:0cxx_contextual_conversions
    Feature record: CXX_FEATURE:1cxx_decltype
    Feature record: CXX_FEATURE:0cxx_decltype_auto
    Feature record: CXX_FEATURE:1cxx_decltype_incomplete_return_types
    Feature record: CXX_FEATURE:1cxx_default_function_template_args
    Feature record: CXX_FEATURE:1cxx_defaulted_functions
    Feature record: CXX_FEATURE:1cxx_defaulted_move_initializers
    Feature record: CXX_FEATURE:1cxx_delegating_constructors
    Feature record: CXX_FEATURE:1cxx_deleted_functions
    Feature record: CXX_FEATURE:0cxx_digit_separators
    Feature record: CXX_FEATURE:1cxx_enum_forward_declarations
    Feature record: CXX_FEATURE:1cxx_explicit_conversions
    Feature record: CXX_FEATURE:1cxx_extended_friend_declarations
    Feature record: CXX_FEATURE:1cxx_extern_templates
    Feature record: CXX_FEATURE:1cxx_final
    Feature record: CXX_FEATURE:1cxx_func_identifier
    Feature record: CXX_FEATURE:1cxx_generalized_initializers
    Feature record: CXX_FEATURE:0cxx_generic_lambdas
    Feature record: CXX_FEATURE:1cxx_inheriting_constructors
    Feature record: CXX_FEATURE:1cxx_inline_namespaces
    Feature record: CXX_FEATURE:1cxx_lambdas
    Feature record: CXX_FEATURE:0cxx_lambda_init_captures
    Feature record: CXX_FEATURE:1cxx_local_type_template_args
    Feature record: CXX_FEATURE:1cxx_long_long_type
    Feature record: CXX_FEATURE:1cxx_noexcept
    Feature record: CXX_FEATURE:1cxx_nonstatic_member_init
    Feature record: CXX_FEATURE:1cxx_nullptr
    Feature record: CXX_FEATURE:1cxx_override
    Feature record: CXX_FEATURE:1cxx_range_for
    Feature record: CXX_FEATURE:1cxx_raw_string_literals
    Feature record: CXX_FEATURE:1cxx_reference_qualified_functions
    Feature record: CXX_FEATURE:0cxx_relaxed_constexpr
    Feature record: CXX_FEATURE:0cxx_return_type_deduction
    Feature record: CXX_FEATURE:1cxx_right_angle_brackets
    Feature record: CXX_FEATURE:1cxx_rvalue_references
    Feature record: CXX_FEATURE:1cxx_sizeof_member
    Feature record: CXX_FEATURE:1cxx_static_assert
    Feature record: CXX_FEATURE:1cxx_strong_enums
    Feature record: CXX_FEATURE:1cxx_template_template_parameters
    Feature record: CXX_FEATURE:1cxx_thread_local
    Feature record: CXX_FEATURE:1cxx_trailing_return_types
    Feature record: CXX_FEATURE:1cxx_unicode_literals
    Feature record: CXX_FEATURE:1cxx_uniform_initialization
    Feature record: CXX_FEATURE:1cxx_unrestricted_unions
    Feature record: CXX_FEATURE:1cxx_user_literals
    Feature record: CXX_FEATURE:0cxx_variable_templates
    Feature record: CXX_FEATURE:1cxx_variadic_macros
    Feature record: CXX_FEATURE:1cxx_variadic_templates


Detecting CXX [-std=c++98] compiler features compiled with the following output:
Change Dir: /home/salabeta/robocomp/components/roboticaCC/chocachoca/CMakeFiles/CMakeTmp

Run Build Command:"/usr/bin/make" "cmTC_0207a/fast"
/usr/bin/make -f CMakeFiles/cmTC_0207a.dir/build.make CMakeFiles/cmTC_0207a.dir/build
make[1]: se entra en el directorio '/home/salabeta/robocomp/components/roboticaCC/chocachoca/CMakeFiles/CMakeTmp'
Building CXX object CMakeFiles/cmTC_0207a.dir/feature_tests.cxx.o
/usr/bin/c++     -std=c++98 -o CMakeFiles/cmTC_0207a.dir/feature_tests.cxx.o -c /home/salabeta/robocomp/components/roboticaCC/chocachoca/CMakeFiles/feature_tests.cxx
Linking CXX executable cmTC_0207a
/usr/bin/cmake -E cmake_link_script CMakeFiles/cmTC_0207a.dir/link.txt --verbose=1
/usr/bin/c++        CMakeFiles/cmTC_0207a.dir/feature_tests.cxx.o  -o cmTC_0207a -rdynamic 
make[1]: se sale del directorio '/home/salabeta/robocomp/components/roboticaCC/chocachoca/CMakeFiles/CMakeTmp'


    Feature record: CXX_FEATURE:0cxx_aggregate_default_initializers
    Feature record: CXX_FEATURE:0cxx_alias_templates
    Feature record: CXX_FEATURE:0cxx_alignas
    Feature record: CXX_FEATURE:0cxx_alignof
    Feature record: CXX_FEATURE:0cxx_attributes
    Feature record: CXX_FEATURE:0cxx_attribute_deprecated
    Feature record: CXX_FEATURE:0cxx_auto_type
    Feature record: CXX_FEATURE:0cxx_binary_literals
    Feature record: CXX_FEATURE:0cxx_constexpr
    Feature record: CXX_FEATURE:0cxx_contextual_conversions
    Feature record: CXX_FEATURE:0cxx_decltype
    Feature record: CXX_FEATURE:0cxx_decltype_auto
    Feature record: CXX_FEATURE:0cxx_decltype_incomplete_return_types
    Feature record: CXX_FEATURE:0cxx_default_function_template_args
    Feature record: CXX_FEATURE:0cxx_defaulted_functions
    Feature record: CXX_FEATURE:0cxx_defaulted_move_initializers
    Feature record: CXX_FEATURE:0cxx_delegating_constructors
    Feature record: CXX_FEATURE:0cxx_deleted_functions
    Feature record: CXX_FEATURE:0cxx_digit_separators
    Feature record: CXX_FEATURE:0cxx_enum_forward_declarations
    Feature record: CXX_FEATURE:0cxx_explicit_conversions
    Feature record: CXX_FEATURE:0cxx_extended_friend_declarations
    Feature record: CXX_FEATURE:0cxx_extern_templates
    Feature record: CXX_FEATURE:0cxx_final
    Feature record: CXX_FEATURE:0cxx_func_identifier
    Feature record: CXX_FEATURE:0cxx_generalized_initializers
    Feature record: CXX_FEATURE:0cxx_generic_lambdas
    Feature record: CXX_FEATURE:0cxx_inheriting_constructors
    Feature record: CXX_FEATURE:0cxx_inline_namespaces
    Feature record: CXX_FEATURE:0cxx_lambdas
    Feature record: CXX_FEATURE:0cxx_lambda_init_captures
    Feature record: CXX_FEATURE:0cxx_local_type_template_args
    Feature record: CXX_FEATURE:0cxx_long_long_type
    Feature record: CXX_FEATURE:0cxx_noexcept
    Feature record: CXX_FEATURE:0cxx_nonstatic_member_init
    Feature record: CXX_FEATURE:0cxx_nullptr
    Feature record: CXX_FEATURE:0cxx_override
    Feature record: CXX_FEATURE:0cxx_range_for
    Feature record: CXX_FEATURE:0cxx_raw_string_literals
    Feature record: CXX_FEATURE:0cxx_reference_qualified_functions
    Feature record: CXX_FEATURE:0cxx_relaxed_constexpr
    Feature record: CXX_FEATURE:0cxx_return_type_deduction
    Feature record: CXX_FEATURE:0cxx_right_angle_brackets
    Feature record: CXX_FEATURE:0cxx_rvalue_references
    Feature record: CXX_FEATURE:0cxx_sizeof_member
    Feature record: CXX_FEATURE:0cxx_static_assert
    Feature record: CXX_FEATURE:0cxx_strong_enums
    Feature record: CXX_FEATURE:1cxx_template_template_parameters
    Feature record: CXX_FEATURE:0cxx_thread_local
    Feature record: CXX_FEATURE:0cxx_trailing_return_types
    Feature record: CXX_FEATURE:0cxx_unicode_literals
    Feature record: CXX_FEATURE:0cxx_uniform_initialization
    Feature record: CXX_FEATURE:0cxx_unrestricted_unions
    Feature record: CXX_FEATURE:0cxx_user_literals
    Feature record: CXX_FEATURE:0cxx_variable_templates
    Feature record: CXX_FEATURE:0cxx_variadic_macros
    Feature record: CXX_FEATURE:0cxx_variadic_templates
Determining if the Q_WS_X11 exist passed with the following output:
Change Dir: /home/salabeta/robocomp/components/roboticaCC/chocachoca/CMakeFiles/CMakeTmp

Run Build Command:"/usr/bin/make" "cmTC_c54be/fast"
/usr/bin/make -f CMakeFiles/cmTC_c54be.dir/build.make CMakeFiles/cmTC_c54be.dir/build
make[1]: se entra en el directorio '/home/salabeta/robocomp/components/roboticaCC/chocachoca/CMakeFiles/CMakeTmp'
Building CXX object CMakeFiles/cmTC_c54be.dir/CheckSymbolExists.cxx.o
/usr/bin/c++    -I/usr/include/qt4   -o CMakeFiles/cmTC_c54be.dir/CheckSymbolExists.cxx.o -c /home/salabeta/robocomp/components/roboticaCC/chocachoca/CMakeFiles/CMakeTmp/CheckSymbolExists.cxx
Linking CXX executable cmTC_c54be
/usr/bin/cmake -E cmake_link_script CMakeFiles/cmTC_c54be.dir/link.txt --verbose=1
/usr/bin/c++        CMakeFiles/cmTC_c54be.dir/CheckSymbolExists.cxx.o  -o cmTC_c54be -rdynamic 
make[1]: se sale del directorio '/home/salabeta/robocomp/components/roboticaCC/chocachoca/CMakeFiles/CMakeTmp'

File /home/salabeta/robocomp/components/roboticaCC/chocachoca/CMakeFiles/CMakeTmp/CheckSymbolExists.cxx:
/* */
#include <QtCore/qglobal.h>

int main(int argc, char** argv)
{
  (void)argv;
#ifndef Q_WS_X11
  return ((int*)(&Q_WS_X11))[argc];
#else
  (void)argc;
  return 0;
#endif
}

Determining if the Q_WS_X11 exist passed with the following output:
Change Dir: /home/crivac/robocomp/components/roboticaCC/chocachoca/CMakeFiles/CMakeTmp

Run Build Command:"/usr/bin/make" "cmTC_31359/fast"
/usr/bin/make -f CMakeFiles/cmTC_31359.dir/build.make CMakeFiles/cmTC_31359.dir/build
make[1]: se entra en el directorio '/home/crivac/robocomp/components/roboticaCC/chocachoca/CMakeFiles/CMakeTmp'
Building CXX object CMakeFiles/cmTC_31359.dir/CheckSymbolExists.cxx.o
/usr/bin/c++    -I/usr/include/qt4   -o CMakeFiles/cmTC_31359.dir/CheckSymbolExists.cxx.o -c /home/crivac/robocomp/components/roboticaCC/chocachoca/CMakeFiles/CMakeTmp/CheckSymbolExists.cxx
Linking CXX executable cmTC_31359
/usr/bin/cmake -E cmake_link_script CMakeFiles/cmTC_31359.dir/link.txt --verbose=1
/usr/bin/c++        CMakeFiles/cmTC_31359.dir/CheckSymbolExists.cxx.o  -o cmTC_31359 -rdynamic 
make[1]: se sale del directorio '/home/crivac/robocomp/components/roboticaCC/chocachoca/CMakeFiles/CMakeTmp'

File /home/crivac/robocomp/components/roboticaCC/chocachoca/CMakeFiles/CMakeTmp/CheckSymbolExists.cxx:
/* */
#include <QtCore/qglobal.h>

int main(int argc, char** argv)
{
  (void)argv;
#ifndef Q_WS_X11
  return ((int*)(&Q_WS_X11))[argc];
#else
  (void)argc;
  return 0;
#endif
}

Determining if the Q_WS_X11 exist passed with the following output:
Change Dir: /home/crivac/robocomp/components/roboticaCC/chocachoca/CMakeFiles/CMakeTmp

Run Build Command:"/usr/bin/make" "cmTC_5d74b/fast"
/usr/bin/make -f CMakeFiles/cmTC_5d74b.dir/build.make CMakeFiles/cmTC_5d74b.dir/build
make[1]: se entra en el directorio '/home/crivac/robocomp/components/roboticaCC/chocachoca/CMakeFiles/CMakeTmp'
Building CXX object CMakeFiles/cmTC_5d74b.dir/CheckSymbolExists.cxx.o
/usr/bin/c++    -I/usr/include/qt4   -o CMakeFiles/cmTC_5d74b.dir/CheckSymbolExists.cxx.o -c /home/crivac/robocomp/components/roboticaCC/chocachoca/CMakeFiles/CMakeTmp/CheckSymbolExists.cxx
Linking CXX executable cmTC_5d74b
/usr/bin/cmake -E cmake_link_script CMakeFiles/cmTC_5d74b.dir/link.txt --verbose=1
/usr/bin/c++        CMakeFiles/cmTC_5d74b.dir/CheckSymbolExists.cxx.o  -o cmTC_5d74b -rdynamic 
make[1]: se sale del directorio '/home/crivac/robocomp/components/roboticaCC/chocachoca/CMakeFiles/CMakeTmp'

File /home/crivac/robocomp/components/roboticaCC/chocachoca/CMakeFiles/CMakeTmp/CheckSymbolExists.cxx:
/* */
#include <QtCore/qglobal.h>

int main(int argc, char** argv)
{
  (void)argv;
#ifndef Q_WS_X11
  return ((int*)(&Q_WS_X11))[argc];
#else
  (void)argc;
  return 0;
#endif
}

Determining if the Q_WS_X11 exist passed with the following output:
Change Dir: /home/crivac/robocomp/components/roboticaCC/chocachoca/CMakeFiles/CMakeTmp

Run Build Command:"/usr/bin/make" "cmTC_fea14/fast"
/usr/bin/make -f CMakeFiles/cmTC_fea14.dir/build.make CMakeFiles/cmTC_fea14.dir/build
make[1]: se entra en el directorio '/home/crivac/robocomp/components/roboticaCC/chocachoca/CMakeFiles/CMakeTmp'
Building CXX object CMakeFiles/cmTC_fea14.dir/CheckSymbolExists.cxx.o
/usr/bin/c++    -I/usr/include/qt4   -o CMakeFiles/cmTC_fea14.dir/CheckSymbolExists.cxx.o -c /home/crivac/robocomp/components/roboticaCC/chocachoca/CMakeFiles/CMakeTmp/CheckSymbolExists.cxx
Linking CXX executable cmTC_fea14
/usr/bin/cmake -E cmake_link_script CMakeFiles/cmTC_fea14.dir/link.txt --verbose=1
/usr/bin/c++        CMakeFiles/cmTC_fea14.dir/CheckSymbolExists.cxx.o  -o cmTC_fea14 -rdynamic 
make[1]: se sale del directorio '/home/crivac/robocomp/components/roboticaCC/chocachoca/CMakeFiles/CMakeTmp'

File /home/crivac/robocomp/components/roboticaCC/chocachoca/CMakeFiles/CMakeTmp/CheckSymbolExists.cxx:
/* */
#include <QtCore/qglobal.h>

int main(int argc, char** argv)
{
  (void)argv;
#ifndef Q_WS_X11
  return ((int*)(&Q_WS_X11))[argc];
#else
  (void)argc;
  return 0;
#endif
}

Determining if the Q_WS_X11 exist passed with the following output:
Change Dir: /home/crivac/robocomp/components/roboticaCC/chocachoca/CMakeFiles/CMakeTmp

Run Build Command:"/usr/bin/make" "cmTC_61846/fast"
/usr/bin/make -f CMakeFiles/cmTC_61846.dir/build.make CMakeFiles/cmTC_61846.dir/build
make[1]: se entra en el directorio '/home/crivac/robocomp/components/roboticaCC/chocachoca/CMakeFiles/CMakeTmp'
Building CXX object CMakeFiles/cmTC_61846.dir/CheckSymbolExists.cxx.o
/usr/bin/c++    -I/usr/include/qt4   -o CMakeFiles/cmTC_61846.dir/CheckSymbolExists.cxx.o -c /home/crivac/robocomp/components/roboticaCC/chocachoca/CMakeFiles/CMakeTmp/CheckSymbolExists.cxx
Linking CXX executable cmTC_61846
/usr/bin/cmake -E cmake_link_script CMakeFiles/cmTC_61846.dir/link.txt --verbose=1
/usr/bin/c++        CMakeFiles/cmTC_61846.dir/CheckSymbolExists.cxx.o  -o cmTC_61846 -rdynamic 
make[1]: se sale del directorio '/home/crivac/robocomp/components/roboticaCC/chocachoca/CMakeFiles/CMakeTmp'

File /home/crivac/robocomp/components/roboticaCC/chocachoca/CMakeFiles/CMakeTmp/CheckSymbolExists.cxx:
/* */
#include <QtCore/qglobal.h>

int main(int argc, char** argv)
{
  (void)argv;
#ifndef Q_WS_X11
  return ((int*)(&Q_WS_X11))[argc];
#else
  (void)argc;
  return 0;
#endif
}

Determining if the Q_WS_X11 exist passed with the following output:
Change Dir: /home/crivac/robocomp/components/roboticaCC/chocachoca/CMakeFiles/CMakeTmp

Run Build Command:"/usr/bin/make" "cmTC_d5246/fast"
/usr/bin/make -f CMakeFiles/cmTC_d5246.dir/build.make CMakeFiles/cmTC_d5246.dir/build
make[1]: se entra en el directorio '/home/crivac/robocomp/components/roboticaCC/chocachoca/CMakeFiles/CMakeTmp'
Building CXX object CMakeFiles/cmTC_d5246.dir/CheckSymbolExists.cxx.o
/usr/bin/c++    -I/usr/include/qt4   -o CMakeFiles/cmTC_d5246.dir/CheckSymbolExists.cxx.o -c /home/crivac/robocomp/components/roboticaCC/chocachoca/CMakeFiles/CMakeTmp/CheckSymbolExists.cxx
Linking CXX executable cmTC_d5246
/usr/bin/cmake -E cmake_link_script CMakeFiles/cmTC_d5246.dir/link.txt --verbose=1
/usr/bin/c++        CMakeFiles/cmTC_d5246.dir/CheckSymbolExists.cxx.o  -o cmTC_d5246 -rdynamic 
make[1]: se sale del directorio '/home/crivac/robocomp/components/roboticaCC/chocachoca/CMakeFiles/CMakeTmp'

File /home/crivac/robocomp/components/roboticaCC/chocachoca/CMakeFiles/CMakeTmp/CheckSymbolExists.cxx:
/* */
#include <QtCore/qglobal.h>

int main(int argc, char** argv)
{
  (void)argv;
#ifndef Q_WS_X11
  return ((int*)(&Q_WS_X11))[argc];
#else
  (void)argc;
  return 0;
#endif
}

Determining if the Q_WS_X11 exist passed with the following output:
Change Dir: /home/crivac/robocomp/components/roboticaCC/chocachoca/CMakeFiles/CMakeTmp

Run Build Command:"/usr/bin/make" "cmTC_987a1/fast"
/usr/bin/make -f CMakeFiles/cmTC_987a1.dir/build.make CMakeFiles/cmTC_987a1.dir/build
make[1]: se entra en el directorio '/home/crivac/robocomp/components/roboticaCC/chocachoca/CMakeFiles/CMakeTmp'
Building CXX object CMakeFiles/cmTC_987a1.dir/CheckSymbolExists.cxx.o
/usr/bin/c++    -I/usr/include/qt4   -o CMakeFiles/cmTC_987a1.dir/CheckSymbolExists.cxx.o -c /home/crivac/robocomp/components/roboticaCC/chocachoca/CMakeFiles/CMakeTmp/CheckSymbolExists.cxx
Linking CXX executable cmTC_987a1
/usr/bin/cmake -E cmake_link_script CMakeFiles/cmTC_987a1.dir/link.txt --verbose=1
/usr/bin/c++        CMakeFiles/cmTC_987a1.dir/CheckSymbolExists.cxx.o  -o cmTC_987a1 -rdynamic 
make[1]: se sale del directorio '/home/crivac/robocomp/components/roboticaCC/chocachoca/CMakeFiles/CMakeTmp'

File /home/crivac/robocomp/components/roboticaCC/chocachoca/CMakeFiles/CMakeTmp/CheckSymbolExists.cxx:
/* */
#include <QtCore/qglobal.h>

int main(int argc, char** argv)
{
  (void)argv;
#ifndef Q_WS_X11
  return ((int*)(&Q_WS_X11))[argc];
#else
  (void)argc;
  return 0;
#endif
}

Determining if the Q_WS_X11 exist passed with the following output:
Change Dir: /home/crivac/robocomp/components/roboticaCC/chocachoca/CMakeFiles/CMakeTmp

Run Build Command:"/usr/bin/make" "cmTC_c774a/fast"
/usr/bin/make -f CMakeFiles/cmTC_c774a.dir/build.make CMakeFiles/cmTC_c774a.dir/build
make[1]: se entra en el directorio '/home/crivac/robocomp/components/roboticaCC/chocachoca/CMakeFiles/CMakeTmp'
Building CXX object CMakeFiles/cmTC_c774a.dir/CheckSymbolExists.cxx.o
/usr/bin/c++    -I/usr/include/qt4   -o CMakeFiles/cmTC_c774a.dir/CheckSymbolExists.cxx.o -c /home/crivac/robocomp/components/roboticaCC/chocachoca/CMakeFiles/CMakeTmp/CheckSymbolExists.cxx
Linking CXX executable cmTC_c774a
/usr/bin/cmake -E cmake_link_script CMakeFiles/cmTC_c774a.dir/link.txt --verbose=1
/usr/bin/c++        CMakeFiles/cmTC_c774a.dir/CheckSymbolExists.cxx.o  -o cmTC_c774a -rdynamic 
make[1]: se sale del directorio '/home/crivac/robocomp/components/roboticaCC/chocachoca/CMakeFiles/CMakeTmp'

File /home/crivac/robocomp/components/roboticaCC/chocachoca/CMakeFiles/CMakeTmp/CheckSymbolExists.cxx:
/* */
#include <QtCore/qglobal.h>

int main(int argc, char** argv)
{
  (void)argv;
#ifndef Q_WS_X11
  return ((int*)(&Q_WS_X11))[argc];
#else
  (void)argc;
  return 0;
#endif
}

Determining if the Q_WS_X11 exist passed with the following output:
Change Dir: /home/crivac/robocomp/components/roboticaCC/chocachoca/CMakeFiles/CMakeTmp

Run Build Command:"/usr/bin/make" "cmTC_d0014/fast"
/usr/bin/make -f CMakeFiles/cmTC_d0014.dir/build.make CMakeFiles/cmTC_d0014.dir/build
make[1]: se entra en el directorio '/home/crivac/robocomp/components/roboticaCC/chocachoca/CMakeFiles/CMakeTmp'
Building CXX object CMakeFiles/cmTC_d0014.dir/CheckSymbolExists.cxx.o
/usr/bin/c++    -I/usr/include/qt4   -o CMakeFiles/cmTC_d0014.dir/CheckSymbolExists.cxx.o -c /home/crivac/robocomp/components/roboticaCC/chocachoca/CMakeFiles/CMakeTmp/CheckSymbolExists.cxx
Linking CXX executable cmTC_d0014
/usr/bin/cmake -E cmake_link_script CMakeFiles/cmTC_d0014.dir/link.txt --verbose=1
/usr/bin/c++        CMakeFiles/cmTC_d0014.dir/CheckSymbolExists.cxx.o  -o cmTC_d0014 -rdynamic 
make[1]: se sale del directorio '/home/crivac/robocomp/components/roboticaCC/chocachoca/CMakeFiles/CMakeTmp'

File /home/crivac/robocomp/components/roboticaCC/chocachoca/CMakeFiles/CMakeTmp/CheckSymbolExists.cxx:
/* */
#include <QtCore/qglobal.h>

int main(int argc, char** argv)
{
  (void)argv;
#ifndef Q_WS_X11
  return ((int*)(&Q_WS_X11))[argc];
#else
  (void)argc;
  return 0;
#endif
}

Determining if the Q_WS_X11 exist passed with the following output:
Change Dir: /home/crivac/robocomp/components/roboticaCC/chocachoca/CMakeFiles/CMakeTmp

Run Build Command:"/usr/bin/make" "cmTC_9e8aa/fast"
/usr/bin/make -f CMakeFiles/cmTC_9e8aa.dir/build.make CMakeFiles/cmTC_9e8aa.dir/build
make[1]: se entra en el directorio '/home/crivac/robocomp/components/roboticaCC/chocachoca/CMakeFiles/CMakeTmp'
Building CXX object CMakeFiles/cmTC_9e8aa.dir/CheckSymbolExists.cxx.o
/usr/bin/c++    -I/usr/include/qt4   -o CMakeFiles/cmTC_9e8aa.dir/CheckSymbolExists.cxx.o -c /home/crivac/robocomp/components/roboticaCC/chocachoca/CMakeFiles/CMakeTmp/CheckSymbolExists.cxx
Linking CXX executable cmTC_9e8aa
/usr/bin/cmake -E cmake_link_script CMakeFiles/cmTC_9e8aa.dir/link.txt --verbose=1
/usr/bin/c++        CMakeFiles/cmTC_9e8aa.dir/CheckSymbolExists.cxx.o  -o cmTC_9e8aa -rdynamic 
make[1]: se sale del directorio '/home/crivac/robocomp/components/roboticaCC/chocachoca/CMakeFiles/CMakeTmp'

File /home/crivac/robocomp/components/roboticaCC/chocachoca/CMakeFiles/CMakeTmp/CheckSymbolExists.cxx:
/* */
#include <QtCore/qglobal.h>

int main(int argc, char** argv)
{
  (void)argv;
#ifndef Q_WS_X11
  return ((int*)(&Q_WS_X11))[argc];
#else
  (void)argc;
  return 0;
#endif
}

Determining if the Q_WS_X11 exist passed with the following output:
Change Dir: /home/crivac/robocomp/components/roboticaCC/chocachoca/CMakeFiles/CMakeTmp

Run Build Command:"/usr/bin/make" "cmTC_4db2d/fast"
/usr/bin/make -f CMakeFiles/cmTC_4db2d.dir/build.make CMakeFiles/cmTC_4db2d.dir/build
make[1]: se entra en el directorio '/home/crivac/robocomp/components/roboticaCC/chocachoca/CMakeFiles/CMakeTmp'
Building CXX object CMakeFiles/cmTC_4db2d.dir/CheckSymbolExists.cxx.o
/usr/bin/c++    -I/usr/include/qt4   -o CMakeFiles/cmTC_4db2d.dir/CheckSymbolExists.cxx.o -c /home/crivac/robocomp/components/roboticaCC/chocachoca/CMakeFiles/CMakeTmp/CheckSymbolExists.cxx
Linking CXX executable cmTC_4db2d
/usr/bin/cmake -E cmake_link_script CMakeFiles/cmTC_4db2d.dir/link.txt --verbose=1
/usr/bin/c++        CMakeFiles/cmTC_4db2d.dir/CheckSymbolExists.cxx.o  -o cmTC_4db2d -rdynamic 
make[1]: se sale del directorio '/home/crivac/robocomp/components/roboticaCC/chocachoca/CMakeFiles/CMakeTmp'

File /home/crivac/robocomp/components/roboticaCC/chocachoca/CMakeFiles/CMakeTmp/CheckSymbolExists.cxx:
/* */
#include <QtCore/qglobal.h>

int main(int argc, char** argv)
{
  (void)argv;
#ifndef Q_WS_X11
  return ((int*)(&Q_WS_X11))[argc];
#else
  (void)argc;
  return 0;
#endif
}

Determining if the Q_WS_X11 exist passed with the following output:
Change Dir: /home/crivac/robocomp/components/roboticaCC/chocachoca/CMakeFiles/CMakeTmp

Run Build Command:"/usr/bin/make" "cmTC_bfdd6/fast"
/usr/bin/make -f CMakeFiles/cmTC_bfdd6.dir/build.make CMakeFiles/cmTC_bfdd6.dir/build
make[1]: se entra en el directorio '/home/crivac/robocomp/components/roboticaCC/chocachoca/CMakeFiles/CMakeTmp'
Building CXX object CMakeFiles/cmTC_bfdd6.dir/CheckSymbolExists.cxx.o
/usr/bin/c++    -I/usr/include/qt4   -o CMakeFiles/cmTC_bfdd6.dir/CheckSymbolExists.cxx.o -c /home/crivac/robocomp/components/roboticaCC/chocachoca/CMakeFiles/CMakeTmp/CheckSymbolExists.cxx
Linking CXX executable cmTC_bfdd6
/usr/bin/cmake -E cmake_link_script CMakeFiles/cmTC_bfdd6.dir/link.txt --verbose=1
/usr/bin/c++        CMakeFiles/cmTC_bfdd6.dir/CheckSymbolExists.cxx.o  -o cmTC_bfdd6 -rdynamic 
make[1]: se sale del directorio '/home/crivac/robocomp/components/roboticaCC/chocachoca/CMakeFiles/CMakeTmp'

File /home/crivac/robocomp/components/roboticaCC/chocachoca/CMakeFiles/CMakeTmp/CheckSymbolExists.cxx:
/* */
#include <QtCore/qglobal.h>

int main(int argc, char** argv)
{
  (void)argv;
#ifndef Q_WS_X11
  return ((int*)(&Q_WS_X11))[argc];
#else
  (void)argc;
  return 0;
#endif
}

Determining if the Q_WS_X11 exist passed with the following output:
Change Dir: /home/crivac/robocomp/components/roboticaCC/chocachoca/CMakeFiles/CMakeTmp

Run Build Command:"/usr/bin/make" "cmTC_ea85d/fast"
/usr/bin/make -f CMakeFiles/cmTC_ea85d.dir/build.make CMakeFiles/cmTC_ea85d.dir/build
make[1]: se entra en el directorio '/home/crivac/robocomp/components/roboticaCC/chocachoca/CMakeFiles/CMakeTmp'
Building CXX object CMakeFiles/cmTC_ea85d.dir/CheckSymbolExists.cxx.o
/usr/bin/c++    -I/usr/include/qt4   -o CMakeFiles/cmTC_ea85d.dir/CheckSymbolExists.cxx.o -c /home/crivac/robocomp/components/roboticaCC/chocachoca/CMakeFiles/CMakeTmp/CheckSymbolExists.cxx
Linking CXX executable cmTC_ea85d
/usr/bin/cmake -E cmake_link_script CMakeFiles/cmTC_ea85d.dir/link.txt --verbose=1
/usr/bin/c++        CMakeFiles/cmTC_ea85d.dir/CheckSymbolExists.cxx.o  -o cmTC_ea85d -rdynamic 
make[1]: se sale del directorio '/home/crivac/robocomp/components/roboticaCC/chocachoca/CMakeFiles/CMakeTmp'

File /home/crivac/robocomp/components/roboticaCC/chocachoca/CMakeFiles/CMakeTmp/CheckSymbolExists.cxx:
/* */
#include <QtCore/qglobal.h>

int main(int argc, char** argv)
{
  (void)argv;
#ifndef Q_WS_X11
  return ((int*)(&Q_WS_X11))[argc];
#else
  (void)argc;
  return 0;
#endif
}

Determining if the Q_WS_X11 exist passed with the following output:
Change Dir: /home/crivac/robocomp/components/roboticaCC/chocachoca/CMakeFiles/CMakeTmp

Run Build Command:"/usr/bin/make" "cmTC_41f27/fast"
/usr/bin/make -f CMakeFiles/cmTC_41f27.dir/build.make CMakeFiles/cmTC_41f27.dir/build
make[1]: se entra en el directorio '/home/crivac/robocomp/components/roboticaCC/chocachoca/CMakeFiles/CMakeTmp'
Building CXX object CMakeFiles/cmTC_41f27.dir/CheckSymbolExists.cxx.o
/usr/bin/c++    -I/usr/include/qt4   -o CMakeFiles/cmTC_41f27.dir/CheckSymbolExists.cxx.o -c /home/crivac/robocomp/components/roboticaCC/chocachoca/CMakeFiles/CMakeTmp/CheckSymbolExists.cxx
Linking CXX executable cmTC_41f27
/usr/bin/cmake -E cmake_link_script CMakeFiles/cmTC_41f27.dir/link.txt --verbose=1
/usr/bin/c++        CMakeFiles/cmTC_41f27.dir/CheckSymbolExists.cxx.o  -o cmTC_41f27 -rdynamic 
make[1]: se sale del directorio '/home/crivac/robocomp/components/roboticaCC/chocachoca/CMakeFiles/CMakeTmp'

File /home/crivac/robocomp/components/roboticaCC/chocachoca/CMakeFiles/CMakeTmp/CheckSymbolExists.cxx:
/* */
#include <QtCore/qglobal.h>

int main(int argc, char** argv)
{
  (void)argv;
#ifndef Q_WS_X11
  return ((int*)(&Q_WS_X11))[argc];
#else
  (void)argc;
  return 0;
#endif
}

Determining if the Q_WS_X11 exist passed with the following output:
Change Dir: /home/crivac/robocomp/components/roboticaCC/chocachoca/CMakeFiles/CMakeTmp

Run Build Command:"/usr/bin/make" "cmTC_068bf/fast"
/usr/bin/make -f CMakeFiles/cmTC_068bf.dir/build.make CMakeFiles/cmTC_068bf.dir/build
make[1]: se entra en el directorio '/home/crivac/robocomp/components/roboticaCC/chocachoca/CMakeFiles/CMakeTmp'
Building CXX object CMakeFiles/cmTC_068bf.dir/CheckSymbolExists.cxx.o
/usr/bin/c++    -I/usr/include/qt4   -o CMakeFiles/cmTC_068bf.dir/CheckSymbolExists.cxx.o -c /home/crivac/robocomp/components/roboticaCC/chocachoca/CMakeFiles/CMakeTmp/CheckSymbolExists.cxx
Linking CXX executable cmTC_068bf
/usr/bin/cmake -E cmake_link_script CMakeFiles/cmTC_068bf.dir/link.txt --verbose=1
/usr/bin/c++        CMakeFiles/cmTC_068bf.dir/CheckSymbolExists.cxx.o  -o cmTC_068bf -rdynamic 
make[1]: se sale del directorio '/home/crivac/robocomp/components/roboticaCC/chocachoca/CMakeFiles/CMakeTmp'

File /home/crivac/robocomp/components/roboticaCC/chocachoca/CMakeFiles/CMakeTmp/CheckSymbolExists.cxx:
/* */
#include <QtCore/qglobal.h>

int main(int argc, char** argv)
{
  (void)argv;
#ifndef Q_WS_X11
  return ((int*)(&Q_WS_X11))[argc];
#else
  (void)argc;
  return 0;
#endif
}

Determining if the Q_WS_X11 exist passed with the following output:
Change Dir: /home/crivac/robocomp/components/roboticaCC/chocachoca/CMakeFiles/CMakeTmp

Run Build Command:"/usr/bin/make" "cmTC_d0df6/fast"
/usr/bin/make -f CMakeFiles/cmTC_d0df6.dir/build.make CMakeFiles/cmTC_d0df6.dir/build
make[1]: se entra en el directorio '/home/crivac/robocomp/components/roboticaCC/chocachoca/CMakeFiles/CMakeTmp'
Building CXX object CMakeFiles/cmTC_d0df6.dir/CheckSymbolExists.cxx.o
/usr/bin/c++    -I/usr/include/qt4   -o CMakeFiles/cmTC_d0df6.dir/CheckSymbolExists.cxx.o -c /home/crivac/robocomp/components/roboticaCC/chocachoca/CMakeFiles/CMakeTmp/CheckSymbolExists.cxx
Linking CXX executable cmTC_d0df6
/usr/bin/cmake -E cmake_link_script CMakeFiles/cmTC_d0df6.dir/link.txt --verbose=1
/usr/bin/c++        CMakeFiles/cmTC_d0df6.dir/CheckSymbolExists.cxx.o  -o cmTC_d0df6 -rdynamic 
make[1]: se sale del directorio '/home/crivac/robocomp/components/roboticaCC/chocachoca/CMakeFiles/CMakeTmp'

File /home/crivac/robocomp/components/roboticaCC/chocachoca/CMakeFiles/CMakeTmp/CheckSymbolExists.cxx:
/* */
#include <QtCore/qglobal.h>

int main(int argc, char** argv)
{
  (void)argv;
#ifndef Q_WS_X11
  return ((int*)(&Q_WS_X11))[argc];
#else
  (void)argc;
  return 0;
#endif
}

Determining if the Q_WS_X11 exist passed with the following output:
Change Dir: /home/crivac/robocomp/components/roboticaCC/chocachoca/CMakeFiles/CMakeTmp

Run Build Command:"/usr/bin/make" "cmTC_ba1b5/fast"
/usr/bin/make -f CMakeFiles/cmTC_ba1b5.dir/build.make CMakeFiles/cmTC_ba1b5.dir/build
make[1]: se entra en el directorio '/home/crivac/robocomp/components/roboticaCC/chocachoca/CMakeFiles/CMakeTmp'
Building CXX object CMakeFiles/cmTC_ba1b5.dir/CheckSymbolExists.cxx.o
/usr/bin/c++    -I/usr/include/qt4   -o CMakeFiles/cmTC_ba1b5.dir/CheckSymbolExists.cxx.o -c /home/crivac/robocomp/components/roboticaCC/chocachoca/CMakeFiles/CMakeTmp/CheckSymbolExists.cxx
Linking CXX executable cmTC_ba1b5
/usr/bin/cmake -E cmake_link_script CMakeFiles/cmTC_ba1b5.dir/link.txt --verbose=1
/usr/bin/c++        CMakeFiles/cmTC_ba1b5.dir/CheckSymbolExists.cxx.o  -o cmTC_ba1b5 -rdynamic 
make[1]: se sale del directorio '/home/crivac/robocomp/components/roboticaCC/chocachoca/CMakeFiles/CMakeTmp'

File /home/crivac/robocomp/components/roboticaCC/chocachoca/CMakeFiles/CMakeTmp/CheckSymbolExists.cxx:
/* */
#include <QtCore/qglobal.h>

int main(int argc, char** argv)
{
  (void)argv;
#ifndef Q_WS_X11
  return ((int*)(&Q_WS_X11))[argc];
#else
  (void)argc;
  return 0;
#endif
}

Determining if the Q_WS_X11 exist passed with the following output:
Change Dir: /home/crivac/robocomp/components/roboticaCC/chocachoca/CMakeFiles/CMakeTmp

Run Build Command:"/usr/bin/make" "cmTC_4a42f/fast"
/usr/bin/make -f CMakeFiles/cmTC_4a42f.dir/build.make CMakeFiles/cmTC_4a42f.dir/build
make[1]: se entra en el directorio '/home/crivac/robocomp/components/roboticaCC/chocachoca/CMakeFiles/CMakeTmp'
Building CXX object CMakeFiles/cmTC_4a42f.dir/CheckSymbolExists.cxx.o
/usr/bin/c++    -I/usr/include/qt4   -o CMakeFiles/cmTC_4a42f.dir/CheckSymbolExists.cxx.o -c /home/crivac/robocomp/components/roboticaCC/chocachoca/CMakeFiles/CMakeTmp/CheckSymbolExists.cxx
Linking CXX executable cmTC_4a42f
/usr/bin/cmake -E cmake_link_script CMakeFiles/cmTC_4a42f.dir/link.txt --verbose=1
/usr/bin/c++        CMakeFiles/cmTC_4a42f.dir/CheckSymbolExists.cxx.o  -o cmTC_4a42f -rdynamic 
make[1]: se sale del directorio '/home/crivac/robocomp/components/roboticaCC/chocachoca/CMakeFiles/CMakeTmp'

File /home/crivac/robocomp/components/roboticaCC/chocachoca/CMakeFiles/CMakeTmp/CheckSymbolExists.cxx:
/* */
#include <QtCore/qglobal.h>

int main(int argc, char** argv)
{
  (void)argv;
#ifndef Q_WS_X11
  return ((int*)(&Q_WS_X11))[argc];
#else
  (void)argc;
  return 0;
#endif
}

Determining if the Q_WS_X11 exist passed with the following output:
Change Dir: /home/crivac/robocomp/components/roboticaCC/chocachoca/CMakeFiles/CMakeTmp

Run Build Command:"/usr/bin/make" "cmTC_1e988/fast"
/usr/bin/make -f CMakeFiles/cmTC_1e988.dir/build.make CMakeFiles/cmTC_1e988.dir/build
make[1]: se entra en el directorio '/home/crivac/robocomp/components/roboticaCC/chocachoca/CMakeFiles/CMakeTmp'
Building CXX object CMakeFiles/cmTC_1e988.dir/CheckSymbolExists.cxx.o
/usr/bin/c++    -I/usr/include/qt4   -o CMakeFiles/cmTC_1e988.dir/CheckSymbolExists.cxx.o -c /home/crivac/robocomp/components/roboticaCC/chocachoca/CMakeFiles/CMakeTmp/CheckSymbolExists.cxx
Linking CXX executable cmTC_1e988
/usr/bin/cmake -E cmake_link_script CMakeFiles/cmTC_1e988.dir/link.txt --verbose=1
/usr/bin/c++        CMakeFiles/cmTC_1e988.dir/CheckSymbolExists.cxx.o  -o cmTC_1e988 -rdynamic 
make[1]: se sale del directorio '/home/crivac/robocomp/components/roboticaCC/chocachoca/CMakeFiles/CMakeTmp'

File /home/crivac/robocomp/components/roboticaCC/chocachoca/CMakeFiles/CMakeTmp/CheckSymbolExists.cxx:
/* */
#include <QtCore/qglobal.h>

int main(int argc, char** argv)
{
  (void)argv;
#ifndef Q_WS_X11
  return ((int*)(&Q_WS_X11))[argc];
#else
  (void)argc;
  return 0;
#endif
}

Determining if the Q_WS_X11 exist passed with the following output:
Change Dir: /home/crivac/robocomp/components/roboticaCC/chocachoca/CMakeFiles/CMakeTmp

Run Build Command:"/usr/bin/make" "cmTC_312c6/fast"
/usr/bin/make -f CMakeFiles/cmTC_312c6.dir/build.make CMakeFiles/cmTC_312c6.dir/build
make[1]: se entra en el directorio '/home/crivac/robocomp/components/roboticaCC/chocachoca/CMakeFiles/CMakeTmp'
Building CXX object CMakeFiles/cmTC_312c6.dir/CheckSymbolExists.cxx.o
/usr/bin/c++    -I/usr/include/qt4   -o CMakeFiles/cmTC_312c6.dir/CheckSymbolExists.cxx.o -c /home/crivac/robocomp/components/roboticaCC/chocachoca/CMakeFiles/CMakeTmp/CheckSymbolExists.cxx
Linking CXX executable cmTC_312c6
/usr/bin/cmake -E cmake_link_script CMakeFiles/cmTC_312c6.dir/link.txt --verbose=1
/usr/bin/c++        CMakeFiles/cmTC_312c6.dir/CheckSymbolExists.cxx.o  -o cmTC_312c6 -rdynamic 
make[1]: se sale del directorio '/home/crivac/robocomp/components/roboticaCC/chocachoca/CMakeFiles/CMakeTmp'

File /home/crivac/robocomp/components/roboticaCC/chocachoca/CMakeFiles/CMakeTmp/CheckSymbolExists.cxx:
/* */
#include <QtCore/qglobal.h>

int main(int argc, char** argv)
{
  (void)argv;
#ifndef Q_WS_X11
  return ((int*)(&Q_WS_X11))[argc];
#else
  (void)argc;
  return 0;
#endif
}

Determining if the Q_WS_X11 exist passed with the following output:
Change Dir: /home/crivac/robocomp/components/roboticaCC/chocachoca/CMakeFiles/CMakeTmp

Run Build Command:"/usr/bin/make" "cmTC_b0efd/fast"
/usr/bin/make -f CMakeFiles/cmTC_b0efd.dir/build.make CMakeFiles/cmTC_b0efd.dir/build
make[1]: se entra en el directorio '/home/crivac/robocomp/components/roboticaCC/chocachoca/CMakeFiles/CMakeTmp'
Building CXX object CMakeFiles/cmTC_b0efd.dir/CheckSymbolExists.cxx.o
/usr/bin/c++    -I/usr/include/qt4   -o CMakeFiles/cmTC_b0efd.dir/CheckSymbolExists.cxx.o -c /home/crivac/robocomp/components/roboticaCC/chocachoca/CMakeFiles/CMakeTmp/CheckSymbolExists.cxx
Linking CXX executable cmTC_b0efd
/usr/bin/cmake -E cmake_link_script CMakeFiles/cmTC_b0efd.dir/link.txt --verbose=1
/usr/bin/c++        CMakeFiles/cmTC_b0efd.dir/CheckSymbolExists.cxx.o  -o cmTC_b0efd -rdynamic 
make[1]: se sale del directorio '/home/crivac/robocomp/components/roboticaCC/chocachoca/CMakeFiles/CMakeTmp'

File /home/crivac/robocomp/components/roboticaCC/chocachoca/CMakeFiles/CMakeTmp/CheckSymbolExists.cxx:
/* */
#include <QtCore/qglobal.h>

int main(int argc, char** argv)
{
  (void)argv;
#ifndef Q_WS_X11
  return ((int*)(&Q_WS_X11))[argc];
#else
  (void)argc;
  return 0;
#endif
}

Determining if the Q_WS_X11 exist passed with the following output:
Change Dir: /home/crivac/robocomp/components/roboticaCC/chocachoca/CMakeFiles/CMakeTmp

Run Build Command:"/usr/bin/make" "cmTC_9aa61/fast"
/usr/bin/make -f CMakeFiles/cmTC_9aa61.dir/build.make CMakeFiles/cmTC_9aa61.dir/build
make[1]: se entra en el directorio '/home/crivac/robocomp/components/roboticaCC/chocachoca/CMakeFiles/CMakeTmp'
Building CXX object CMakeFiles/cmTC_9aa61.dir/CheckSymbolExists.cxx.o
/usr/bin/c++    -I/usr/include/qt4   -o CMakeFiles/cmTC_9aa61.dir/CheckSymbolExists.cxx.o -c /home/crivac/robocomp/components/roboticaCC/chocachoca/CMakeFiles/CMakeTmp/CheckSymbolExists.cxx
Linking CXX executable cmTC_9aa61
/usr/bin/cmake -E cmake_link_script CMakeFiles/cmTC_9aa61.dir/link.txt --verbose=1
/usr/bin/c++        CMakeFiles/cmTC_9aa61.dir/CheckSymbolExists.cxx.o  -o cmTC_9aa61 -rdynamic 
make[1]: se sale del directorio '/home/crivac/robocomp/components/roboticaCC/chocachoca/CMakeFiles/CMakeTmp'

File /home/crivac/robocomp/components/roboticaCC/chocachoca/CMakeFiles/CMakeTmp/CheckSymbolExists.cxx:
/* */
#include <QtCore/qglobal.h>

int main(int argc, char** argv)
{
  (void)argv;
#ifndef Q_WS_X11
  return ((int*)(&Q_WS_X11))[argc];
#else
  (void)argc;
  return 0;
#endif
}

Determining if the Q_WS_X11 exist passed with the following output:
Change Dir: /home/crivac/robocomp/components/roboticaCC/chocachoca/CMakeFiles/CMakeTmp

Run Build Command:"/usr/bin/make" "cmTC_376b8/fast"
/usr/bin/make -f CMakeFiles/cmTC_376b8.dir/build.make CMakeFiles/cmTC_376b8.dir/build
make[1]: se entra en el directorio '/home/crivac/robocomp/components/roboticaCC/chocachoca/CMakeFiles/CMakeTmp'
Building CXX object CMakeFiles/cmTC_376b8.dir/CheckSymbolExists.cxx.o
/usr/bin/c++    -I/usr/include/qt4   -o CMakeFiles/cmTC_376b8.dir/CheckSymbolExists.cxx.o -c /home/crivac/robocomp/components/roboticaCC/chocachoca/CMakeFiles/CMakeTmp/CheckSymbolExists.cxx
Linking CXX executable cmTC_376b8
/usr/bin/cmake -E cmake_link_script CMakeFiles/cmTC_376b8.dir/link.txt --verbose=1
/usr/bin/c++        CMakeFiles/cmTC_376b8.dir/CheckSymbolExists.cxx.o  -o cmTC_376b8 -rdynamic 
make[1]: se sale del directorio '/home/crivac/robocomp/components/roboticaCC/chocachoca/CMakeFiles/CMakeTmp'

File /home/crivac/robocomp/components/roboticaCC/chocachoca/CMakeFiles/CMakeTmp/CheckSymbolExists.cxx:
/* */
#include <QtCore/qglobal.h>

int main(int argc, char** argv)
{
  (void)argv;
#ifndef Q_WS_X11
  return ((int*)(&Q_WS_X11))[argc];
#else
  (void)argc;
  return 0;
#endif
}

Determining if the Q_WS_X11 exist passed with the following output:
Change Dir: /home/crivac/robocomp/components/roboticaCC/chocachoca/CMakeFiles/CMakeTmp

Run Build Command:"/usr/bin/make" "cmTC_e8873/fast"
/usr/bin/make -f CMakeFiles/cmTC_e8873.dir/build.make CMakeFiles/cmTC_e8873.dir/build
make[1]: se entra en el directorio '/home/crivac/robocomp/components/roboticaCC/chocachoca/CMakeFiles/CMakeTmp'
Building CXX object CMakeFiles/cmTC_e8873.dir/CheckSymbolExists.cxx.o
/usr/bin/c++    -I/usr/include/qt4   -o CMakeFiles/cmTC_e8873.dir/CheckSymbolExists.cxx.o -c /home/crivac/robocomp/components/roboticaCC/chocachoca/CMakeFiles/CMakeTmp/CheckSymbolExists.cxx
Linking CXX executable cmTC_e8873
/usr/bin/cmake -E cmake_link_script CMakeFiles/cmTC_e8873.dir/link.txt --verbose=1
/usr/bin/c++        CMakeFiles/cmTC_e8873.dir/CheckSymbolExists.cxx.o  -o cmTC_e8873 -rdynamic 
make[1]: se sale del directorio '/home/crivac/robocomp/components/roboticaCC/chocachoca/CMakeFiles/CMakeTmp'

File /home/crivac/robocomp/components/roboticaCC/chocachoca/CMakeFiles/CMakeTmp/CheckSymbolExists.cxx:
/* */
#include <QtCore/qglobal.h>

int main(int argc, char** argv)
{
  (void)argv;
#ifndef Q_WS_X11
  return ((int*)(&Q_WS_X11))[argc];
#else
  (void)argc;
  return 0;
#endif
}

Determining if the Q_WS_X11 exist passed with the following output:
Change Dir: /home/crivac/robocomp/components/roboticaCC/chocachoca/CMakeFiles/CMakeTmp

Run Build Command:"/usr/bin/make" "cmTC_c32bf/fast"
/usr/bin/make -f CMakeFiles/cmTC_c32bf.dir/build.make CMakeFiles/cmTC_c32bf.dir/build
make[1]: se entra en el directorio '/home/crivac/robocomp/components/roboticaCC/chocachoca/CMakeFiles/CMakeTmp'
Building CXX object CMakeFiles/cmTC_c32bf.dir/CheckSymbolExists.cxx.o
/usr/bin/c++    -I/usr/include/qt4   -o CMakeFiles/cmTC_c32bf.dir/CheckSymbolExists.cxx.o -c /home/crivac/robocomp/components/roboticaCC/chocachoca/CMakeFiles/CMakeTmp/CheckSymbolExists.cxx
Linking CXX executable cmTC_c32bf
/usr/bin/cmake -E cmake_link_script CMakeFiles/cmTC_c32bf.dir/link.txt --verbose=1
/usr/bin/c++        CMakeFiles/cmTC_c32bf.dir/CheckSymbolExists.cxx.o  -o cmTC_c32bf -rdynamic 
make[1]: se sale del directorio '/home/crivac/robocomp/components/roboticaCC/chocachoca/CMakeFiles/CMakeTmp'

File /home/crivac/robocomp/components/roboticaCC/chocachoca/CMakeFiles/CMakeTmp/CheckSymbolExists.cxx:
/* */
#include <QtCore/qglobal.h>

int main(int argc, char** argv)
{
  (void)argv;
#ifndef Q_WS_X11
  return ((int*)(&Q_WS_X11))[argc];
#else
  (void)argc;
  return 0;
#endif
}

Determining if the Q_WS_X11 exist passed with the following output:
Change Dir: /home/crivac/robocomp/components/roboticaCC/chocachoca/CMakeFiles/CMakeTmp

Run Build Command:"/usr/bin/make" "cmTC_c4745/fast"
/usr/bin/make -f CMakeFiles/cmTC_c4745.dir/build.make CMakeFiles/cmTC_c4745.dir/build
make[1]: se entra en el directorio '/home/crivac/robocomp/components/roboticaCC/chocachoca/CMakeFiles/CMakeTmp'
Building CXX object CMakeFiles/cmTC_c4745.dir/CheckSymbolExists.cxx.o
/usr/bin/c++    -I/usr/include/qt4   -o CMakeFiles/cmTC_c4745.dir/CheckSymbolExists.cxx.o -c /home/crivac/robocomp/components/roboticaCC/chocachoca/CMakeFiles/CMakeTmp/CheckSymbolExists.cxx
Linking CXX executable cmTC_c4745
/usr/bin/cmake -E cmake_link_script CMakeFiles/cmTC_c4745.dir/link.txt --verbose=1
/usr/bin/c++        CMakeFiles/cmTC_c4745.dir/CheckSymbolExists.cxx.o  -o cmTC_c4745 -rdynamic 
make[1]: se sale del directorio '/home/crivac/robocomp/components/roboticaCC/chocachoca/CMakeFiles/CMakeTmp'

File /home/crivac/robocomp/components/roboticaCC/chocachoca/CMakeFiles/CMakeTmp/CheckSymbolExists.cxx:
/* */
#include <QtCore/qglobal.h>

int main(int argc, char** argv)
{
  (void)argv;
#ifndef Q_WS_X11
  return ((int*)(&Q_WS_X11))[argc];
#else
  (void)argc;
  return 0;
#endif
}

Determining if the Q_WS_X11 exist passed with the following output:
Change Dir: /home/crivac/robocomp/components/roboticaCC/chocachoca/CMakeFiles/CMakeTmp

Run Build Command:"/usr/bin/make" "cmTC_5cb97/fast"
/usr/bin/make -f CMakeFiles/cmTC_5cb97.dir/build.make CMakeFiles/cmTC_5cb97.dir/build
make[1]: se entra en el directorio '/home/crivac/robocomp/components/roboticaCC/chocachoca/CMakeFiles/CMakeTmp'
Building CXX object CMakeFiles/cmTC_5cb97.dir/CheckSymbolExists.cxx.o
/usr/bin/c++    -I/usr/include/qt4   -o CMakeFiles/cmTC_5cb97.dir/CheckSymbolExists.cxx.o -c /home/crivac/robocomp/components/roboticaCC/chocachoca/CMakeFiles/CMakeTmp/CheckSymbolExists.cxx
Linking CXX executable cmTC_5cb97
/usr/bin/cmake -E cmake_link_script CMakeFiles/cmTC_5cb97.dir/link.txt --verbose=1
/usr/bin/c++        CMakeFiles/cmTC_5cb97.dir/CheckSymbolExists.cxx.o  -o cmTC_5cb97 -rdynamic 
make[1]: se sale del directorio '/home/crivac/robocomp/components/roboticaCC/chocachoca/CMakeFiles/CMakeTmp'

File /home/crivac/robocomp/components/roboticaCC/chocachoca/CMakeFiles/CMakeTmp/CheckSymbolExists.cxx:
/* */
#include <QtCore/qglobal.h>

int main(int argc, char** argv)
{
  (void)argv;
#ifndef Q_WS_X11
  return ((int*)(&Q_WS_X11))[argc];
#else
  (void)argc;
  return 0;
#endif
}

Determining if the Q_WS_X11 exist passed with the following output:
Change Dir: /home/crivac/robocomp/components/roboticaCC/chocachoca/CMakeFiles/CMakeTmp

Run Build Command:"/usr/bin/make" "cmTC_2211a/fast"
/usr/bin/make -f CMakeFiles/cmTC_2211a.dir/build.make CMakeFiles/cmTC_2211a.dir/build
make[1]: se entra en el directorio '/home/crivac/robocomp/components/roboticaCC/chocachoca/CMakeFiles/CMakeTmp'
Building CXX object CMakeFiles/cmTC_2211a.dir/CheckSymbolExists.cxx.o
/usr/bin/c++    -I/usr/include/qt4   -o CMakeFiles/cmTC_2211a.dir/CheckSymbolExists.cxx.o -c /home/crivac/robocomp/components/roboticaCC/chocachoca/CMakeFiles/CMakeTmp/CheckSymbolExists.cxx
Linking CXX executable cmTC_2211a
/usr/bin/cmake -E cmake_link_script CMakeFiles/cmTC_2211a.dir/link.txt --verbose=1
/usr/bin/c++        CMakeFiles/cmTC_2211a.dir/CheckSymbolExists.cxx.o  -o cmTC_2211a -rdynamic 
make[1]: se sale del directorio '/home/crivac/robocomp/components/roboticaCC/chocachoca/CMakeFiles/CMakeTmp'

File /home/crivac/robocomp/components/roboticaCC/chocachoca/CMakeFiles/CMakeTmp/CheckSymbolExists.cxx:
/* */
#include <QtCore/qglobal.h>

int main(int argc, char** argv)
{
  (void)argv;
#ifndef Q_WS_X11
  return ((int*)(&Q_WS_X11))[argc];
#else
  (void)argc;
  return 0;
#endif
}

Determining if the Q_WS_X11 exist passed with the following output:
Change Dir: /home/salabeta/robocomp/components/roboticaCC/chocachoca/CMakeFiles/CMakeTmp

Run Build Command:"/usr/bin/make" "cmTC_99e2c/fast"
/usr/bin/make -f CMakeFiles/cmTC_99e2c.dir/build.make CMakeFiles/cmTC_99e2c.dir/build
make[1]: se entra en el directorio '/home/salabeta/robocomp/components/roboticaCC/chocachoca/CMakeFiles/CMakeTmp'
Building CXX object CMakeFiles/cmTC_99e2c.dir/CheckSymbolExists.cxx.o
/usr/bin/c++    -I/usr/include/qt4   -o CMakeFiles/cmTC_99e2c.dir/CheckSymbolExists.cxx.o -c /home/salabeta/robocomp/components/roboticaCC/chocachoca/CMakeFiles/CMakeTmp/CheckSymbolExists.cxx
Linking CXX executable cmTC_99e2c
/usr/bin/cmake -E cmake_link_script CMakeFiles/cmTC_99e2c.dir/link.txt --verbose=1
/usr/bin/c++        CMakeFiles/cmTC_99e2c.dir/CheckSymbolExists.cxx.o  -o cmTC_99e2c -rdynamic 
make[1]: se sale del directorio '/home/salabeta/robocomp/components/roboticaCC/chocachoca/CMakeFiles/CMakeTmp'

File /home/salabeta/robocomp/components/roboticaCC/chocachoca/CMakeFiles/CMakeTmp/CheckSymbolExists.cxx:
/* */
#include <QtCore/qglobal.h>

int main(int argc, char** argv)
{
  (void)argv;
#ifndef Q_WS_X11
  return ((int*)(&Q_WS_X11))[argc];
#else
  (void)argc;
  return 0;
#endif
}

Determining if the Q_WS_X11 exist passed with the following output:
Change Dir: /home/salabeta/robocomp/components/roboticaCC/chocachoca/CMakeFiles/CMakeTmp

Run Build Command:"/usr/bin/make" "cmTC_71000/fast"
/usr/bin/make -f CMakeFiles/cmTC_71000.dir/build.make CMakeFiles/cmTC_71000.dir/build
make[1]: se entra en el directorio '/home/salabeta/robocomp/components/roboticaCC/chocachoca/CMakeFiles/CMakeTmp'
Building CXX object CMakeFiles/cmTC_71000.dir/CheckSymbolExists.cxx.o
/usr/bin/c++    -I/usr/include/qt4   -o CMakeFiles/cmTC_71000.dir/CheckSymbolExists.cxx.o -c /home/salabeta/robocomp/components/roboticaCC/chocachoca/CMakeFiles/CMakeTmp/CheckSymbolExists.cxx
Linking CXX executable cmTC_71000
/usr/bin/cmake -E cmake_link_script CMakeFiles/cmTC_71000.dir/link.txt --verbose=1
/usr/bin/c++        CMakeFiles/cmTC_71000.dir/CheckSymbolExists.cxx.o  -o cmTC_71000 -rdynamic 
make[1]: se sale del directorio '/home/salabeta/robocomp/components/roboticaCC/chocachoca/CMakeFiles/CMakeTmp'

File /home/salabeta/robocomp/components/roboticaCC/chocachoca/CMakeFiles/CMakeTmp/CheckSymbolExists.cxx:
/* */
#include <QtCore/qglobal.h>

int main(int argc, char** argv)
{
  (void)argv;
#ifndef Q_WS_X11
  return ((int*)(&Q_WS_X11))[argc];
#else
  (void)argc;
  return 0;
#endif
}

Determining if the Q_WS_X11 exist passed with the following output:
Change Dir: /home/salabeta/robocomp/components/roboticaCC/chocachoca/CMakeFiles/CMakeTmp

Run Build Command:"/usr/bin/make" "cmTC_7d12a/fast"
/usr/bin/make -f CMakeFiles/cmTC_7d12a.dir/build.make CMakeFiles/cmTC_7d12a.dir/build
make[1]: se entra en el directorio '/home/salabeta/robocomp/components/roboticaCC/chocachoca/CMakeFiles/CMakeTmp'
Building CXX object CMakeFiles/cmTC_7d12a.dir/CheckSymbolExists.cxx.o
/usr/bin/c++    -I/usr/include/qt4   -o CMakeFiles/cmTC_7d12a.dir/CheckSymbolExists.cxx.o -c /home/salabeta/robocomp/components/roboticaCC/chocachoca/CMakeFiles/CMakeTmp/CheckSymbolExists.cxx
Linking CXX executable cmTC_7d12a
/usr/bin/cmake -E cmake_link_script CMakeFiles/cmTC_7d12a.dir/link.txt --verbose=1
/usr/bin/c++        CMakeFiles/cmTC_7d12a.dir/CheckSymbolExists.cxx.o  -o cmTC_7d12a -rdynamic 
make[1]: se sale del directorio '/home/salabeta/robocomp/components/roboticaCC/chocachoca/CMakeFiles/CMakeTmp'

File /home/salabeta/robocomp/components/roboticaCC/chocachoca/CMakeFiles/CMakeTmp/CheckSymbolExists.cxx:
/* */
#include <QtCore/qglobal.h>

int main(int argc, char** argv)
{
  (void)argv;
#ifndef Q_WS_X11
  return ((int*)(&Q_WS_X11))[argc];
#else
  (void)argc;
  return 0;
#endif
}

Determining if the Q_WS_X11 exist passed with the following output:
Change Dir: /home/salabeta/robocomp/components/roboticaCC/chocachoca/CMakeFiles/CMakeTmp

Run Build Command:"/usr/bin/make" "cmTC_46adb/fast"
/usr/bin/make -f CMakeFiles/cmTC_46adb.dir/build.make CMakeFiles/cmTC_46adb.dir/build
make[1]: se entra en el directorio '/home/salabeta/robocomp/components/roboticaCC/chocachoca/CMakeFiles/CMakeTmp'
Building CXX object CMakeFiles/cmTC_46adb.dir/CheckSymbolExists.cxx.o
/usr/bin/c++    -I/usr/include/qt4   -o CMakeFiles/cmTC_46adb.dir/CheckSymbolExists.cxx.o -c /home/salabeta/robocomp/components/roboticaCC/chocachoca/CMakeFiles/CMakeTmp/CheckSymbolExists.cxx
Linking CXX executable cmTC_46adb
/usr/bin/cmake -E cmake_link_script CMakeFiles/cmTC_46adb.dir/link.txt --verbose=1
/usr/bin/c++        CMakeFiles/cmTC_46adb.dir/CheckSymbolExists.cxx.o  -o cmTC_46adb -rdynamic 
make[1]: se sale del directorio '/home/salabeta/robocomp/components/roboticaCC/chocachoca/CMakeFiles/CMakeTmp'

File /home/salabeta/robocomp/components/roboticaCC/chocachoca/CMakeFiles/CMakeTmp/CheckSymbolExists.cxx:
/* */
#include <QtCore/qglobal.h>

int main(int argc, char** argv)
{
  (void)argv;
#ifndef Q_WS_X11
  return ((int*)(&Q_WS_X11))[argc];
#else
  (void)argc;
  return 0;
#endif
}

Determining if the Q_WS_X11 exist passed with the following output:
Change Dir: /home/salabeta/robocomp/components/roboticaCC/chocachoca/CMakeFiles/CMakeTmp

Run Build Command:"/usr/bin/make" "cmTC_e294f/fast"
/usr/bin/make -f CMakeFiles/cmTC_e294f.dir/build.make CMakeFiles/cmTC_e294f.dir/build
make[1]: se entra en el directorio '/home/salabeta/robocomp/components/roboticaCC/chocachoca/CMakeFiles/CMakeTmp'
Building CXX object CMakeFiles/cmTC_e294f.dir/CheckSymbolExists.cxx.o
/usr/bin/c++    -I/usr/include/qt4   -o CMakeFiles/cmTC_e294f.dir/CheckSymbolExists.cxx.o -c /home/salabeta/robocomp/components/roboticaCC/chocachoca/CMakeFiles/CMakeTmp/CheckSymbolExists.cxx
Linking CXX executable cmTC_e294f
/usr/bin/cmake -E cmake_link_script CMakeFiles/cmTC_e294f.dir/link.txt --verbose=1
/usr/bin/c++        CMakeFiles/cmTC_e294f.dir/CheckSymbolExists.cxx.o  -o cmTC_e294f -rdynamic 
make[1]: se sale del directorio '/home/salabeta/robocomp/components/roboticaCC/chocachoca/CMakeFiles/CMakeTmp'

File /home/salabeta/robocomp/components/roboticaCC/chocachoca/CMakeFiles/CMakeTmp/CheckSymbolExists.cxx:
/* */
#include <QtCore/qglobal.h>

int main(int argc, char** argv)
{
  (void)argv;
#ifndef Q_WS_X11
  return ((int*)(&Q_WS_X11))[argc];
#else
  (void)argc;
  return 0;
#endif
}

Determining if the Q_WS_X11 exist passed with the following output:
Change Dir: /home/salabeta/robocomp/components/roboticaCC/chocachoca/CMakeFiles/CMakeTmp

Run Build Command:"/usr/bin/make" "cmTC_45c27/fast"
/usr/bin/make -f CMakeFiles/cmTC_45c27.dir/build.make CMakeFiles/cmTC_45c27.dir/build
make[1]: se entra en el directorio '/home/salabeta/robocomp/components/roboticaCC/chocachoca/CMakeFiles/CMakeTmp'
Building CXX object CMakeFiles/cmTC_45c27.dir/CheckSymbolExists.cxx.o
/usr/bin/c++    -I/usr/include/qt4   -o CMakeFiles/cmTC_45c27.dir/CheckSymbolExists.cxx.o -c /home/salabeta/robocomp/components/roboticaCC/chocachoca/CMakeFiles/CMakeTmp/CheckSymbolExists.cxx
Linking CXX executable cmTC_45c27
/usr/bin/cmake -E cmake_link_script CMakeFiles/cmTC_45c27.dir/link.txt --verbose=1
/usr/bin/c++        CMakeFiles/cmTC_45c27.dir/CheckSymbolExists.cxx.o  -o cmTC_45c27 -rdynamic 
make[1]: se sale del directorio '/home/salabeta/robocomp/components/roboticaCC/chocachoca/CMakeFiles/CMakeTmp'

File /home/salabeta/robocomp/components/roboticaCC/chocachoca/CMakeFiles/CMakeTmp/CheckSymbolExists.cxx:
/* */
#include <QtCore/qglobal.h>

int main(int argc, char** argv)
{
  (void)argv;
#ifndef Q_WS_X11
  return ((int*)(&Q_WS_X11))[argc];
#else
  (void)argc;
  return 0;
#endif
}

