Determining if the Q_WS_WIN exist failed with the following output:
Change Dir: /home/cristina/robocomp/components/roboticaCC/chocachoca/src/CMakeFiles/CMakeTmp

Run Build Command:"/usr/bin/make" "cmTC_6b848/fast"
/usr/bin/make -f CMakeFiles/cmTC_6b848.dir/build.make CMakeFiles/cmTC_6b848.dir/build
make[1]: se entra en el directorio '/home/cristina/robocomp/components/roboticaCC/chocachoca/src/CMakeFiles/CMakeTmp'
Building CXX object CMakeFiles/cmTC_6b848.dir/CheckSymbolExists.cxx.o
/usr/bin/c++    -I/usr/include/qt4   -o CMakeFiles/cmTC_6b848.dir/CheckSymbolExists.cxx.o -c /home/cristina/robocomp/components/roboticaCC/chocachoca/src/CMakeFiles/CMakeTmp/CheckSymbolExists.cxx
/home/cristina/robocomp/components/roboticaCC/chocachoca/src/CMakeFiles/CMakeTmp/CheckSymbolExists.cxx: In function ‘int main(int, char**)’:
/home/cristina/robocomp/components/roboticaCC/chocachoca/src/CMakeFiles/CMakeTmp/CheckSymbolExists.cxx:8:19: error: ‘Q_WS_WIN’ was not declared in this scope
   return ((int*)(&Q_WS_WIN))[argc];
                   ^
CMakeFiles/cmTC_6b848.dir/build.make:65: fallo en las instrucciones para el objetivo 'CMakeFiles/cmTC_6b848.dir/CheckSymbolExists.cxx.o'
make[1]: *** [CMakeFiles/cmTC_6b848.dir/CheckSymbolExists.cxx.o] Error 1
make[1]: se sale del directorio '/home/cristina/robocomp/components/roboticaCC/chocachoca/src/CMakeFiles/CMakeTmp'
Makefile:126: fallo en las instrucciones para el objetivo 'cmTC_6b848/fast'
make: *** [cmTC_6b848/fast] Error 2

File /home/cristina/robocomp/components/roboticaCC/chocachoca/src/CMakeFiles/CMakeTmp/CheckSymbolExists.cxx:
/* */
#include <QtCore/qglobal.h>

int main(int argc, char** argv)
{
  (void)argv;
#ifndef Q_WS_WIN
  return ((int*)(&Q_WS_WIN))[argc];
#else
  (void)argc;
  return 0;
#endif
}

Determining if the Q_WS_QWS exist failed with the following output:
Change Dir: /home/cristina/robocomp/components/roboticaCC/chocachoca/src/CMakeFiles/CMakeTmp

Run Build Command:"/usr/bin/make" "cmTC_2ab2d/fast"
/usr/bin/make -f CMakeFiles/cmTC_2ab2d.dir/build.make CMakeFiles/cmTC_2ab2d.dir/build
make[1]: se entra en el directorio '/home/cristina/robocomp/components/roboticaCC/chocachoca/src/CMakeFiles/CMakeTmp'
Building CXX object CMakeFiles/cmTC_2ab2d.dir/CheckSymbolExists.cxx.o
/usr/bin/c++    -I/usr/include/qt4   -o CMakeFiles/cmTC_2ab2d.dir/CheckSymbolExists.cxx.o -c /home/cristina/robocomp/components/roboticaCC/chocachoca/src/CMakeFiles/CMakeTmp/CheckSymbolExists.cxx
/home/cristina/robocomp/components/roboticaCC/chocachoca/src/CMakeFiles/CMakeTmp/CheckSymbolExists.cxx: In function ‘int main(int, char**)’:
/home/cristina/robocomp/components/roboticaCC/chocachoca/src/CMakeFiles/CMakeTmp/CheckSymbolExists.cxx:8:19: error: ‘Q_WS_QWS’ was not declared in this scope
   return ((int*)(&Q_WS_QWS))[argc];
                   ^
CMakeFiles/cmTC_2ab2d.dir/build.make:65: fallo en las instrucciones para el objetivo 'CMakeFiles/cmTC_2ab2d.dir/CheckSymbolExists.cxx.o'
make[1]: *** [CMakeFiles/cmTC_2ab2d.dir/CheckSymbolExists.cxx.o] Error 1
make[1]: se sale del directorio '/home/cristina/robocomp/components/roboticaCC/chocachoca/src/CMakeFiles/CMakeTmp'
Makefile:126: fallo en las instrucciones para el objetivo 'cmTC_2ab2d/fast'
make: *** [cmTC_2ab2d/fast] Error 2

File /home/cristina/robocomp/components/roboticaCC/chocachoca/src/CMakeFiles/CMakeTmp/CheckSymbolExists.cxx:
/* */
#include <QtCore/qglobal.h>

int main(int argc, char** argv)
{
  (void)argv;
#ifndef Q_WS_QWS
  return ((int*)(&Q_WS_QWS))[argc];
#else
  (void)argc;
  return 0;
#endif
}

Determining if the Q_WS_MAC exist failed with the following output:
Change Dir: /home/cristina/robocomp/components/roboticaCC/chocachoca/src/CMakeFiles/CMakeTmp

Run Build Command:"/usr/bin/make" "cmTC_7588a/fast"
/usr/bin/make -f CMakeFiles/cmTC_7588a.dir/build.make CMakeFiles/cmTC_7588a.dir/build
make[1]: se entra en el directorio '/home/cristina/robocomp/components/roboticaCC/chocachoca/src/CMakeFiles/CMakeTmp'
Building CXX object CMakeFiles/cmTC_7588a.dir/CheckSymbolExists.cxx.o
/usr/bin/c++    -I/usr/include/qt4   -o CMakeFiles/cmTC_7588a.dir/CheckSymbolExists.cxx.o -c /home/cristina/robocomp/components/roboticaCC/chocachoca/src/CMakeFiles/CMakeTmp/CheckSymbolExists.cxx
/home/cristina/robocomp/components/roboticaCC/chocachoca/src/CMakeFiles/CMakeTmp/CheckSymbolExists.cxx: In function ‘int main(int, char**)’:
/home/cristina/robocomp/components/roboticaCC/chocachoca/src/CMakeFiles/CMakeTmp/CheckSymbolExists.cxx:8:19: error: ‘Q_WS_MAC’ was not declared in this scope
   return ((int*)(&Q_WS_MAC))[argc];
                   ^
CMakeFiles/cmTC_7588a.dir/build.make:65: fallo en las instrucciones para el objetivo 'CMakeFiles/cmTC_7588a.dir/CheckSymbolExists.cxx.o'
make[1]: *** [CMakeFiles/cmTC_7588a.dir/CheckSymbolExists.cxx.o] Error 1
make[1]: se sale del directorio '/home/cristina/robocomp/components/roboticaCC/chocachoca/src/CMakeFiles/CMakeTmp'
Makefile:126: fallo en las instrucciones para el objetivo 'cmTC_7588a/fast'
make: *** [cmTC_7588a/fast] Error 2

File /home/cristina/robocomp/components/roboticaCC/chocachoca/src/CMakeFiles/CMakeTmp/CheckSymbolExists.cxx:
/* */
#include <QtCore/qglobal.h>

int main(int argc, char** argv)
{
  (void)argv;
#ifndef Q_WS_MAC
  return ((int*)(&Q_WS_MAC))[argc];
#else
  (void)argc;
  return 0;
#endif
}

