Determining if the Q_WS_WIN exist failed with the following output:
Change Dir: /home/salabeta/robocomp/components/roboticaCC/supervisor/CMakeFiles/CMakeTmp

Run Build Command:"/usr/bin/make" "cmTC_ebc24/fast"
/usr/bin/make -f CMakeFiles/cmTC_ebc24.dir/build.make CMakeFiles/cmTC_ebc24.dir/build
make[1]: se entra en el directorio '/home/salabeta/robocomp/components/roboticaCC/supervisor/CMakeFiles/CMakeTmp'
Building CXX object CMakeFiles/cmTC_ebc24.dir/CheckSymbolExists.cxx.o
/usr/bin/c++    -I/usr/include/qt4   -o CMakeFiles/cmTC_ebc24.dir/CheckSymbolExists.cxx.o -c /home/salabeta/robocomp/components/roboticaCC/supervisor/CMakeFiles/CMakeTmp/CheckSymbolExists.cxx
/home/salabeta/robocomp/components/roboticaCC/supervisor/CMakeFiles/CMakeTmp/CheckSymbolExists.cxx: In function ‘int main(int, char**)’:
/home/salabeta/robocomp/components/roboticaCC/supervisor/CMakeFiles/CMakeTmp/CheckSymbolExists.cxx:8:19: error: ‘Q_WS_WIN’ was not declared in this scope
   return ((int*)(&Q_WS_WIN))[argc];
                   ^
CMakeFiles/cmTC_ebc24.dir/build.make:65: fallo en las instrucciones para el objetivo 'CMakeFiles/cmTC_ebc24.dir/CheckSymbolExists.cxx.o'
make[1]: *** [CMakeFiles/cmTC_ebc24.dir/CheckSymbolExists.cxx.o] Error 1
make[1]: se sale del directorio '/home/salabeta/robocomp/components/roboticaCC/supervisor/CMakeFiles/CMakeTmp'
Makefile:126: fallo en las instrucciones para el objetivo 'cmTC_ebc24/fast'
make: *** [cmTC_ebc24/fast] Error 2

File /home/salabeta/robocomp/components/roboticaCC/supervisor/CMakeFiles/CMakeTmp/CheckSymbolExists.cxx:
/* */
#include <QtCore/qglobal.h>

int main(int argc, char** argv)
{
  (void)argv;
#ifndef Q_WS_WIN
  return ((int*)(&Q_WS_WIN))[argc];
#else
  (void)argc;
  return 0;
#endif
}

Determining if the Q_WS_QWS exist failed with the following output:
Change Dir: /home/salabeta/robocomp/components/roboticaCC/supervisor/CMakeFiles/CMakeTmp

Run Build Command:"/usr/bin/make" "cmTC_03f3c/fast"
/usr/bin/make -f CMakeFiles/cmTC_03f3c.dir/build.make CMakeFiles/cmTC_03f3c.dir/build
make[1]: se entra en el directorio '/home/salabeta/robocomp/components/roboticaCC/supervisor/CMakeFiles/CMakeTmp'
Building CXX object CMakeFiles/cmTC_03f3c.dir/CheckSymbolExists.cxx.o
/usr/bin/c++    -I/usr/include/qt4   -o CMakeFiles/cmTC_03f3c.dir/CheckSymbolExists.cxx.o -c /home/salabeta/robocomp/components/roboticaCC/supervisor/CMakeFiles/CMakeTmp/CheckSymbolExists.cxx
/home/salabeta/robocomp/components/roboticaCC/supervisor/CMakeFiles/CMakeTmp/CheckSymbolExists.cxx: In function ‘int main(int, char**)’:
/home/salabeta/robocomp/components/roboticaCC/supervisor/CMakeFiles/CMakeTmp/CheckSymbolExists.cxx:8:19: error: ‘Q_WS_QWS’ was not declared in this scope
   return ((int*)(&Q_WS_QWS))[argc];
                   ^
CMakeFiles/cmTC_03f3c.dir/build.make:65: fallo en las instrucciones para el objetivo 'CMakeFiles/cmTC_03f3c.dir/CheckSymbolExists.cxx.o'
make[1]: *** [CMakeFiles/cmTC_03f3c.dir/CheckSymbolExists.cxx.o] Error 1
make[1]: se sale del directorio '/home/salabeta/robocomp/components/roboticaCC/supervisor/CMakeFiles/CMakeTmp'
Makefile:126: fallo en las instrucciones para el objetivo 'cmTC_03f3c/fast'
make: *** [cmTC_03f3c/fast] Error 2

File /home/salabeta/robocomp/components/roboticaCC/supervisor/CMakeFiles/CMakeTmp/CheckSymbolExists.cxx:
/* */
#include <QtCore/qglobal.h>

int main(int argc, char** argv)
{
  (void)argv;
#ifndef Q_WS_QWS
  return ((int*)(&Q_WS_QWS))[argc];
#else
  (void)argc;
  return 0;
#endif
}

Determining if the Q_WS_MAC exist failed with the following output:
Change Dir: /home/salabeta/robocomp/components/roboticaCC/supervisor/CMakeFiles/CMakeTmp

Run Build Command:"/usr/bin/make" "cmTC_77094/fast"
/usr/bin/make -f CMakeFiles/cmTC_77094.dir/build.make CMakeFiles/cmTC_77094.dir/build
make[1]: se entra en el directorio '/home/salabeta/robocomp/components/roboticaCC/supervisor/CMakeFiles/CMakeTmp'
Building CXX object CMakeFiles/cmTC_77094.dir/CheckSymbolExists.cxx.o
/usr/bin/c++    -I/usr/include/qt4   -o CMakeFiles/cmTC_77094.dir/CheckSymbolExists.cxx.o -c /home/salabeta/robocomp/components/roboticaCC/supervisor/CMakeFiles/CMakeTmp/CheckSymbolExists.cxx
/home/salabeta/robocomp/components/roboticaCC/supervisor/CMakeFiles/CMakeTmp/CheckSymbolExists.cxx: In function ‘int main(int, char**)’:
/home/salabeta/robocomp/components/roboticaCC/supervisor/CMakeFiles/CMakeTmp/CheckSymbolExists.cxx:8:19: error: ‘Q_WS_MAC’ was not declared in this scope
   return ((int*)(&Q_WS_MAC))[argc];
                   ^
CMakeFiles/cmTC_77094.dir/build.make:65: fallo en las instrucciones para el objetivo 'CMakeFiles/cmTC_77094.dir/CheckSymbolExists.cxx.o'
make[1]: *** [CMakeFiles/cmTC_77094.dir/CheckSymbolExists.cxx.o] Error 1
make[1]: se sale del directorio '/home/salabeta/robocomp/components/roboticaCC/supervisor/CMakeFiles/CMakeTmp'
Makefile:126: fallo en las instrucciones para el objetivo 'cmTC_77094/fast'
make: *** [cmTC_77094/fast] Error 2

File /home/salabeta/robocomp/components/roboticaCC/supervisor/CMakeFiles/CMakeTmp/CheckSymbolExists.cxx:
/* */
#include <QtCore/qglobal.h>

int main(int argc, char** argv)
{
  (void)argv;
#ifndef Q_WS_MAC
  return ((int*)(&Q_WS_MAC))[argc];
#else
  (void)argc;
  return 0;
#endif
}

Determining if the Q_WS_WIN exist failed with the following output:
Change Dir: /home/crivac/robocomp/components/roboticaCC/supervisor/CMakeFiles/CMakeTmp

Run Build Command:"/usr/bin/make" "cmTC_6b0d6/fast"
/usr/bin/make -f CMakeFiles/cmTC_6b0d6.dir/build.make CMakeFiles/cmTC_6b0d6.dir/build
make[1]: se entra en el directorio '/home/crivac/robocomp/components/roboticaCC/supervisor/CMakeFiles/CMakeTmp'
Building CXX object CMakeFiles/cmTC_6b0d6.dir/CheckSymbolExists.cxx.o
/usr/bin/c++    -I/usr/include/qt4   -o CMakeFiles/cmTC_6b0d6.dir/CheckSymbolExists.cxx.o -c /home/crivac/robocomp/components/roboticaCC/supervisor/CMakeFiles/CMakeTmp/CheckSymbolExists.cxx
/home/crivac/robocomp/components/roboticaCC/supervisor/CMakeFiles/CMakeTmp/CheckSymbolExists.cxx: In function ‘int main(int, char**)’:
/home/crivac/robocomp/components/roboticaCC/supervisor/CMakeFiles/CMakeTmp/CheckSymbolExists.cxx:8:19: error: ‘Q_WS_WIN’ was not declared in this scope
   return ((int*)(&Q_WS_WIN))[argc];
                   ^
CMakeFiles/cmTC_6b0d6.dir/build.make:65: fallo en las instrucciones para el objetivo 'CMakeFiles/cmTC_6b0d6.dir/CheckSymbolExists.cxx.o'
make[1]: *** [CMakeFiles/cmTC_6b0d6.dir/CheckSymbolExists.cxx.o] Error 1
make[1]: se sale del directorio '/home/crivac/robocomp/components/roboticaCC/supervisor/CMakeFiles/CMakeTmp'
Makefile:126: fallo en las instrucciones para el objetivo 'cmTC_6b0d6/fast'
make: *** [cmTC_6b0d6/fast] Error 2

File /home/crivac/robocomp/components/roboticaCC/supervisor/CMakeFiles/CMakeTmp/CheckSymbolExists.cxx:
/* */
#include <QtCore/qglobal.h>

int main(int argc, char** argv)
{
  (void)argv;
#ifndef Q_WS_WIN
  return ((int*)(&Q_WS_WIN))[argc];
#else
  (void)argc;
  return 0;
#endif
}

Determining if the Q_WS_QWS exist failed with the following output:
Change Dir: /home/crivac/robocomp/components/roboticaCC/supervisor/CMakeFiles/CMakeTmp

Run Build Command:"/usr/bin/make" "cmTC_c4d1e/fast"
/usr/bin/make -f CMakeFiles/cmTC_c4d1e.dir/build.make CMakeFiles/cmTC_c4d1e.dir/build
make[1]: se entra en el directorio '/home/crivac/robocomp/components/roboticaCC/supervisor/CMakeFiles/CMakeTmp'
Building CXX object CMakeFiles/cmTC_c4d1e.dir/CheckSymbolExists.cxx.o
/usr/bin/c++    -I/usr/include/qt4   -o CMakeFiles/cmTC_c4d1e.dir/CheckSymbolExists.cxx.o -c /home/crivac/robocomp/components/roboticaCC/supervisor/CMakeFiles/CMakeTmp/CheckSymbolExists.cxx
/home/crivac/robocomp/components/roboticaCC/supervisor/CMakeFiles/CMakeTmp/CheckSymbolExists.cxx: In function ‘int main(int, char**)’:
/home/crivac/robocomp/components/roboticaCC/supervisor/CMakeFiles/CMakeTmp/CheckSymbolExists.cxx:8:19: error: ‘Q_WS_QWS’ was not declared in this scope
   return ((int*)(&Q_WS_QWS))[argc];
                   ^
CMakeFiles/cmTC_c4d1e.dir/build.make:65: fallo en las instrucciones para el objetivo 'CMakeFiles/cmTC_c4d1e.dir/CheckSymbolExists.cxx.o'
make[1]: *** [CMakeFiles/cmTC_c4d1e.dir/CheckSymbolExists.cxx.o] Error 1
make[1]: se sale del directorio '/home/crivac/robocomp/components/roboticaCC/supervisor/CMakeFiles/CMakeTmp'
Makefile:126: fallo en las instrucciones para el objetivo 'cmTC_c4d1e/fast'
make: *** [cmTC_c4d1e/fast] Error 2

File /home/crivac/robocomp/components/roboticaCC/supervisor/CMakeFiles/CMakeTmp/CheckSymbolExists.cxx:
/* */
#include <QtCore/qglobal.h>

int main(int argc, char** argv)
{
  (void)argv;
#ifndef Q_WS_QWS
  return ((int*)(&Q_WS_QWS))[argc];
#else
  (void)argc;
  return 0;
#endif
}

Determining if the Q_WS_MAC exist failed with the following output:
Change Dir: /home/crivac/robocomp/components/roboticaCC/supervisor/CMakeFiles/CMakeTmp

Run Build Command:"/usr/bin/make" "cmTC_0aebb/fast"
/usr/bin/make -f CMakeFiles/cmTC_0aebb.dir/build.make CMakeFiles/cmTC_0aebb.dir/build
make[1]: se entra en el directorio '/home/crivac/robocomp/components/roboticaCC/supervisor/CMakeFiles/CMakeTmp'
Building CXX object CMakeFiles/cmTC_0aebb.dir/CheckSymbolExists.cxx.o
/usr/bin/c++    -I/usr/include/qt4   -o CMakeFiles/cmTC_0aebb.dir/CheckSymbolExists.cxx.o -c /home/crivac/robocomp/components/roboticaCC/supervisor/CMakeFiles/CMakeTmp/CheckSymbolExists.cxx
/home/crivac/robocomp/components/roboticaCC/supervisor/CMakeFiles/CMakeTmp/CheckSymbolExists.cxx: In function ‘int main(int, char**)’:
/home/crivac/robocomp/components/roboticaCC/supervisor/CMakeFiles/CMakeTmp/CheckSymbolExists.cxx:8:19: error: ‘Q_WS_MAC’ was not declared in this scope
   return ((int*)(&Q_WS_MAC))[argc];
                   ^
CMakeFiles/cmTC_0aebb.dir/build.make:65: fallo en las instrucciones para el objetivo 'CMakeFiles/cmTC_0aebb.dir/CheckSymbolExists.cxx.o'
make[1]: *** [CMakeFiles/cmTC_0aebb.dir/CheckSymbolExists.cxx.o] Error 1
make[1]: se sale del directorio '/home/crivac/robocomp/components/roboticaCC/supervisor/CMakeFiles/CMakeTmp'
Makefile:126: fallo en las instrucciones para el objetivo 'cmTC_0aebb/fast'
make: *** [cmTC_0aebb/fast] Error 2

File /home/crivac/robocomp/components/roboticaCC/supervisor/CMakeFiles/CMakeTmp/CheckSymbolExists.cxx:
/* */
#include <QtCore/qglobal.h>

int main(int argc, char** argv)
{
  (void)argv;
#ifndef Q_WS_MAC
  return ((int*)(&Q_WS_MAC))[argc];
#else
  (void)argc;
  return 0;
#endif
}

Determining if the Q_WS_WIN exist failed with the following output:
Change Dir: /home/crivac/robocomp/components/roboticaCC/supervisor/CMakeFiles/CMakeTmp

Run Build Command:"/usr/bin/make" "cmTC_82fb7/fast"
/usr/bin/make -f CMakeFiles/cmTC_82fb7.dir/build.make CMakeFiles/cmTC_82fb7.dir/build
make[1]: se entra en el directorio '/home/crivac/robocomp/components/roboticaCC/supervisor/CMakeFiles/CMakeTmp'
Building CXX object CMakeFiles/cmTC_82fb7.dir/CheckSymbolExists.cxx.o
/usr/bin/c++    -I/usr/include/qt4   -o CMakeFiles/cmTC_82fb7.dir/CheckSymbolExists.cxx.o -c /home/crivac/robocomp/components/roboticaCC/supervisor/CMakeFiles/CMakeTmp/CheckSymbolExists.cxx
/home/crivac/robocomp/components/roboticaCC/supervisor/CMakeFiles/CMakeTmp/CheckSymbolExists.cxx: In function ‘int main(int, char**)’:
/home/crivac/robocomp/components/roboticaCC/supervisor/CMakeFiles/CMakeTmp/CheckSymbolExists.cxx:8:19: error: ‘Q_WS_WIN’ was not declared in this scope
   return ((int*)(&Q_WS_WIN))[argc];
                   ^
CMakeFiles/cmTC_82fb7.dir/build.make:65: fallo en las instrucciones para el objetivo 'CMakeFiles/cmTC_82fb7.dir/CheckSymbolExists.cxx.o'
make[1]: *** [CMakeFiles/cmTC_82fb7.dir/CheckSymbolExists.cxx.o] Error 1
make[1]: se sale del directorio '/home/crivac/robocomp/components/roboticaCC/supervisor/CMakeFiles/CMakeTmp'
Makefile:126: fallo en las instrucciones para el objetivo 'cmTC_82fb7/fast'
make: *** [cmTC_82fb7/fast] Error 2

File /home/crivac/robocomp/components/roboticaCC/supervisor/CMakeFiles/CMakeTmp/CheckSymbolExists.cxx:
/* */
#include <QtCore/qglobal.h>

int main(int argc, char** argv)
{
  (void)argv;
#ifndef Q_WS_WIN
  return ((int*)(&Q_WS_WIN))[argc];
#else
  (void)argc;
  return 0;
#endif
}

Determining if the Q_WS_QWS exist failed with the following output:
Change Dir: /home/crivac/robocomp/components/roboticaCC/supervisor/CMakeFiles/CMakeTmp

Run Build Command:"/usr/bin/make" "cmTC_8ef39/fast"
/usr/bin/make -f CMakeFiles/cmTC_8ef39.dir/build.make CMakeFiles/cmTC_8ef39.dir/build
make[1]: se entra en el directorio '/home/crivac/robocomp/components/roboticaCC/supervisor/CMakeFiles/CMakeTmp'
Building CXX object CMakeFiles/cmTC_8ef39.dir/CheckSymbolExists.cxx.o
/usr/bin/c++    -I/usr/include/qt4   -o CMakeFiles/cmTC_8ef39.dir/CheckSymbolExists.cxx.o -c /home/crivac/robocomp/components/roboticaCC/supervisor/CMakeFiles/CMakeTmp/CheckSymbolExists.cxx
/home/crivac/robocomp/components/roboticaCC/supervisor/CMakeFiles/CMakeTmp/CheckSymbolExists.cxx: In function ‘int main(int, char**)’:
/home/crivac/robocomp/components/roboticaCC/supervisor/CMakeFiles/CMakeTmp/CheckSymbolExists.cxx:8:19: error: ‘Q_WS_QWS’ was not declared in this scope
   return ((int*)(&Q_WS_QWS))[argc];
                   ^
CMakeFiles/cmTC_8ef39.dir/build.make:65: fallo en las instrucciones para el objetivo 'CMakeFiles/cmTC_8ef39.dir/CheckSymbolExists.cxx.o'
make[1]: *** [CMakeFiles/cmTC_8ef39.dir/CheckSymbolExists.cxx.o] Error 1
make[1]: se sale del directorio '/home/crivac/robocomp/components/roboticaCC/supervisor/CMakeFiles/CMakeTmp'
Makefile:126: fallo en las instrucciones para el objetivo 'cmTC_8ef39/fast'
make: *** [cmTC_8ef39/fast] Error 2

File /home/crivac/robocomp/components/roboticaCC/supervisor/CMakeFiles/CMakeTmp/CheckSymbolExists.cxx:
/* */
#include <QtCore/qglobal.h>

int main(int argc, char** argv)
{
  (void)argv;
#ifndef Q_WS_QWS
  return ((int*)(&Q_WS_QWS))[argc];
#else
  (void)argc;
  return 0;
#endif
}

Determining if the Q_WS_MAC exist failed with the following output:
Change Dir: /home/crivac/robocomp/components/roboticaCC/supervisor/CMakeFiles/CMakeTmp

Run Build Command:"/usr/bin/make" "cmTC_e5bd7/fast"
/usr/bin/make -f CMakeFiles/cmTC_e5bd7.dir/build.make CMakeFiles/cmTC_e5bd7.dir/build
make[1]: se entra en el directorio '/home/crivac/robocomp/components/roboticaCC/supervisor/CMakeFiles/CMakeTmp'
Building CXX object CMakeFiles/cmTC_e5bd7.dir/CheckSymbolExists.cxx.o
/usr/bin/c++    -I/usr/include/qt4   -o CMakeFiles/cmTC_e5bd7.dir/CheckSymbolExists.cxx.o -c /home/crivac/robocomp/components/roboticaCC/supervisor/CMakeFiles/CMakeTmp/CheckSymbolExists.cxx
/home/crivac/robocomp/components/roboticaCC/supervisor/CMakeFiles/CMakeTmp/CheckSymbolExists.cxx: In function ‘int main(int, char**)’:
/home/crivac/robocomp/components/roboticaCC/supervisor/CMakeFiles/CMakeTmp/CheckSymbolExists.cxx:8:19: error: ‘Q_WS_MAC’ was not declared in this scope
   return ((int*)(&Q_WS_MAC))[argc];
                   ^
CMakeFiles/cmTC_e5bd7.dir/build.make:65: fallo en las instrucciones para el objetivo 'CMakeFiles/cmTC_e5bd7.dir/CheckSymbolExists.cxx.o'
make[1]: *** [CMakeFiles/cmTC_e5bd7.dir/CheckSymbolExists.cxx.o] Error 1
make[1]: se sale del directorio '/home/crivac/robocomp/components/roboticaCC/supervisor/CMakeFiles/CMakeTmp'
Makefile:126: fallo en las instrucciones para el objetivo 'cmTC_e5bd7/fast'
make: *** [cmTC_e5bd7/fast] Error 2

File /home/crivac/robocomp/components/roboticaCC/supervisor/CMakeFiles/CMakeTmp/CheckSymbolExists.cxx:
/* */
#include <QtCore/qglobal.h>

int main(int argc, char** argv)
{
  (void)argv;
#ifndef Q_WS_MAC
  return ((int*)(&Q_WS_MAC))[argc];
#else
  (void)argc;
  return 0;
#endif
}

Determining if the Q_WS_WIN exist failed with the following output:
Change Dir: /home/crivac/robocomp/components/roboticaCC/supervisor/CMakeFiles/CMakeTmp

Run Build Command:"/usr/bin/make" "cmTC_520d8/fast"
/usr/bin/make -f CMakeFiles/cmTC_520d8.dir/build.make CMakeFiles/cmTC_520d8.dir/build
make[1]: se entra en el directorio '/home/crivac/robocomp/components/roboticaCC/supervisor/CMakeFiles/CMakeTmp'
Building CXX object CMakeFiles/cmTC_520d8.dir/CheckSymbolExists.cxx.o
/usr/bin/c++    -I/usr/include/qt4   -o CMakeFiles/cmTC_520d8.dir/CheckSymbolExists.cxx.o -c /home/crivac/robocomp/components/roboticaCC/supervisor/CMakeFiles/CMakeTmp/CheckSymbolExists.cxx
/home/crivac/robocomp/components/roboticaCC/supervisor/CMakeFiles/CMakeTmp/CheckSymbolExists.cxx: In function ‘int main(int, char**)’:
/home/crivac/robocomp/components/roboticaCC/supervisor/CMakeFiles/CMakeTmp/CheckSymbolExists.cxx:8:19: error: ‘Q_WS_WIN’ was not declared in this scope
   return ((int*)(&Q_WS_WIN))[argc];
                   ^
CMakeFiles/cmTC_520d8.dir/build.make:65: fallo en las instrucciones para el objetivo 'CMakeFiles/cmTC_520d8.dir/CheckSymbolExists.cxx.o'
make[1]: *** [CMakeFiles/cmTC_520d8.dir/CheckSymbolExists.cxx.o] Error 1
make[1]: se sale del directorio '/home/crivac/robocomp/components/roboticaCC/supervisor/CMakeFiles/CMakeTmp'
Makefile:126: fallo en las instrucciones para el objetivo 'cmTC_520d8/fast'
make: *** [cmTC_520d8/fast] Error 2

File /home/crivac/robocomp/components/roboticaCC/supervisor/CMakeFiles/CMakeTmp/CheckSymbolExists.cxx:
/* */
#include <QtCore/qglobal.h>

int main(int argc, char** argv)
{
  (void)argv;
#ifndef Q_WS_WIN
  return ((int*)(&Q_WS_WIN))[argc];
#else
  (void)argc;
  return 0;
#endif
}

Determining if the Q_WS_QWS exist failed with the following output:
Change Dir: /home/crivac/robocomp/components/roboticaCC/supervisor/CMakeFiles/CMakeTmp

Run Build Command:"/usr/bin/make" "cmTC_61f8e/fast"
/usr/bin/make -f CMakeFiles/cmTC_61f8e.dir/build.make CMakeFiles/cmTC_61f8e.dir/build
make[1]: se entra en el directorio '/home/crivac/robocomp/components/roboticaCC/supervisor/CMakeFiles/CMakeTmp'
Building CXX object CMakeFiles/cmTC_61f8e.dir/CheckSymbolExists.cxx.o
/usr/bin/c++    -I/usr/include/qt4   -o CMakeFiles/cmTC_61f8e.dir/CheckSymbolExists.cxx.o -c /home/crivac/robocomp/components/roboticaCC/supervisor/CMakeFiles/CMakeTmp/CheckSymbolExists.cxx
/home/crivac/robocomp/components/roboticaCC/supervisor/CMakeFiles/CMakeTmp/CheckSymbolExists.cxx: In function ‘int main(int, char**)’:
/home/crivac/robocomp/components/roboticaCC/supervisor/CMakeFiles/CMakeTmp/CheckSymbolExists.cxx:8:19: error: ‘Q_WS_QWS’ was not declared in this scope
   return ((int*)(&Q_WS_QWS))[argc];
                   ^
CMakeFiles/cmTC_61f8e.dir/build.make:65: fallo en las instrucciones para el objetivo 'CMakeFiles/cmTC_61f8e.dir/CheckSymbolExists.cxx.o'
make[1]: *** [CMakeFiles/cmTC_61f8e.dir/CheckSymbolExists.cxx.o] Error 1
make[1]: se sale del directorio '/home/crivac/robocomp/components/roboticaCC/supervisor/CMakeFiles/CMakeTmp'
Makefile:126: fallo en las instrucciones para el objetivo 'cmTC_61f8e/fast'
make: *** [cmTC_61f8e/fast] Error 2

File /home/crivac/robocomp/components/roboticaCC/supervisor/CMakeFiles/CMakeTmp/CheckSymbolExists.cxx:
/* */
#include <QtCore/qglobal.h>

int main(int argc, char** argv)
{
  (void)argv;
#ifndef Q_WS_QWS
  return ((int*)(&Q_WS_QWS))[argc];
#else
  (void)argc;
  return 0;
#endif
}

Determining if the Q_WS_MAC exist failed with the following output:
Change Dir: /home/crivac/robocomp/components/roboticaCC/supervisor/CMakeFiles/CMakeTmp

Run Build Command:"/usr/bin/make" "cmTC_31106/fast"
/usr/bin/make -f CMakeFiles/cmTC_31106.dir/build.make CMakeFiles/cmTC_31106.dir/build
make[1]: se entra en el directorio '/home/crivac/robocomp/components/roboticaCC/supervisor/CMakeFiles/CMakeTmp'
Building CXX object CMakeFiles/cmTC_31106.dir/CheckSymbolExists.cxx.o
/usr/bin/c++    -I/usr/include/qt4   -o CMakeFiles/cmTC_31106.dir/CheckSymbolExists.cxx.o -c /home/crivac/robocomp/components/roboticaCC/supervisor/CMakeFiles/CMakeTmp/CheckSymbolExists.cxx
/home/crivac/robocomp/components/roboticaCC/supervisor/CMakeFiles/CMakeTmp/CheckSymbolExists.cxx: In function ‘int main(int, char**)’:
/home/crivac/robocomp/components/roboticaCC/supervisor/CMakeFiles/CMakeTmp/CheckSymbolExists.cxx:8:19: error: ‘Q_WS_MAC’ was not declared in this scope
   return ((int*)(&Q_WS_MAC))[argc];
                   ^
CMakeFiles/cmTC_31106.dir/build.make:65: fallo en las instrucciones para el objetivo 'CMakeFiles/cmTC_31106.dir/CheckSymbolExists.cxx.o'
make[1]: *** [CMakeFiles/cmTC_31106.dir/CheckSymbolExists.cxx.o] Error 1
make[1]: se sale del directorio '/home/crivac/robocomp/components/roboticaCC/supervisor/CMakeFiles/CMakeTmp'
Makefile:126: fallo en las instrucciones para el objetivo 'cmTC_31106/fast'
make: *** [cmTC_31106/fast] Error 2

File /home/crivac/robocomp/components/roboticaCC/supervisor/CMakeFiles/CMakeTmp/CheckSymbolExists.cxx:
/* */
#include <QtCore/qglobal.h>

int main(int argc, char** argv)
{
  (void)argv;
#ifndef Q_WS_MAC
  return ((int*)(&Q_WS_MAC))[argc];
#else
  (void)argc;
  return 0;
#endif
}

