The system is: Linux - 4.4.0-98-generic - x86_64
Compiling the C compiler identification source file "CMakeCCompilerId.c" succeeded.
Compiler: /usr/bin/cc 
Build flags: 
Id flags: 

The output was:
0


Compilation of the C compiler identification source "CMakeCCompilerId.c" produced "a.out"

The C compiler identification is GNU, found in "/home/salabeta/robocomp/components/roboticaCC/supervisor/CMakeFiles/3.5.1/CompilerIdC/a.out"

Compiling the CXX compiler identification source file "CMakeCXXCompilerId.cpp" succeeded.
Compiler: /usr/bin/c++ 
Build flags: 
Id flags: 

The output was:
0


Compilation of the CXX compiler identification source "CMakeCXXCompilerId.cpp" produced "a.out"

The CXX compiler identification is GNU, found in "/home/salabeta/robocomp/components/roboticaCC/supervisor/CMakeFiles/3.5.1/CompilerIdCXX/a.out"

Determining if the C compiler works passed with the following output:
Change Dir: /home/salabeta/robocomp/components/roboticaCC/supervisor/CMakeFiles/CMakeTmp

Run Build Command:"/usr/bin/make" "cmTC_63fa7/fast"
/usr/bin/make -f CMakeFiles/cmTC_63fa7.dir/build.make CMakeFiles/cmTC_63fa7.dir/build
make[1]: se entra en el directorio '/home/salabeta/robocomp/components/roboticaCC/supervisor/CMakeFiles/CMakeTmp'
Building C object CMakeFiles/cmTC_63fa7.dir/testCCompiler.c.o
/usr/bin/cc     -o CMakeFiles/cmTC_63fa7.dir/testCCompiler.c.o   -c /home/salabeta/robocomp/components/roboticaCC/supervisor/CMakeFiles/CMakeTmp/testCCompiler.c
Linking C executable cmTC_63fa7
/usr/bin/cmake -E cmake_link_script CMakeFiles/cmTC_63fa7.dir/link.txt --verbose=1
/usr/bin/cc       CMakeFiles/cmTC_63fa7.dir/testCCompiler.c.o  -o cmTC_63fa7 -rdynamic 
make[1]: se sale del directorio '/home/salabeta/robocomp/components/roboticaCC/supervisor/CMakeFiles/CMakeTmp'


Detecting C compiler ABI info compiled with the following output:
Change Dir: /home/salabeta/robocomp/components/roboticaCC/supervisor/CMakeFiles/CMakeTmp

Run Build Command:"/usr/bin/make" "cmTC_33e06/fast"
/usr/bin/make -f CMakeFiles/cmTC_33e06.dir/build.make CMakeFiles/cmTC_33e06.dir/build
make[1]: se entra en el directorio '/home/salabeta/robocomp/components/roboticaCC/supervisor/CMakeFiles/CMakeTmp'
Building C object CMakeFiles/cmTC_33e06.dir/CMakeCCompilerABI.c.o
/usr/bin/cc     -o CMakeFiles/cmTC_33e06.dir/CMakeCCompilerABI.c.o   -c /usr/share/cmake-3.5/Modules/CMakeCCompilerABI.c
Linking C executable cmTC_33e06
/usr/bin/cmake -E cmake_link_script CMakeFiles/cmTC_33e06.dir/link.txt --verbose=1
/usr/bin/cc      -v CMakeFiles/cmTC_33e06.dir/CMakeCCompilerABI.c.o  -o cmTC_33e06 -rdynamic  
Using built-in specs.
COLLECT_GCC=/usr/bin/cc
COLLECT_LTO_WRAPPER=/usr/lib/gcc/x86_64-linux-gnu/5/lto-wrapper
Target: x86_64-linux-gnu
Configured with: ../src/configure -v --with-pkgversion='Ubuntu 5.4.0-6ubuntu1~16.04.4' --with-bugurl=file:///usr/share/doc/gcc-5/README.Bugs --enable-languages=c,ada,c++,java,go,d,fortran,objc,obj-c++ --prefix=/usr --program-suffix=-5 --enable-shared --enable-linker-build-id --libexecdir=/usr/lib --without-included-gettext --enable-threads=posix --libdir=/usr/lib --enable-nls --with-sysroot=/ --enable-clocale=gnu --enable-libstdcxx-debug --enable-libstdcxx-time=yes --with-default-libstdcxx-abi=new --enable-gnu-unique-object --disable-vtable-verify --enable-libmpx --enable-plugin --with-system-zlib --disable-browser-plugin --enable-java-awt=gtk --enable-gtk-cairo --with-java-home=/usr/lib/jvm/java-1.5.0-gcj-5-amd64/jre --enable-java-home --with-jvm-root-dir=/usr/lib/jvm/java-1.5.0-gcj-5-amd64 --with-jvm-jar-dir=/usr/lib/jvm-exports/java-1.5.0-gcj-5-amd64 --with-arch-directory=amd64 --with-ecj-jar=/usr/share/java/eclipse-ecj.jar --enable-objc-gc --enable-multiarch --disable-werror --with-arch-32=i686 --with-abi=m64 --with-multilib-list=m32,m64,mx32 --enable-multilib --with-tune=generic --enable-checking=release --build=x86_64-linux-gnu --host=x86_64-linux-gnu --target=x86_64-linux-gnu
Thread model: posix
gcc version 5.4.0 20160609 (Ubuntu 5.4.0-6ubuntu1~16.04.4) 
COMPILER_PATH=/usr/lib/gcc/x86_64-linux-gnu/5/:/usr/lib/gcc/x86_64-linux-gnu/5/:/usr/lib/gcc/x86_64-linux-gnu/:/usr/lib/gcc/x86_64-linux-gnu/5/:/usr/lib/gcc/x86_64-linux-gnu/
LIBRARY_PATH=/usr/lib/gcc/x86_64-linux-gnu/5/:/usr/lib/gcc/x86_64-linux-gnu/5/../../../x86_64-linux-gnu/:/usr/lib/gcc/x86_64-linux-gnu/5/../../../../lib/:/lib/x86_64-linux-gnu/:/lib/../lib/:/usr/lib/x86_64-linux-gnu/:/usr/lib/../lib/:/usr/lib/gcc/x86_64-linux-gnu/5/../../../:/lib/:/usr/lib/
COLLECT_GCC_OPTIONS='-v' '-o' 'cmTC_33e06' '-rdynamic' '-mtune=generic' '-march=x86-64'
 /usr/lib/gcc/x86_64-linux-gnu/5/collect2 -plugin /usr/lib/gcc/x86_64-linux-gnu/5/liblto_plugin.so -plugin-opt=/usr/lib/gcc/x86_64-linux-gnu/5/lto-wrapper -plugin-opt=-fresolution=/tmp/ccPUJSMs.res -plugin-opt=-pass-through=-lgcc -plugin-opt=-pass-through=-lgcc_s -plugin-opt=-pass-through=-lc -plugin-opt=-pass-through=-lgcc -plugin-opt=-pass-through=-lgcc_s --sysroot=/ --build-id --eh-frame-hdr -m elf_x86_64 --hash-style=gnu --as-needed -export-dynamic -dynamic-linker /lib64/ld-linux-x86-64.so.2 -z relro -o cmTC_33e06 /usr/lib/gcc/x86_64-linux-gnu/5/../../../x86_64-linux-gnu/crt1.o /usr/lib/gcc/x86_64-linux-gnu/5/../../../x86_64-linux-gnu/crti.o /usr/lib/gcc/x86_64-linux-gnu/5/crtbegin.o -L/usr/lib/gcc/x86_64-linux-gnu/5 -L/usr/lib/gcc/x86_64-linux-gnu/5/../../../x86_64-linux-gnu -L/usr/lib/gcc/x86_64-linux-gnu/5/../../../../lib -L/lib/x86_64-linux-gnu -L/lib/../lib -L/usr/lib/x86_64-linux-gnu -L/usr/lib/../lib -L/usr/lib/gcc/x86_64-linux-gnu/5/../../.. CMakeFiles/cmTC_33e06.dir/CMakeCCompilerABI.c.o -lgcc --as-needed -lgcc_s --no-as-needed -lc -lgcc --as-needed -lgcc_s --no-as-needed /usr/lib/gcc/x86_64-linux-gnu/5/crtend.o /usr/lib/gcc/x86_64-linux-gnu/5/../../../x86_64-linux-gnu/crtn.o
make[1]: se sale del directorio '/home/salabeta/robocomp/components/roboticaCC/supervisor/CMakeFiles/CMakeTmp'


Parsed C implicit link information from above output:
  link line regex: [^( *|.*[/\])(ld|([^/\]+-)?ld|collect2)[^/\]*( |$)]
  ignore line: [Change Dir: /home/salabeta/robocomp/components/roboticaCC/supervisor/CMakeFiles/CMakeTmp]
  ignore line: []
  ignore line: [Run Build Command:"/usr/bin/make" "cmTC_33e06/fast"]
  ignore line: [/usr/bin/make -f CMakeFiles/cmTC_33e06.dir/build.make CMakeFiles/cmTC_33e06.dir/build]
  ignore line: [make[1]: se entra en el directorio '/home/salabeta/robocomp/components/roboticaCC/supervisor/CMakeFiles/CMakeTmp']
  ignore line: [Building C object CMakeFiles/cmTC_33e06.dir/CMakeCCompilerABI.c.o]
  ignore line: [/usr/bin/cc     -o CMakeFiles/cmTC_33e06.dir/CMakeCCompilerABI.c.o   -c /usr/share/cmake-3.5/Modules/CMakeCCompilerABI.c]
  ignore line: [Linking C executable cmTC_33e06]
  ignore line: [/usr/bin/cmake -E cmake_link_script CMakeFiles/cmTC_33e06.dir/link.txt --verbose=1]
  ignore line: [/usr/bin/cc      -v CMakeFiles/cmTC_33e06.dir/CMakeCCompilerABI.c.o  -o cmTC_33e06 -rdynamic  ]
  ignore line: [Using built-in specs.]
  ignore line: [COLLECT_GCC=/usr/bin/cc]
  ignore line: [COLLECT_LTO_WRAPPER=/usr/lib/gcc/x86_64-linux-gnu/5/lto-wrapper]
  ignore line: [Target: x86_64-linux-gnu]
  ignore line: [Configured with: ../src/configure -v --with-pkgversion='Ubuntu 5.4.0-6ubuntu1~16.04.4' --with-bugurl=file:///usr/share/doc/gcc-5/README.Bugs --enable-languages=c,ada,c++,java,go,d,fortran,objc,obj-c++ --prefix=/usr --program-suffix=-5 --enable-shared --enable-linker-build-id --libexecdir=/usr/lib --without-included-gettext --enable-threads=posix --libdir=/usr/lib --enable-nls --with-sysroot=/ --enable-clocale=gnu --enable-libstdcxx-debug --enable-libstdcxx-time=yes --with-default-libstdcxx-abi=new --enable-gnu-unique-object --disable-vtable-verify --enable-libmpx --enable-plugin --with-system-zlib --disable-browser-plugin --enable-java-awt=gtk --enable-gtk-cairo --with-java-home=/usr/lib/jvm/java-1.5.0-gcj-5-amd64/jre --enable-java-home --with-jvm-root-dir=/usr/lib/jvm/java-1.5.0-gcj-5-amd64 --with-jvm-jar-dir=/usr/lib/jvm-exports/java-1.5.0-gcj-5-amd64 --with-arch-directory=amd64 --with-ecj-jar=/usr/share/java/eclipse-ecj.jar --enable-objc-gc --enable-multiarch --disable-werror --with-arch-32=i686 --with-abi=m64 --with-multilib-list=m32,m64,mx32 --enable-multilib --with-tune=generic --enable-checking=release --build=x86_64-linux-gnu --host=x86_64-linux-gnu --target=x86_64-linux-gnu]
  ignore line: [Thread model: posix]
  ignore line: [gcc version 5.4.0 20160609 (Ubuntu 5.4.0-6ubuntu1~16.04.4) ]
  ignore line: [COMPILER_PATH=/usr/lib/gcc/x86_64-linux-gnu/5/:/usr/lib/gcc/x86_64-linux-gnu/5/:/usr/lib/gcc/x86_64-linux-gnu/:/usr/lib/gcc/x86_64-linux-gnu/5/:/usr/lib/gcc/x86_64-linux-gnu/]
  ignore line: [LIBRARY_PATH=/usr/lib/gcc/x86_64-linux-gnu/5/:/usr/lib/gcc/x86_64-linux-gnu/5/../../../x86_64-linux-gnu/:/usr/lib/gcc/x86_64-linux-gnu/5/../../../../lib/:/lib/x86_64-linux-gnu/:/lib/../lib/:/usr/lib/x86_64-linux-gnu/:/usr/lib/../lib/:/usr/lib/gcc/x86_64-linux-gnu/5/../../../:/lib/:/usr/lib/]
  ignore line: [COLLECT_GCC_OPTIONS='-v' '-o' 'cmTC_33e06' '-rdynamic' '-mtune=generic' '-march=x86-64']
  link line: [ /usr/lib/gcc/x86_64-linux-gnu/5/collect2 -plugin /usr/lib/gcc/x86_64-linux-gnu/5/liblto_plugin.so -plugin-opt=/usr/lib/gcc/x86_64-linux-gnu/5/lto-wrapper -plugin-opt=-fresolution=/tmp/ccPUJSMs.res -plugin-opt=-pass-through=-lgcc -plugin-opt=-pass-through=-lgcc_s -plugin-opt=-pass-through=-lc -plugin-opt=-pass-through=-lgcc -plugin-opt=-pass-through=-lgcc_s --sysroot=/ --build-id --eh-frame-hdr -m elf_x86_64 --hash-style=gnu --as-needed -export-dynamic -dynamic-linker /lib64/ld-linux-x86-64.so.2 -z relro -o cmTC_33e06 /usr/lib/gcc/x86_64-linux-gnu/5/../../../x86_64-linux-gnu/crt1.o /usr/lib/gcc/x86_64-linux-gnu/5/../../../x86_64-linux-gnu/crti.o /usr/lib/gcc/x86_64-linux-gnu/5/crtbegin.o -L/usr/lib/gcc/x86_64-linux-gnu/5 -L/usr/lib/gcc/x86_64-linux-gnu/5/../../../x86_64-linux-gnu -L/usr/lib/gcc/x86_64-linux-gnu/5/../../../../lib -L/lib/x86_64-linux-gnu -L/lib/../lib -L/usr/lib/x86_64-linux-gnu -L/usr/lib/../lib -L/usr/lib/gcc/x86_64-linux-gnu/5/../../.. CMakeFiles/cmTC_33e06.dir/CMakeCCompilerABI.c.o -lgcc --as-needed -lgcc_s --no-as-needed -lc -lgcc --as-needed -lgcc_s --no-as-needed /usr/lib/gcc/x86_64-linux-gnu/5/crtend.o /usr/lib/gcc/x86_64-linux-gnu/5/../../../x86_64-linux-gnu/crtn.o]
    arg [/usr/lib/gcc/x86_64-linux-gnu/5/collect2] ==> ignore
    arg [-plugin] ==> ignore
    arg [/usr/lib/gcc/x86_64-linux-gnu/5/liblto_plugin.so] ==> ignore
    arg [-plugin-opt=/usr/lib/gcc/x86_64-linux-gnu/5/lto-wrapper] ==> ignore
    arg [-plugin-opt=-fresolution=/tmp/ccPUJSMs.res] ==> ignore
    arg [-plugin-opt=-pass-through=-lgcc] ==> ignore
    arg [-plugin-opt=-pass-through=-lgcc_s] ==> ignore
    arg [-plugin-opt=-pass-through=-lc] ==> ignore
    arg [-plugin-opt=-pass-through=-lgcc] ==> ignore
    arg [-plugin-opt=-pass-through=-lgcc_s] ==> ignore
    arg [--sysroot=/] ==> ignore
    arg [--build-id] ==> ignore
    arg [--eh-frame-hdr] ==> ignore
    arg [-m] ==> ignore
    arg [elf_x86_64] ==> ignore
    arg [--hash-style=gnu] ==> ignore
    arg [--as-needed] ==> ignore
    arg [-export-dynamic] ==> ignore
    arg [-dynamic-linker] ==> ignore
    arg [/lib64/ld-linux-x86-64.so.2] ==> ignore
    arg [-zrelro] ==> ignore
    arg [-o] ==> ignore
    arg [cmTC_33e06] ==> ignore
    arg [/usr/lib/gcc/x86_64-linux-gnu/5/../../../x86_64-linux-gnu/crt1.o] ==> ignore
    arg [/usr/lib/gcc/x86_64-linux-gnu/5/../../../x86_64-linux-gnu/crti.o] ==> ignore
    arg [/usr/lib/gcc/x86_64-linux-gnu/5/crtbegin.o] ==> ignore
    arg [-L/usr/lib/gcc/x86_64-linux-gnu/5] ==> dir [/usr/lib/gcc/x86_64-linux-gnu/5]
    arg [-L/usr/lib/gcc/x86_64-linux-gnu/5/../../../x86_64-linux-gnu] ==> dir [/usr/lib/gcc/x86_64-linux-gnu/5/../../../x86_64-linux-gnu]
    arg [-L/usr/lib/gcc/x86_64-linux-gnu/5/../../../../lib] ==> dir [/usr/lib/gcc/x86_64-linux-gnu/5/../../../../lib]
    arg [-L/lib/x86_64-linux-gnu] ==> dir [/lib/x86_64-linux-gnu]
    arg [-L/lib/../lib] ==> dir [/lib/../lib]
    arg [-L/usr/lib/x86_64-linux-gnu] ==> dir [/usr/lib/x86_64-linux-gnu]
    arg [-L/usr/lib/../lib] ==> dir [/usr/lib/../lib]
    arg [-L/usr/lib/gcc/x86_64-linux-gnu/5/../../..] ==> dir [/usr/lib/gcc/x86_64-linux-gnu/5/../../..]
    arg [CMakeFiles/cmTC_33e06.dir/CMakeCCompilerABI.c.o] ==> ignore
    arg [-lgcc] ==> lib [gcc]
    arg [--as-needed] ==> ignore
    arg [-lgcc_s] ==> lib [gcc_s]
    arg [--no-as-needed] ==> ignore
    arg [-lc] ==> lib [c]
    arg [-lgcc] ==> lib [gcc]
    arg [--as-needed] ==> ignore
    arg [-lgcc_s] ==> lib [gcc_s]
    arg [--no-as-needed] ==> ignore
    arg [/usr/lib/gcc/x86_64-linux-gnu/5/crtend.o] ==> ignore
    arg [/usr/lib/gcc/x86_64-linux-gnu/5/../../../x86_64-linux-gnu/crtn.o] ==> ignore
  remove lib [gcc]
  remove lib [gcc_s]
  remove lib [gcc]
  remove lib [gcc_s]
  collapse library dir [/usr/lib/gcc/x86_64-linux-gnu/5] ==> [/usr/lib/gcc/x86_64-linux-gnu/5]
  collapse library dir [/usr/lib/gcc/x86_64-linux-gnu/5/../../../x86_64-linux-gnu] ==> [/usr/lib/x86_64-linux-gnu]
  collapse library dir [/usr/lib/gcc/x86_64-linux-gnu/5/../../../../lib] ==> [/usr/lib]
  collapse library dir [/lib/x86_64-linux-gnu] ==> [/lib/x86_64-linux-gnu]
  collapse library dir [/lib/../lib] ==> [/lib]
  collapse library dir [/usr/lib/x86_64-linux-gnu] ==> [/usr/lib/x86_64-linux-gnu]
  collapse library dir [/usr/lib/../lib] ==> [/usr/lib]
  collapse library dir [/usr/lib/gcc/x86_64-linux-gnu/5/../../..] ==> [/usr/lib]
  implicit libs: [c]
  implicit dirs: [/usr/lib/gcc/x86_64-linux-gnu/5;/usr/lib/x86_64-linux-gnu;/usr/lib;/lib/x86_64-linux-gnu;/lib]
  implicit fwks: []




Detecting C [-std=c11] compiler features compiled with the following output:
Change Dir: /home/salabeta/robocomp/components/roboticaCC/supervisor/CMakeFiles/CMakeTmp

Run Build Command:"/usr/bin/make" "cmTC_dcedd/fast"
/usr/bin/make -f CMakeFiles/cmTC_dcedd.dir/build.make CMakeFiles/cmTC_dcedd.dir/build
make[1]: se entra en el directorio '/home/salabeta/robocomp/components/roboticaCC/supervisor/CMakeFiles/CMakeTmp'
Building C object CMakeFiles/cmTC_dcedd.dir/feature_tests.c.o
/usr/bin/cc    -std=c11 -o CMakeFiles/cmTC_dcedd.dir/feature_tests.c.o   -c /home/salabeta/robocomp/components/roboticaCC/supervisor/CMakeFiles/feature_tests.c
Linking C executable cmTC_dcedd
/usr/bin/cmake -E cmake_link_script CMakeFiles/cmTC_dcedd.dir/link.txt --verbose=1
/usr/bin/cc       CMakeFiles/cmTC_dcedd.dir/feature_tests.c.o  -o cmTC_dcedd -rdynamic 
make[1]: se sale del directorio '/home/salabeta/robocomp/components/roboticaCC/supervisor/CMakeFiles/CMakeTmp'


    Feature record: C_FEATURE:1c_function_prototypes
    Feature record: C_FEATURE:1c_restrict
    Feature record: C_FEATURE:1c_static_assert
    Feature record: C_FEATURE:1c_variadic_macros


Detecting C [-std=c99] compiler features compiled with the following output:
Change Dir: /home/salabeta/robocomp/components/roboticaCC/supervisor/CMakeFiles/CMakeTmp

Run Build Command:"/usr/bin/make" "cmTC_833c8/fast"
/usr/bin/make -f CMakeFiles/cmTC_833c8.dir/build.make CMakeFiles/cmTC_833c8.dir/build
make[1]: se entra en el directorio '/home/salabeta/robocomp/components/roboticaCC/supervisor/CMakeFiles/CMakeTmp'
Building C object CMakeFiles/cmTC_833c8.dir/feature_tests.c.o
/usr/bin/cc    -std=c99 -o CMakeFiles/cmTC_833c8.dir/feature_tests.c.o   -c /home/salabeta/robocomp/components/roboticaCC/supervisor/CMakeFiles/feature_tests.c
Linking C executable cmTC_833c8
/usr/bin/cmake -E cmake_link_script CMakeFiles/cmTC_833c8.dir/link.txt --verbose=1
/usr/bin/cc       CMakeFiles/cmTC_833c8.dir/feature_tests.c.o  -o cmTC_833c8 -rdynamic 
make[1]: se sale del directorio '/home/salabeta/robocomp/components/roboticaCC/supervisor/CMakeFiles/CMakeTmp'


    Feature record: C_FEATURE:1c_function_prototypes
    Feature record: C_FEATURE:1c_restrict
    Feature record: C_FEATURE:0c_static_assert
    Feature record: C_FEATURE:1c_variadic_macros


Detecting C [-std=c90] compiler features compiled with the following output:
Change Dir: /home/salabeta/robocomp/components/roboticaCC/supervisor/CMakeFiles/CMakeTmp

Run Build Command:"/usr/bin/make" "cmTC_01c29/fast"
/usr/bin/make -f CMakeFiles/cmTC_01c29.dir/build.make CMakeFiles/cmTC_01c29.dir/build
make[1]: se entra en el directorio '/home/salabeta/robocomp/components/roboticaCC/supervisor/CMakeFiles/CMakeTmp'
Building C object CMakeFiles/cmTC_01c29.dir/feature_tests.c.o
/usr/bin/cc    -std=c90 -o CMakeFiles/cmTC_01c29.dir/feature_tests.c.o   -c /home/salabeta/robocomp/components/roboticaCC/supervisor/CMakeFiles/feature_tests.c
Linking C executable cmTC_01c29
/usr/bin/cmake -E cmake_link_script CMakeFiles/cmTC_01c29.dir/link.txt --verbose=1
/usr/bin/cc       CMakeFiles/cmTC_01c29.dir/feature_tests.c.o  -o cmTC_01c29 -rdynamic 
make[1]: se sale del directorio '/home/salabeta/robocomp/components/roboticaCC/supervisor/CMakeFiles/CMakeTmp'


    Feature record: C_FEATURE:1c_function_prototypes
    Feature record: C_FEATURE:0c_restrict
    Feature record: C_FEATURE:0c_static_assert
    Feature record: C_FEATURE:0c_variadic_macros
Determining if the CXX compiler works passed with the following output:
Change Dir: /home/salabeta/robocomp/components/roboticaCC/supervisor/CMakeFiles/CMakeTmp

Run Build Command:"/usr/bin/make" "cmTC_fdc74/fast"
/usr/bin/make -f CMakeFiles/cmTC_fdc74.dir/build.make CMakeFiles/cmTC_fdc74.dir/build
make[1]: se entra en el directorio '/home/salabeta/robocomp/components/roboticaCC/supervisor/CMakeFiles/CMakeTmp'
Building CXX object CMakeFiles/cmTC_fdc74.dir/testCXXCompiler.cxx.o
/usr/bin/c++      -o CMakeFiles/cmTC_fdc74.dir/testCXXCompiler.cxx.o -c /home/salabeta/robocomp/components/roboticaCC/supervisor/CMakeFiles/CMakeTmp/testCXXCompiler.cxx
Linking CXX executable cmTC_fdc74
/usr/bin/cmake -E cmake_link_script CMakeFiles/cmTC_fdc74.dir/link.txt --verbose=1
/usr/bin/c++        CMakeFiles/cmTC_fdc74.dir/testCXXCompiler.cxx.o  -o cmTC_fdc74 -rdynamic 
make[1]: se sale del directorio '/home/salabeta/robocomp/components/roboticaCC/supervisor/CMakeFiles/CMakeTmp'


Detecting CXX compiler ABI info compiled with the following output:
Change Dir: /home/salabeta/robocomp/components/roboticaCC/supervisor/CMakeFiles/CMakeTmp

Run Build Command:"/usr/bin/make" "cmTC_a4feb/fast"
/usr/bin/make -f CMakeFiles/cmTC_a4feb.dir/build.make CMakeFiles/cmTC_a4feb.dir/build
make[1]: se entra en el directorio '/home/salabeta/robocomp/components/roboticaCC/supervisor/CMakeFiles/CMakeTmp'
Building CXX object CMakeFiles/cmTC_a4feb.dir/CMakeCXXCompilerABI.cpp.o
/usr/bin/c++      -o CMakeFiles/cmTC_a4feb.dir/CMakeCXXCompilerABI.cpp.o -c /usr/share/cmake-3.5/Modules/CMakeCXXCompilerABI.cpp
Linking CXX executable cmTC_a4feb
/usr/bin/cmake -E cmake_link_script CMakeFiles/cmTC_a4feb.dir/link.txt --verbose=1
/usr/bin/c++       -v CMakeFiles/cmTC_a4feb.dir/CMakeCXXCompilerABI.cpp.o  -o cmTC_a4feb -rdynamic  
Using built-in specs.
COLLECT_GCC=/usr/bin/c++
COLLECT_LTO_WRAPPER=/usr/lib/gcc/x86_64-linux-gnu/5/lto-wrapper
Target: x86_64-linux-gnu
Configured with: ../src/configure -v --with-pkgversion='Ubuntu 5.4.0-6ubuntu1~16.04.4' --with-bugurl=file:///usr/share/doc/gcc-5/README.Bugs --enable-languages=c,ada,c++,java,go,d,fortran,objc,obj-c++ --prefix=/usr --program-suffix=-5 --enable-shared --enable-linker-build-id --libexecdir=/usr/lib --without-included-gettext --enable-threads=posix --libdir=/usr/lib --enable-nls --with-sysroot=/ --enable-clocale=gnu --enable-libstdcxx-debug --enable-libstdcxx-time=yes --with-default-libstdcxx-abi=new --enable-gnu-unique-object --disable-vtable-verify --enable-libmpx --enable-plugin --with-system-zlib --disable-browser-plugin --enable-java-awt=gtk --enable-gtk-cairo --with-java-home=/usr/lib/jvm/java-1.5.0-gcj-5-amd64/jre --enable-java-home --with-jvm-root-dir=/usr/lib/jvm/java-1.5.0-gcj-5-amd64 --with-jvm-jar-dir=/usr/lib/jvm-exports/java-1.5.0-gcj-5-amd64 --with-arch-directory=amd64 --with-ecj-jar=/usr/share/java/eclipse-ecj.jar --enable-objc-gc --enable-multiarch --disable-werror --with-arch-32=i686 --with-abi=m64 --with-multilib-list=m32,m64,mx32 --enable-multilib --with-tune=generic --enable-checking=release --build=x86_64-linux-gnu --host=x86_64-linux-gnu --target=x86_64-linux-gnu
Thread model: posix
gcc version 5.4.0 20160609 (Ubuntu 5.4.0-6ubuntu1~16.04.4) 
COMPILER_PATH=/usr/lib/gcc/x86_64-linux-gnu/5/:/usr/lib/gcc/x86_64-linux-gnu/5/:/usr/lib/gcc/x86_64-linux-gnu/:/usr/lib/gcc/x86_64-linux-gnu/5/:/usr/lib/gcc/x86_64-linux-gnu/
LIBRARY_PATH=/usr/lib/gcc/x86_64-linux-gnu/5/:/usr/lib/gcc/x86_64-linux-gnu/5/../../../x86_64-linux-gnu/:/usr/lib/gcc/x86_64-linux-gnu/5/../../../../lib/:/lib/x86_64-linux-gnu/:/lib/../lib/:/usr/lib/x86_64-linux-gnu/:/usr/lib/../lib/:/usr/lib/gcc/x86_64-linux-gnu/5/../../../:/lib/:/usr/lib/
COLLECT_GCC_OPTIONS='-v' '-o' 'cmTC_a4feb' '-rdynamic' '-shared-libgcc' '-mtune=generic' '-march=x86-64'
 /usr/lib/gcc/x86_64-linux-gnu/5/collect2 -plugin /usr/lib/gcc/x86_64-linux-gnu/5/liblto_plugin.so -plugin-opt=/usr/lib/gcc/x86_64-linux-gnu/5/lto-wrapper -plugin-opt=-fresolution=/tmp/cchfeECT.res -plugin-opt=-pass-through=-lgcc_s -plugin-opt=-pass-through=-lgcc -plugin-opt=-pass-through=-lc -plugin-opt=-pass-through=-lgcc_s -plugin-opt=-pass-through=-lgcc --sysroot=/ --build-id --eh-frame-hdr -m elf_x86_64 --hash-style=gnu --as-needed -export-dynamic -dynamic-linker /lib64/ld-linux-x86-64.so.2 -z relro -o cmTC_a4feb /usr/lib/gcc/x86_64-linux-gnu/5/../../../x86_64-linux-gnu/crt1.o /usr/lib/gcc/x86_64-linux-gnu/5/../../../x86_64-linux-gnu/crti.o /usr/lib/gcc/x86_64-linux-gnu/5/crtbegin.o -L/usr/lib/gcc/x86_64-linux-gnu/5 -L/usr/lib/gcc/x86_64-linux-gnu/5/../../../x86_64-linux-gnu -L/usr/lib/gcc/x86_64-linux-gnu/5/../../../../lib -L/lib/x86_64-linux-gnu -L/lib/../lib -L/usr/lib/x86_64-linux-gnu -L/usr/lib/../lib -L/usr/lib/gcc/x86_64-linux-gnu/5/../../.. CMakeFiles/cmTC_a4feb.dir/CMakeCXXCompilerABI.cpp.o -lstdc++ -lm -lgcc_s -lgcc -lc -lgcc_s -lgcc /usr/lib/gcc/x86_64-linux-gnu/5/crtend.o /usr/lib/gcc/x86_64-linux-gnu/5/../../../x86_64-linux-gnu/crtn.o
make[1]: se sale del directorio '/home/salabeta/robocomp/components/roboticaCC/supervisor/CMakeFiles/CMakeTmp'


Parsed CXX implicit link information from above output:
  link line regex: [^( *|.*[/\])(ld|([^/\]+-)?ld|collect2)[^/\]*( |$)]
  ignore line: [Change Dir: /home/salabeta/robocomp/components/roboticaCC/supervisor/CMakeFiles/CMakeTmp]
  ignore line: []
  ignore line: [Run Build Command:"/usr/bin/make" "cmTC_a4feb/fast"]
  ignore line: [/usr/bin/make -f CMakeFiles/cmTC_a4feb.dir/build.make CMakeFiles/cmTC_a4feb.dir/build]
  ignore line: [make[1]: se entra en el directorio '/home/salabeta/robocomp/components/roboticaCC/supervisor/CMakeFiles/CMakeTmp']
  ignore line: [Building CXX object CMakeFiles/cmTC_a4feb.dir/CMakeCXXCompilerABI.cpp.o]
  ignore line: [/usr/bin/c++      -o CMakeFiles/cmTC_a4feb.dir/CMakeCXXCompilerABI.cpp.o -c /usr/share/cmake-3.5/Modules/CMakeCXXCompilerABI.cpp]
  ignore line: [Linking CXX executable cmTC_a4feb]
  ignore line: [/usr/bin/cmake -E cmake_link_script CMakeFiles/cmTC_a4feb.dir/link.txt --verbose=1]
  ignore line: [/usr/bin/c++       -v CMakeFiles/cmTC_a4feb.dir/CMakeCXXCompilerABI.cpp.o  -o cmTC_a4feb -rdynamic  ]
  ignore line: [Using built-in specs.]
  ignore line: [COLLECT_GCC=/usr/bin/c++]
  ignore line: [COLLECT_LTO_WRAPPER=/usr/lib/gcc/x86_64-linux-gnu/5/lto-wrapper]
  ignore line: [Target: x86_64-linux-gnu]
  ignore line: [Configured with: ../src/configure -v --with-pkgversion='Ubuntu 5.4.0-6ubuntu1~16.04.4' --with-bugurl=file:///usr/share/doc/gcc-5/README.Bugs --enable-languages=c,ada,c++,java,go,d,fortran,objc,obj-c++ --prefix=/usr --program-suffix=-5 --enable-shared --enable-linker-build-id --libexecdir=/usr/lib --without-included-gettext --enable-threads=posix --libdir=/usr/lib --enable-nls --with-sysroot=/ --enable-clocale=gnu --enable-libstdcxx-debug --enable-libstdcxx-time=yes --with-default-libstdcxx-abi=new --enable-gnu-unique-object --disable-vtable-verify --enable-libmpx --enable-plugin --with-system-zlib --disable-browser-plugin --enable-java-awt=gtk --enable-gtk-cairo --with-java-home=/usr/lib/jvm/java-1.5.0-gcj-5-amd64/jre --enable-java-home --with-jvm-root-dir=/usr/lib/jvm/java-1.5.0-gcj-5-amd64 --with-jvm-jar-dir=/usr/lib/jvm-exports/java-1.5.0-gcj-5-amd64 --with-arch-directory=amd64 --with-ecj-jar=/usr/share/java/eclipse-ecj.jar --enable-objc-gc --enable-multiarch --disable-werror --with-arch-32=i686 --with-abi=m64 --with-multilib-list=m32,m64,mx32 --enable-multilib --with-tune=generic --enable-checking=release --build=x86_64-linux-gnu --host=x86_64-linux-gnu --target=x86_64-linux-gnu]
  ignore line: [Thread model: posix]
  ignore line: [gcc version 5.4.0 20160609 (Ubuntu 5.4.0-6ubuntu1~16.04.4) ]
  ignore line: [COMPILER_PATH=/usr/lib/gcc/x86_64-linux-gnu/5/:/usr/lib/gcc/x86_64-linux-gnu/5/:/usr/lib/gcc/x86_64-linux-gnu/:/usr/lib/gcc/x86_64-linux-gnu/5/:/usr/lib/gcc/x86_64-linux-gnu/]
  ignore line: [LIBRARY_PATH=/usr/lib/gcc/x86_64-linux-gnu/5/:/usr/lib/gcc/x86_64-linux-gnu/5/../../../x86_64-linux-gnu/:/usr/lib/gcc/x86_64-linux-gnu/5/../../../../lib/:/lib/x86_64-linux-gnu/:/lib/../lib/:/usr/lib/x86_64-linux-gnu/:/usr/lib/../lib/:/usr/lib/gcc/x86_64-linux-gnu/5/../../../:/lib/:/usr/lib/]
  ignore line: [COLLECT_GCC_OPTIONS='-v' '-o' 'cmTC_a4feb' '-rdynamic' '-shared-libgcc' '-mtune=generic' '-march=x86-64']
  link line: [ /usr/lib/gcc/x86_64-linux-gnu/5/collect2 -plugin /usr/lib/gcc/x86_64-linux-gnu/5/liblto_plugin.so -plugin-opt=/usr/lib/gcc/x86_64-linux-gnu/5/lto-wrapper -plugin-opt=-fresolution=/tmp/cchfeECT.res -plugin-opt=-pass-through=-lgcc_s -plugin-opt=-pass-through=-lgcc -plugin-opt=-pass-through=-lc -plugin-opt=-pass-through=-lgcc_s -plugin-opt=-pass-through=-lgcc --sysroot=/ --build-id --eh-frame-hdr -m elf_x86_64 --hash-style=gnu --as-needed -export-dynamic -dynamic-linker /lib64/ld-linux-x86-64.so.2 -z relro -o cmTC_a4feb /usr/lib/gcc/x86_64-linux-gnu/5/../../../x86_64-linux-gnu/crt1.o /usr/lib/gcc/x86_64-linux-gnu/5/../../../x86_64-linux-gnu/crti.o /usr/lib/gcc/x86_64-linux-gnu/5/crtbegin.o -L/usr/lib/gcc/x86_64-linux-gnu/5 -L/usr/lib/gcc/x86_64-linux-gnu/5/../../../x86_64-linux-gnu -L/usr/lib/gcc/x86_64-linux-gnu/5/../../../../lib -L/lib/x86_64-linux-gnu -L/lib/../lib -L/usr/lib/x86_64-linux-gnu -L/usr/lib/../lib -L/usr/lib/gcc/x86_64-linux-gnu/5/../../.. CMakeFiles/cmTC_a4feb.dir/CMakeCXXCompilerABI.cpp.o -lstdc++ -lm -lgcc_s -lgcc -lc -lgcc_s -lgcc /usr/lib/gcc/x86_64-linux-gnu/5/crtend.o /usr/lib/gcc/x86_64-linux-gnu/5/../../../x86_64-linux-gnu/crtn.o]
    arg [/usr/lib/gcc/x86_64-linux-gnu/5/collect2] ==> ignore
    arg [-plugin] ==> ignore
    arg [/usr/lib/gcc/x86_64-linux-gnu/5/liblto_plugin.so] ==> ignore
    arg [-plugin-opt=/usr/lib/gcc/x86_64-linux-gnu/5/lto-wrapper] ==> ignore
    arg [-plugin-opt=-fresolution=/tmp/cchfeECT.res] ==> ignore
    arg [-plugin-opt=-pass-through=-lgcc_s] ==> ignore
    arg [-plugin-opt=-pass-through=-lgcc] ==> ignore
    arg [-plugin-opt=-pass-through=-lc] ==> ignore
    arg [-plugin-opt=-pass-through=-lgcc_s] ==> ignore
    arg [-plugin-opt=-pass-through=-lgcc] ==> ignore
    arg [--sysroot=/] ==> ignore
    arg [--build-id] ==> ignore
    arg [--eh-frame-hdr] ==> ignore
    arg [-m] ==> ignore
    arg [elf_x86_64] ==> ignore
    arg [--hash-style=gnu] ==> ignore
    arg [--as-needed] ==> ignore
    arg [-export-dynamic] ==> ignore
    arg [-dynamic-linker] ==> ignore
    arg [/lib64/ld-linux-x86-64.so.2] ==> ignore
    arg [-zrelro] ==> ignore
    arg [-o] ==> ignore
    arg [cmTC_a4feb] ==> ignore
    arg [/usr/lib/gcc/x86_64-linux-gnu/5/../../../x86_64-linux-gnu/crt1.o] ==> ignore
    arg [/usr/lib/gcc/x86_64-linux-gnu/5/../../../x86_64-linux-gnu/crti.o] ==> ignore
    arg [/usr/lib/gcc/x86_64-linux-gnu/5/crtbegin.o] ==> ignore
    arg [-L/usr/lib/gcc/x86_64-linux-gnu/5] ==> dir [/usr/lib/gcc/x86_64-linux-gnu/5]
    arg [-L/usr/lib/gcc/x86_64-linux-gnu/5/../../../x86_64-linux-gnu] ==> dir [/usr/lib/gcc/x86_64-linux-gnu/5/../../../x86_64-linux-gnu]
    arg [-L/usr/lib/gcc/x86_64-linux-gnu/5/../../../../lib] ==> dir [/usr/lib/gcc/x86_64-linux-gnu/5/../../../../lib]
    arg [-L/lib/x86_64-linux-gnu] ==> dir [/lib/x86_64-linux-gnu]
    arg [-L/lib/../lib] ==> dir [/lib/../lib]
    arg [-L/usr/lib/x86_64-linux-gnu] ==> dir [/usr/lib/x86_64-linux-gnu]
    arg [-L/usr/lib/../lib] ==> dir [/usr/lib/../lib]
    arg [-L/usr/lib/gcc/x86_64-linux-gnu/5/../../..] ==> dir [/usr/lib/gcc/x86_64-linux-gnu/5/../../..]
    arg [CMakeFiles/cmTC_a4feb.dir/CMakeCXXCompilerABI.cpp.o] ==> ignore
    arg [-lstdc++] ==> lib [stdc++]
    arg [-lm] ==> lib [m]
    arg [-lgcc_s] ==> lib [gcc_s]
    arg [-lgcc] ==> lib [gcc]
    arg [-lc] ==> lib [c]
    arg [-lgcc_s] ==> lib [gcc_s]
    arg [-lgcc] ==> lib [gcc]
    arg [/usr/lib/gcc/x86_64-linux-gnu/5/crtend.o] ==> ignore
    arg [/usr/lib/gcc/x86_64-linux-gnu/5/../../../x86_64-linux-gnu/crtn.o] ==> ignore
  remove lib [gcc_s]
  remove lib [gcc]
  remove lib [gcc_s]
  remove lib [gcc]
  collapse library dir [/usr/lib/gcc/x86_64-linux-gnu/5] ==> [/usr/lib/gcc/x86_64-linux-gnu/5]
  collapse library dir [/usr/lib/gcc/x86_64-linux-gnu/5/../../../x86_64-linux-gnu] ==> [/usr/lib/x86_64-linux-gnu]
  collapse library dir [/usr/lib/gcc/x86_64-linux-gnu/5/../../../../lib] ==> [/usr/lib]
  collapse library dir [/lib/x86_64-linux-gnu] ==> [/lib/x86_64-linux-gnu]
  collapse library dir [/lib/../lib] ==> [/lib]
  collapse library dir [/usr/lib/x86_64-linux-gnu] ==> [/usr/lib/x86_64-linux-gnu]
  collapse library dir [/usr/lib/../lib] ==> [/usr/lib]
  collapse library dir [/usr/lib/gcc/x86_64-linux-gnu/5/../../..] ==> [/usr/lib]
  implicit libs: [stdc++;m;c]
  implicit dirs: [/usr/lib/gcc/x86_64-linux-gnu/5;/usr/lib/x86_64-linux-gnu;/usr/lib;/lib/x86_64-linux-gnu;/lib]
  implicit fwks: []




Detecting CXX [-std=c++14] compiler features compiled with the following output:
Change Dir: /home/salabeta/robocomp/components/roboticaCC/supervisor/CMakeFiles/CMakeTmp

Run Build Command:"/usr/bin/make" "cmTC_0ce32/fast"
/usr/bin/make -f CMakeFiles/cmTC_0ce32.dir/build.make CMakeFiles/cmTC_0ce32.dir/build
make[1]: se entra en el directorio '/home/salabeta/robocomp/components/roboticaCC/supervisor/CMakeFiles/CMakeTmp'
Building CXX object CMakeFiles/cmTC_0ce32.dir/feature_tests.cxx.o
/usr/bin/c++     -std=c++14 -o CMakeFiles/cmTC_0ce32.dir/feature_tests.cxx.o -c /home/salabeta/robocomp/components/roboticaCC/supervisor/CMakeFiles/feature_tests.cxx
Linking CXX executable cmTC_0ce32
/usr/bin/cmake -E cmake_link_script CMakeFiles/cmTC_0ce32.dir/link.txt --verbose=1
/usr/bin/c++        CMakeFiles/cmTC_0ce32.dir/feature_tests.cxx.o  -o cmTC_0ce32 -rdynamic 
make[1]: se sale del directorio '/home/salabeta/robocomp/components/roboticaCC/supervisor/CMakeFiles/CMakeTmp'


    Feature record: CXX_FEATURE:1cxx_aggregate_default_initializers
    Feature record: CXX_FEATURE:1cxx_alias_templates
    Feature record: CXX_FEATURE:1cxx_alignas
    Feature record: CXX_FEATURE:1cxx_alignof
    Feature record: CXX_FEATURE:1cxx_attributes
    Feature record: CXX_FEATURE:1cxx_attribute_deprecated
    Feature record: CXX_FEATURE:1cxx_auto_type
    Feature record: CXX_FEATURE:1cxx_binary_literals
    Feature record: CXX_FEATURE:1cxx_constexpr
    Feature record: CXX_FEATURE:1cxx_contextual_conversions
    Feature record: CXX_FEATURE:1cxx_decltype
    Feature record: CXX_FEATURE:1cxx_decltype_auto
    Feature record: CXX_FEATURE:1cxx_decltype_incomplete_return_types
    Feature record: CXX_FEATURE:1cxx_default_function_template_args
    Feature record: CXX_FEATURE:1cxx_defaulted_functions
    Feature record: CXX_FEATURE:1cxx_defaulted_move_initializers
    Feature record: CXX_FEATURE:1cxx_delegating_constructors
    Feature record: CXX_FEATURE:1cxx_deleted_functions
    Feature record: CXX_FEATURE:1cxx_digit_separators
    Feature record: CXX_FEATURE:1cxx_enum_forward_declarations
    Feature record: CXX_FEATURE:1cxx_explicit_conversions
    Feature record: CXX_FEATURE:1cxx_extended_friend_declarations
    Feature record: CXX_FEATURE:1cxx_extern_templates
    Feature record: CXX_FEATURE:1cxx_final
    Feature record: CXX_FEATURE:1cxx_func_identifier
    Feature record: CXX_FEATURE:1cxx_generalized_initializers
    Feature record: CXX_FEATURE:1cxx_generic_lambdas
    Feature record: CXX_FEATURE:1cxx_inheriting_constructors
    Feature record: CXX_FEATURE:1cxx_inline_namespaces
    Feature record: CXX_FEATURE:1cxx_lambdas
    Feature record: CXX_FEATURE:1cxx_lambda_init_captures
    Feature record: CXX_FEATURE:1cxx_local_type_template_args
    Feature record: CXX_FEATURE:1cxx_long_long_type
    Feature record: CXX_FEATURE:1cxx_noexcept
    Feature record: CXX_FEATURE:1cxx_nonstatic_member_init
    Feature record: CXX_FEATURE:1cxx_nullptr
    Feature record: CXX_FEATURE:1cxx_override
    Feature record: CXX_FEATURE:1cxx_range_for
    Feature record: CXX_FEATURE:1cxx_raw_string_literals
    Feature record: CXX_FEATURE:1cxx_reference_qualified_functions
    Feature record: CXX_FEATURE:1cxx_relaxed_constexpr
    Feature record: CXX_FEATURE:1cxx_return_type_deduction
    Feature record: CXX_FEATURE:1cxx_right_angle_brackets
    Feature record: CXX_FEATURE:1cxx_rvalue_references
    Feature record: CXX_FEATURE:1cxx_sizeof_member
    Feature record: CXX_FEATURE:1cxx_static_assert
    Feature record: CXX_FEATURE:1cxx_strong_enums
    Feature record: CXX_FEATURE:1cxx_template_template_parameters
    Feature record: CXX_FEATURE:1cxx_thread_local
    Feature record: CXX_FEATURE:1cxx_trailing_return_types
    Feature record: CXX_FEATURE:1cxx_unicode_literals
    Feature record: CXX_FEATURE:1cxx_uniform_initialization
    Feature record: CXX_FEATURE:1cxx_unrestricted_unions
    Feature record: CXX_FEATURE:1cxx_user_literals
    Feature record: CXX_FEATURE:1cxx_variable_templates
    Feature record: CXX_FEATURE:1cxx_variadic_macros
    Feature record: CXX_FEATURE:1cxx_variadic_templates


Detecting CXX [-std=c++11] compiler features compiled with the following output:
Change Dir: /home/salabeta/robocomp/components/roboticaCC/supervisor/CMakeFiles/CMakeTmp

Run Build Command:"/usr/bin/make" "cmTC_492b3/fast"
/usr/bin/make -f CMakeFiles/cmTC_492b3.dir/build.make CMakeFiles/cmTC_492b3.dir/build
make[1]: se entra en el directorio '/home/salabeta/robocomp/components/roboticaCC/supervisor/CMakeFiles/CMakeTmp'
Building CXX object CMakeFiles/cmTC_492b3.dir/feature_tests.cxx.o
/usr/bin/c++     -std=c++11 -o CMakeFiles/cmTC_492b3.dir/feature_tests.cxx.o -c /home/salabeta/robocomp/components/roboticaCC/supervisor/CMakeFiles/feature_tests.cxx
Linking CXX executable cmTC_492b3
/usr/bin/cmake -E cmake_link_script CMakeFiles/cmTC_492b3.dir/link.txt --verbose=1
/usr/bin/c++        CMakeFiles/cmTC_492b3.dir/feature_tests.cxx.o  -o cmTC_492b3 -rdynamic 
make[1]: se sale del directorio '/home/salabeta/robocomp/components/roboticaCC/supervisor/CMakeFiles/CMakeTmp'


    Feature record: CXX_FEATURE:0cxx_aggregate_default_initializers
    Feature record: CXX_FEATURE:1cxx_alias_templates
    Feature record: CXX_FEATURE:1cxx_alignas
    Feature record: CXX_FEATURE:1cxx_alignof
    Feature record: CXX_FEATURE:1cxx_attributes
    Feature record: CXX_FEATURE:0cxx_attribute_deprecated
    Feature record: CXX_FEATURE:1cxx_auto_type
    Feature record: CXX_FEATURE:0cxx_binary_literals
    Feature record: CXX_FEATURE:1cxx_constexpr
    Feature record: CXX_FEATURE:0cxx_contextual_conversions
    Feature record: CXX_FEATURE:1cxx_decltype
    Feature record: CXX_FEATURE:0cxx_decltype_auto
    Feature record: CXX_FEATURE:1cxx_decltype_incomplete_return_types
    Feature record: CXX_FEATURE:1cxx_default_function_template_args
    Feature record: CXX_FEATURE:1cxx_defaulted_functions
    Feature record: CXX_FEATURE:1cxx_defaulted_move_initializers
    Feature record: CXX_FEATURE:1cxx_delegating_constructors
    Feature record: CXX_FEATURE:1cxx_deleted_functions
    Feature record: CXX_FEATURE:0cxx_digit_separators
    Feature record: CXX_FEATURE:1cxx_enum_forward_declarations
    Feature record: CXX_FEATURE:1cxx_explicit_conversions
    Feature record: CXX_FEATURE:1cxx_extended_friend_declarations
    Feature record: CXX_FEATURE:1cxx_extern_templates
    Feature record: CXX_FEATURE:1cxx_final
    Feature record: CXX_FEATURE:1cxx_func_identifier
    Feature record: CXX_FEATURE:1cxx_generalized_initializers
    Feature record: CXX_FEATURE:0cxx_generic_lambdas
    Feature record: CXX_FEATURE:1cxx_inheriting_constructors
    Feature record: CXX_FEATURE:1cxx_inline_namespaces
    Feature record: CXX_FEATURE:1cxx_lambdas
    Feature record: CXX_FEATURE:0cxx_lambda_init_captures
    Feature record: CXX_FEATURE:1cxx_local_type_template_args
    Feature record: CXX_FEATURE:1cxx_long_long_type
    Feature record: CXX_FEATURE:1cxx_noexcept
    Feature record: CXX_FEATURE:1cxx_nonstatic_member_init
    Feature record: CXX_FEATURE:1cxx_nullptr
    Feature record: CXX_FEATURE:1cxx_override
    Feature record: CXX_FEATURE:1cxx_range_for
    Feature record: CXX_FEATURE:1cxx_raw_string_literals
    Feature record: CXX_FEATURE:1cxx_reference_qualified_functions
    Feature record: CXX_FEATURE:0cxx_relaxed_constexpr
    Feature record: CXX_FEATURE:0cxx_return_type_deduction
    Feature record: CXX_FEATURE:1cxx_right_angle_brackets
    Feature record: CXX_FEATURE:1cxx_rvalue_references
    Feature record: CXX_FEATURE:1cxx_sizeof_member
    Feature record: CXX_FEATURE:1cxx_static_assert
    Feature record: CXX_FEATURE:1cxx_strong_enums
    Feature record: CXX_FEATURE:1cxx_template_template_parameters
    Feature record: CXX_FEATURE:1cxx_thread_local
    Feature record: CXX_FEATURE:1cxx_trailing_return_types
    Feature record: CXX_FEATURE:1cxx_unicode_literals
    Feature record: CXX_FEATURE:1cxx_uniform_initialization
    Feature record: CXX_FEATURE:1cxx_unrestricted_unions
    Feature record: CXX_FEATURE:1cxx_user_literals
    Feature record: CXX_FEATURE:0cxx_variable_templates
    Feature record: CXX_FEATURE:1cxx_variadic_macros
    Feature record: CXX_FEATURE:1cxx_variadic_templates


Detecting CXX [-std=c++98] compiler features compiled with the following output:
Change Dir: /home/salabeta/robocomp/components/roboticaCC/supervisor/CMakeFiles/CMakeTmp

Run Build Command:"/usr/bin/make" "cmTC_835b0/fast"
/usr/bin/make -f CMakeFiles/cmTC_835b0.dir/build.make CMakeFiles/cmTC_835b0.dir/build
make[1]: se entra en el directorio '/home/salabeta/robocomp/components/roboticaCC/supervisor/CMakeFiles/CMakeTmp'
Building CXX object CMakeFiles/cmTC_835b0.dir/feature_tests.cxx.o
/usr/bin/c++     -std=c++98 -o CMakeFiles/cmTC_835b0.dir/feature_tests.cxx.o -c /home/salabeta/robocomp/components/roboticaCC/supervisor/CMakeFiles/feature_tests.cxx
Linking CXX executable cmTC_835b0
/usr/bin/cmake -E cmake_link_script CMakeFiles/cmTC_835b0.dir/link.txt --verbose=1
/usr/bin/c++        CMakeFiles/cmTC_835b0.dir/feature_tests.cxx.o  -o cmTC_835b0 -rdynamic 
make[1]: se sale del directorio '/home/salabeta/robocomp/components/roboticaCC/supervisor/CMakeFiles/CMakeTmp'


    Feature record: CXX_FEATURE:0cxx_aggregate_default_initializers
    Feature record: CXX_FEATURE:0cxx_alias_templates
    Feature record: CXX_FEATURE:0cxx_alignas
    Feature record: CXX_FEATURE:0cxx_alignof
    Feature record: CXX_FEATURE:0cxx_attributes
    Feature record: CXX_FEATURE:0cxx_attribute_deprecated
    Feature record: CXX_FEATURE:0cxx_auto_type
    Feature record: CXX_FEATURE:0cxx_binary_literals
    Feature record: CXX_FEATURE:0cxx_constexpr
    Feature record: CXX_FEATURE:0cxx_contextual_conversions
    Feature record: CXX_FEATURE:0cxx_decltype
    Feature record: CXX_FEATURE:0cxx_decltype_auto
    Feature record: CXX_FEATURE:0cxx_decltype_incomplete_return_types
    Feature record: CXX_FEATURE:0cxx_default_function_template_args
    Feature record: CXX_FEATURE:0cxx_defaulted_functions
    Feature record: CXX_FEATURE:0cxx_defaulted_move_initializers
    Feature record: CXX_FEATURE:0cxx_delegating_constructors
    Feature record: CXX_FEATURE:0cxx_deleted_functions
    Feature record: CXX_FEATURE:0cxx_digit_separators
    Feature record: CXX_FEATURE:0cxx_enum_forward_declarations
    Feature record: CXX_FEATURE:0cxx_explicit_conversions
    Feature record: CXX_FEATURE:0cxx_extended_friend_declarations
    Feature record: CXX_FEATURE:0cxx_extern_templates
    Feature record: CXX_FEATURE:0cxx_final
    Feature record: CXX_FEATURE:0cxx_func_identifier
    Feature record: CXX_FEATURE:0cxx_generalized_initializers
    Feature record: CXX_FEATURE:0cxx_generic_lambdas
    Feature record: CXX_FEATURE:0cxx_inheriting_constructors
    Feature record: CXX_FEATURE:0cxx_inline_namespaces
    Feature record: CXX_FEATURE:0cxx_lambdas
    Feature record: CXX_FEATURE:0cxx_lambda_init_captures
    Feature record: CXX_FEATURE:0cxx_local_type_template_args
    Feature record: CXX_FEATURE:0cxx_long_long_type
    Feature record: CXX_FEATURE:0cxx_noexcept
    Feature record: CXX_FEATURE:0cxx_nonstatic_member_init
    Feature record: CXX_FEATURE:0cxx_nullptr
    Feature record: CXX_FEATURE:0cxx_override
    Feature record: CXX_FEATURE:0cxx_range_for
    Feature record: CXX_FEATURE:0cxx_raw_string_literals
    Feature record: CXX_FEATURE:0cxx_reference_qualified_functions
    Feature record: CXX_FEATURE:0cxx_relaxed_constexpr
    Feature record: CXX_FEATURE:0cxx_return_type_deduction
    Feature record: CXX_FEATURE:0cxx_right_angle_brackets
    Feature record: CXX_FEATURE:0cxx_rvalue_references
    Feature record: CXX_FEATURE:0cxx_sizeof_member
    Feature record: CXX_FEATURE:0cxx_static_assert
    Feature record: CXX_FEATURE:0cxx_strong_enums
    Feature record: CXX_FEATURE:1cxx_template_template_parameters
    Feature record: CXX_FEATURE:0cxx_thread_local
    Feature record: CXX_FEATURE:0cxx_trailing_return_types
    Feature record: CXX_FEATURE:0cxx_unicode_literals
    Feature record: CXX_FEATURE:0cxx_uniform_initialization
    Feature record: CXX_FEATURE:0cxx_unrestricted_unions
    Feature record: CXX_FEATURE:0cxx_user_literals
    Feature record: CXX_FEATURE:0cxx_variable_templates
    Feature record: CXX_FEATURE:0cxx_variadic_macros
    Feature record: CXX_FEATURE:0cxx_variadic_templates
Determining if the Q_WS_X11 exist passed with the following output:
Change Dir: /home/salabeta/robocomp/components/roboticaCC/supervisor/CMakeFiles/CMakeTmp

Run Build Command:"/usr/bin/make" "cmTC_43aab/fast"
/usr/bin/make -f CMakeFiles/cmTC_43aab.dir/build.make CMakeFiles/cmTC_43aab.dir/build
make[1]: se entra en el directorio '/home/salabeta/robocomp/components/roboticaCC/supervisor/CMakeFiles/CMakeTmp'
Building CXX object CMakeFiles/cmTC_43aab.dir/CheckSymbolExists.cxx.o
/usr/bin/c++    -I/usr/include/qt4   -o CMakeFiles/cmTC_43aab.dir/CheckSymbolExists.cxx.o -c /home/salabeta/robocomp/components/roboticaCC/supervisor/CMakeFiles/CMakeTmp/CheckSymbolExists.cxx
Linking CXX executable cmTC_43aab
/usr/bin/cmake -E cmake_link_script CMakeFiles/cmTC_43aab.dir/link.txt --verbose=1
/usr/bin/c++        CMakeFiles/cmTC_43aab.dir/CheckSymbolExists.cxx.o  -o cmTC_43aab -rdynamic 
make[1]: se sale del directorio '/home/salabeta/robocomp/components/roboticaCC/supervisor/CMakeFiles/CMakeTmp'

File /home/salabeta/robocomp/components/roboticaCC/supervisor/CMakeFiles/CMakeTmp/CheckSymbolExists.cxx:
/* */
#include <QtCore/qglobal.h>

int main(int argc, char** argv)
{
  (void)argv;
#ifndef Q_WS_X11
  return ((int*)(&Q_WS_X11))[argc];
#else
  (void)argc;
  return 0;
#endif
}

Determining if the Q_WS_X11 exist passed with the following output:
Change Dir: /home/crivac/robocomp/components/roboticaCC/supervisor/CMakeFiles/CMakeTmp

Run Build Command:"/usr/bin/make" "cmTC_e6d21/fast"
/usr/bin/make -f CMakeFiles/cmTC_e6d21.dir/build.make CMakeFiles/cmTC_e6d21.dir/build
make[1]: se entra en el directorio '/home/crivac/robocomp/components/roboticaCC/supervisor/CMakeFiles/CMakeTmp'
Building CXX object CMakeFiles/cmTC_e6d21.dir/CheckSymbolExists.cxx.o
/usr/bin/c++    -I/usr/include/qt4   -o CMakeFiles/cmTC_e6d21.dir/CheckSymbolExists.cxx.o -c /home/crivac/robocomp/components/roboticaCC/supervisor/CMakeFiles/CMakeTmp/CheckSymbolExists.cxx
Linking CXX executable cmTC_e6d21
/usr/bin/cmake -E cmake_link_script CMakeFiles/cmTC_e6d21.dir/link.txt --verbose=1
/usr/bin/c++        CMakeFiles/cmTC_e6d21.dir/CheckSymbolExists.cxx.o  -o cmTC_e6d21 -rdynamic 
make[1]: se sale del directorio '/home/crivac/robocomp/components/roboticaCC/supervisor/CMakeFiles/CMakeTmp'

File /home/crivac/robocomp/components/roboticaCC/supervisor/CMakeFiles/CMakeTmp/CheckSymbolExists.cxx:
/* */
#include <QtCore/qglobal.h>

int main(int argc, char** argv)
{
  (void)argv;
#ifndef Q_WS_X11
  return ((int*)(&Q_WS_X11))[argc];
#else
  (void)argc;
  return 0;
#endif
}

Determining if the Q_WS_X11 exist passed with the following output:
Change Dir: /home/crivac/robocomp/components/roboticaCC/supervisor/CMakeFiles/CMakeTmp

Run Build Command:"/usr/bin/make" "cmTC_83860/fast"
/usr/bin/make -f CMakeFiles/cmTC_83860.dir/build.make CMakeFiles/cmTC_83860.dir/build
make[1]: se entra en el directorio '/home/crivac/robocomp/components/roboticaCC/supervisor/CMakeFiles/CMakeTmp'
Building CXX object CMakeFiles/cmTC_83860.dir/CheckSymbolExists.cxx.o
/usr/bin/c++    -I/usr/include/qt4   -o CMakeFiles/cmTC_83860.dir/CheckSymbolExists.cxx.o -c /home/crivac/robocomp/components/roboticaCC/supervisor/CMakeFiles/CMakeTmp/CheckSymbolExists.cxx
Linking CXX executable cmTC_83860
/usr/bin/cmake -E cmake_link_script CMakeFiles/cmTC_83860.dir/link.txt --verbose=1
/usr/bin/c++        CMakeFiles/cmTC_83860.dir/CheckSymbolExists.cxx.o  -o cmTC_83860 -rdynamic 
make[1]: se sale del directorio '/home/crivac/robocomp/components/roboticaCC/supervisor/CMakeFiles/CMakeTmp'

File /home/crivac/robocomp/components/roboticaCC/supervisor/CMakeFiles/CMakeTmp/CheckSymbolExists.cxx:
/* */
#include <QtCore/qglobal.h>

int main(int argc, char** argv)
{
  (void)argv;
#ifndef Q_WS_X11
  return ((int*)(&Q_WS_X11))[argc];
#else
  (void)argc;
  return 0;
#endif
}

Determining if the Q_WS_X11 exist passed with the following output:
Change Dir: /home/crivac/robocomp/components/roboticaCC/supervisor/CMakeFiles/CMakeTmp

Run Build Command:"/usr/bin/make" "cmTC_7a0be/fast"
/usr/bin/make -f CMakeFiles/cmTC_7a0be.dir/build.make CMakeFiles/cmTC_7a0be.dir/build
make[1]: se entra en el directorio '/home/crivac/robocomp/components/roboticaCC/supervisor/CMakeFiles/CMakeTmp'
Building CXX object CMakeFiles/cmTC_7a0be.dir/CheckSymbolExists.cxx.o
/usr/bin/c++    -I/usr/include/qt4   -o CMakeFiles/cmTC_7a0be.dir/CheckSymbolExists.cxx.o -c /home/crivac/robocomp/components/roboticaCC/supervisor/CMakeFiles/CMakeTmp/CheckSymbolExists.cxx
Linking CXX executable cmTC_7a0be
/usr/bin/cmake -E cmake_link_script CMakeFiles/cmTC_7a0be.dir/link.txt --verbose=1
/usr/bin/c++        CMakeFiles/cmTC_7a0be.dir/CheckSymbolExists.cxx.o  -o cmTC_7a0be -rdynamic 
make[1]: se sale del directorio '/home/crivac/robocomp/components/roboticaCC/supervisor/CMakeFiles/CMakeTmp'

File /home/crivac/robocomp/components/roboticaCC/supervisor/CMakeFiles/CMakeTmp/CheckSymbolExists.cxx:
/* */
#include <QtCore/qglobal.h>

int main(int argc, char** argv)
{
  (void)argv;
#ifndef Q_WS_X11
  return ((int*)(&Q_WS_X11))[argc];
#else
  (void)argc;
  return 0;
#endif
}

Determining if the Q_WS_X11 exist passed with the following output:
Change Dir: /home/crivac/robocomp/components/roboticaCC/supervisor/CMakeFiles/CMakeTmp

Run Build Command:"/usr/bin/make" "cmTC_975bb/fast"
/usr/bin/make -f CMakeFiles/cmTC_975bb.dir/build.make CMakeFiles/cmTC_975bb.dir/build
make[1]: se entra en el directorio '/home/crivac/robocomp/components/roboticaCC/supervisor/CMakeFiles/CMakeTmp'
Building CXX object CMakeFiles/cmTC_975bb.dir/CheckSymbolExists.cxx.o
/usr/bin/c++    -I/usr/include/qt4   -o CMakeFiles/cmTC_975bb.dir/CheckSymbolExists.cxx.o -c /home/crivac/robocomp/components/roboticaCC/supervisor/CMakeFiles/CMakeTmp/CheckSymbolExists.cxx
Linking CXX executable cmTC_975bb
/usr/bin/cmake -E cmake_link_script CMakeFiles/cmTC_975bb.dir/link.txt --verbose=1
/usr/bin/c++        CMakeFiles/cmTC_975bb.dir/CheckSymbolExists.cxx.o  -o cmTC_975bb -rdynamic 
make[1]: se sale del directorio '/home/crivac/robocomp/components/roboticaCC/supervisor/CMakeFiles/CMakeTmp'

File /home/crivac/robocomp/components/roboticaCC/supervisor/CMakeFiles/CMakeTmp/CheckSymbolExists.cxx:
/* */
#include <QtCore/qglobal.h>

int main(int argc, char** argv)
{
  (void)argv;
#ifndef Q_WS_X11
  return ((int*)(&Q_WS_X11))[argc];
#else
  (void)argc;
  return 0;
#endif
}

Determining if the Q_WS_X11 exist passed with the following output:
Change Dir: /home/crivac/robocomp/components/roboticaCC/supervisor/CMakeFiles/CMakeTmp

Run Build Command:"/usr/bin/make" "cmTC_d0036/fast"
/usr/bin/make -f CMakeFiles/cmTC_d0036.dir/build.make CMakeFiles/cmTC_d0036.dir/build
make[1]: se entra en el directorio '/home/crivac/robocomp/components/roboticaCC/supervisor/CMakeFiles/CMakeTmp'
Building CXX object CMakeFiles/cmTC_d0036.dir/CheckSymbolExists.cxx.o
/usr/bin/c++    -I/usr/include/qt4   -o CMakeFiles/cmTC_d0036.dir/CheckSymbolExists.cxx.o -c /home/crivac/robocomp/components/roboticaCC/supervisor/CMakeFiles/CMakeTmp/CheckSymbolExists.cxx
Linking CXX executable cmTC_d0036
/usr/bin/cmake -E cmake_link_script CMakeFiles/cmTC_d0036.dir/link.txt --verbose=1
/usr/bin/c++        CMakeFiles/cmTC_d0036.dir/CheckSymbolExists.cxx.o  -o cmTC_d0036 -rdynamic 
make[1]: se sale del directorio '/home/crivac/robocomp/components/roboticaCC/supervisor/CMakeFiles/CMakeTmp'

File /home/crivac/robocomp/components/roboticaCC/supervisor/CMakeFiles/CMakeTmp/CheckSymbolExists.cxx:
/* */
#include <QtCore/qglobal.h>

int main(int argc, char** argv)
{
  (void)argv;
#ifndef Q_WS_X11
  return ((int*)(&Q_WS_X11))[argc];
#else
  (void)argc;
  return 0;
#endif
}

Determining if the Q_WS_X11 exist passed with the following output:
Change Dir: /home/crivac/robocomp/components/roboticaCC/supervisor/CMakeFiles/CMakeTmp

Run Build Command:"/usr/bin/make" "cmTC_3dfd1/fast"
/usr/bin/make -f CMakeFiles/cmTC_3dfd1.dir/build.make CMakeFiles/cmTC_3dfd1.dir/build
make[1]: se entra en el directorio '/home/crivac/robocomp/components/roboticaCC/supervisor/CMakeFiles/CMakeTmp'
Building CXX object CMakeFiles/cmTC_3dfd1.dir/CheckSymbolExists.cxx.o
/usr/bin/c++    -I/usr/include/qt4   -o CMakeFiles/cmTC_3dfd1.dir/CheckSymbolExists.cxx.o -c /home/crivac/robocomp/components/roboticaCC/supervisor/CMakeFiles/CMakeTmp/CheckSymbolExists.cxx
Linking CXX executable cmTC_3dfd1
/usr/bin/cmake -E cmake_link_script CMakeFiles/cmTC_3dfd1.dir/link.txt --verbose=1
/usr/bin/c++        CMakeFiles/cmTC_3dfd1.dir/CheckSymbolExists.cxx.o  -o cmTC_3dfd1 -rdynamic 
make[1]: se sale del directorio '/home/crivac/robocomp/components/roboticaCC/supervisor/CMakeFiles/CMakeTmp'

File /home/crivac/robocomp/components/roboticaCC/supervisor/CMakeFiles/CMakeTmp/CheckSymbolExists.cxx:
/* */
#include <QtCore/qglobal.h>

int main(int argc, char** argv)
{
  (void)argv;
#ifndef Q_WS_X11
  return ((int*)(&Q_WS_X11))[argc];
#else
  (void)argc;
  return 0;
#endif
}

Determining if the Q_WS_X11 exist passed with the following output:
Change Dir: /home/crivac/robocomp/components/roboticaCC/supervisor/CMakeFiles/CMakeTmp

Run Build Command:"/usr/bin/make" "cmTC_c31ca/fast"
/usr/bin/make -f CMakeFiles/cmTC_c31ca.dir/build.make CMakeFiles/cmTC_c31ca.dir/build
make[1]: se entra en el directorio '/home/crivac/robocomp/components/roboticaCC/supervisor/CMakeFiles/CMakeTmp'
Building CXX object CMakeFiles/cmTC_c31ca.dir/CheckSymbolExists.cxx.o
/usr/bin/c++    -I/usr/include/qt4   -o CMakeFiles/cmTC_c31ca.dir/CheckSymbolExists.cxx.o -c /home/crivac/robocomp/components/roboticaCC/supervisor/CMakeFiles/CMakeTmp/CheckSymbolExists.cxx
Linking CXX executable cmTC_c31ca
/usr/bin/cmake -E cmake_link_script CMakeFiles/cmTC_c31ca.dir/link.txt --verbose=1
/usr/bin/c++        CMakeFiles/cmTC_c31ca.dir/CheckSymbolExists.cxx.o  -o cmTC_c31ca -rdynamic 
make[1]: se sale del directorio '/home/crivac/robocomp/components/roboticaCC/supervisor/CMakeFiles/CMakeTmp'

File /home/crivac/robocomp/components/roboticaCC/supervisor/CMakeFiles/CMakeTmp/CheckSymbolExists.cxx:
/* */
#include <QtCore/qglobal.h>

int main(int argc, char** argv)
{
  (void)argv;
#ifndef Q_WS_X11
  return ((int*)(&Q_WS_X11))[argc];
#else
  (void)argc;
  return 0;
#endif
}

Determining if the Q_WS_X11 exist passed with the following output:
Change Dir: /home/crivac/robocomp/components/roboticaCC/supervisor/CMakeFiles/CMakeTmp

Run Build Command:"/usr/bin/make" "cmTC_054ff/fast"
/usr/bin/make -f CMakeFiles/cmTC_054ff.dir/build.make CMakeFiles/cmTC_054ff.dir/build
make[1]: se entra en el directorio '/home/crivac/robocomp/components/roboticaCC/supervisor/CMakeFiles/CMakeTmp'
Building CXX object CMakeFiles/cmTC_054ff.dir/CheckSymbolExists.cxx.o
/usr/bin/c++    -I/usr/include/qt4   -o CMakeFiles/cmTC_054ff.dir/CheckSymbolExists.cxx.o -c /home/crivac/robocomp/components/roboticaCC/supervisor/CMakeFiles/CMakeTmp/CheckSymbolExists.cxx
Linking CXX executable cmTC_054ff
/usr/bin/cmake -E cmake_link_script CMakeFiles/cmTC_054ff.dir/link.txt --verbose=1
/usr/bin/c++        CMakeFiles/cmTC_054ff.dir/CheckSymbolExists.cxx.o  -o cmTC_054ff -rdynamic 
make[1]: se sale del directorio '/home/crivac/robocomp/components/roboticaCC/supervisor/CMakeFiles/CMakeTmp'

File /home/crivac/robocomp/components/roboticaCC/supervisor/CMakeFiles/CMakeTmp/CheckSymbolExists.cxx:
/* */
#include <QtCore/qglobal.h>

int main(int argc, char** argv)
{
  (void)argv;
#ifndef Q_WS_X11
  return ((int*)(&Q_WS_X11))[argc];
#else
  (void)argc;
  return 0;
#endif
}

Determining if the Q_WS_X11 exist passed with the following output:
Change Dir: /home/crivac/robocomp/components/roboticaCC/supervisor/CMakeFiles/CMakeTmp

Run Build Command:"/usr/bin/make" "cmTC_0efcf/fast"
/usr/bin/make -f CMakeFiles/cmTC_0efcf.dir/build.make CMakeFiles/cmTC_0efcf.dir/build
make[1]: se entra en el directorio '/home/crivac/robocomp/components/roboticaCC/supervisor/CMakeFiles/CMakeTmp'
Building CXX object CMakeFiles/cmTC_0efcf.dir/CheckSymbolExists.cxx.o
/usr/bin/c++    -I/usr/include/qt4   -o CMakeFiles/cmTC_0efcf.dir/CheckSymbolExists.cxx.o -c /home/crivac/robocomp/components/roboticaCC/supervisor/CMakeFiles/CMakeTmp/CheckSymbolExists.cxx
Linking CXX executable cmTC_0efcf
/usr/bin/cmake -E cmake_link_script CMakeFiles/cmTC_0efcf.dir/link.txt --verbose=1
/usr/bin/c++        CMakeFiles/cmTC_0efcf.dir/CheckSymbolExists.cxx.o  -o cmTC_0efcf -rdynamic 
make[1]: se sale del directorio '/home/crivac/robocomp/components/roboticaCC/supervisor/CMakeFiles/CMakeTmp'

File /home/crivac/robocomp/components/roboticaCC/supervisor/CMakeFiles/CMakeTmp/CheckSymbolExists.cxx:
/* */
#include <QtCore/qglobal.h>

int main(int argc, char** argv)
{
  (void)argv;
#ifndef Q_WS_X11
  return ((int*)(&Q_WS_X11))[argc];
#else
  (void)argc;
  return 0;
#endif
}

Determining if the Q_WS_X11 exist passed with the following output:
Change Dir: /home/crivac/robocomp/components/roboticaCC/supervisor/CMakeFiles/CMakeTmp

Run Build Command:"/usr/bin/make" "cmTC_0999f/fast"
/usr/bin/make -f CMakeFiles/cmTC_0999f.dir/build.make CMakeFiles/cmTC_0999f.dir/build
make[1]: se entra en el directorio '/home/crivac/robocomp/components/roboticaCC/supervisor/CMakeFiles/CMakeTmp'
Building CXX object CMakeFiles/cmTC_0999f.dir/CheckSymbolExists.cxx.o
/usr/bin/c++    -I/usr/include/qt4   -o CMakeFiles/cmTC_0999f.dir/CheckSymbolExists.cxx.o -c /home/crivac/robocomp/components/roboticaCC/supervisor/CMakeFiles/CMakeTmp/CheckSymbolExists.cxx
Linking CXX executable cmTC_0999f
/usr/bin/cmake -E cmake_link_script CMakeFiles/cmTC_0999f.dir/link.txt --verbose=1
/usr/bin/c++        CMakeFiles/cmTC_0999f.dir/CheckSymbolExists.cxx.o  -o cmTC_0999f -rdynamic 
make[1]: se sale del directorio '/home/crivac/robocomp/components/roboticaCC/supervisor/CMakeFiles/CMakeTmp'

File /home/crivac/robocomp/components/roboticaCC/supervisor/CMakeFiles/CMakeTmp/CheckSymbolExists.cxx:
/* */
#include <QtCore/qglobal.h>

int main(int argc, char** argv)
{
  (void)argv;
#ifndef Q_WS_X11
  return ((int*)(&Q_WS_X11))[argc];
#else
  (void)argc;
  return 0;
#endif
}

Determining if the Q_WS_X11 exist passed with the following output:
Change Dir: /home/crivac/robocomp/components/roboticaCC/supervisor/CMakeFiles/CMakeTmp

Run Build Command:"/usr/bin/make" "cmTC_33733/fast"
/usr/bin/make -f CMakeFiles/cmTC_33733.dir/build.make CMakeFiles/cmTC_33733.dir/build
make[1]: se entra en el directorio '/home/crivac/robocomp/components/roboticaCC/supervisor/CMakeFiles/CMakeTmp'
Building CXX object CMakeFiles/cmTC_33733.dir/CheckSymbolExists.cxx.o
/usr/bin/c++    -I/usr/include/qt4   -o CMakeFiles/cmTC_33733.dir/CheckSymbolExists.cxx.o -c /home/crivac/robocomp/components/roboticaCC/supervisor/CMakeFiles/CMakeTmp/CheckSymbolExists.cxx
Linking CXX executable cmTC_33733
/usr/bin/cmake -E cmake_link_script CMakeFiles/cmTC_33733.dir/link.txt --verbose=1
/usr/bin/c++        CMakeFiles/cmTC_33733.dir/CheckSymbolExists.cxx.o  -o cmTC_33733 -rdynamic 
make[1]: se sale del directorio '/home/crivac/robocomp/components/roboticaCC/supervisor/CMakeFiles/CMakeTmp'

File /home/crivac/robocomp/components/roboticaCC/supervisor/CMakeFiles/CMakeTmp/CheckSymbolExists.cxx:
/* */
#include <QtCore/qglobal.h>

int main(int argc, char** argv)
{
  (void)argv;
#ifndef Q_WS_X11
  return ((int*)(&Q_WS_X11))[argc];
#else
  (void)argc;
  return 0;
#endif
}

Determining if the Q_WS_X11 exist passed with the following output:
Change Dir: /home/crivac/robocomp/components/roboticaCC/supervisor/CMakeFiles/CMakeTmp

Run Build Command:"/usr/bin/make" "cmTC_21538/fast"
/usr/bin/make -f CMakeFiles/cmTC_21538.dir/build.make CMakeFiles/cmTC_21538.dir/build
make[1]: se entra en el directorio '/home/crivac/robocomp/components/roboticaCC/supervisor/CMakeFiles/CMakeTmp'
Building CXX object CMakeFiles/cmTC_21538.dir/CheckSymbolExists.cxx.o
/usr/bin/c++    -I/usr/include/qt4   -o CMakeFiles/cmTC_21538.dir/CheckSymbolExists.cxx.o -c /home/crivac/robocomp/components/roboticaCC/supervisor/CMakeFiles/CMakeTmp/CheckSymbolExists.cxx
Linking CXX executable cmTC_21538
/usr/bin/cmake -E cmake_link_script CMakeFiles/cmTC_21538.dir/link.txt --verbose=1
/usr/bin/c++        CMakeFiles/cmTC_21538.dir/CheckSymbolExists.cxx.o  -o cmTC_21538 -rdynamic 
make[1]: se sale del directorio '/home/crivac/robocomp/components/roboticaCC/supervisor/CMakeFiles/CMakeTmp'

File /home/crivac/robocomp/components/roboticaCC/supervisor/CMakeFiles/CMakeTmp/CheckSymbolExists.cxx:
/* */
#include <QtCore/qglobal.h>

int main(int argc, char** argv)
{
  (void)argv;
#ifndef Q_WS_X11
  return ((int*)(&Q_WS_X11))[argc];
#else
  (void)argc;
  return 0;
#endif
}

Determining if the Q_WS_X11 exist passed with the following output:
Change Dir: /home/crivac/robocomp/components/roboticaCC/supervisor/CMakeFiles/CMakeTmp

Run Build Command:"/usr/bin/make" "cmTC_d273f/fast"
/usr/bin/make -f CMakeFiles/cmTC_d273f.dir/build.make CMakeFiles/cmTC_d273f.dir/build
make[1]: se entra en el directorio '/home/crivac/robocomp/components/roboticaCC/supervisor/CMakeFiles/CMakeTmp'
Building CXX object CMakeFiles/cmTC_d273f.dir/CheckSymbolExists.cxx.o
/usr/bin/c++    -I/usr/include/qt4   -o CMakeFiles/cmTC_d273f.dir/CheckSymbolExists.cxx.o -c /home/crivac/robocomp/components/roboticaCC/supervisor/CMakeFiles/CMakeTmp/CheckSymbolExists.cxx
Linking CXX executable cmTC_d273f
/usr/bin/cmake -E cmake_link_script CMakeFiles/cmTC_d273f.dir/link.txt --verbose=1
/usr/bin/c++        CMakeFiles/cmTC_d273f.dir/CheckSymbolExists.cxx.o  -o cmTC_d273f -rdynamic 
make[1]: se sale del directorio '/home/crivac/robocomp/components/roboticaCC/supervisor/CMakeFiles/CMakeTmp'

File /home/crivac/robocomp/components/roboticaCC/supervisor/CMakeFiles/CMakeTmp/CheckSymbolExists.cxx:
/* */
#include <QtCore/qglobal.h>

int main(int argc, char** argv)
{
  (void)argv;
#ifndef Q_WS_X11
  return ((int*)(&Q_WS_X11))[argc];
#else
  (void)argc;
  return 0;
#endif
}

Determining if the Q_WS_X11 exist passed with the following output:
Change Dir: /home/crivac/robocomp/components/roboticaCC/supervisor/CMakeFiles/CMakeTmp

Run Build Command:"/usr/bin/make" "cmTC_49edd/fast"
/usr/bin/make -f CMakeFiles/cmTC_49edd.dir/build.make CMakeFiles/cmTC_49edd.dir/build
make[1]: se entra en el directorio '/home/crivac/robocomp/components/roboticaCC/supervisor/CMakeFiles/CMakeTmp'
Building CXX object CMakeFiles/cmTC_49edd.dir/CheckSymbolExists.cxx.o
/usr/bin/c++    -I/usr/include/qt4   -o CMakeFiles/cmTC_49edd.dir/CheckSymbolExists.cxx.o -c /home/crivac/robocomp/components/roboticaCC/supervisor/CMakeFiles/CMakeTmp/CheckSymbolExists.cxx
Linking CXX executable cmTC_49edd
/usr/bin/cmake -E cmake_link_script CMakeFiles/cmTC_49edd.dir/link.txt --verbose=1
/usr/bin/c++        CMakeFiles/cmTC_49edd.dir/CheckSymbolExists.cxx.o  -o cmTC_49edd -rdynamic 
make[1]: se sale del directorio '/home/crivac/robocomp/components/roboticaCC/supervisor/CMakeFiles/CMakeTmp'

File /home/crivac/robocomp/components/roboticaCC/supervisor/CMakeFiles/CMakeTmp/CheckSymbolExists.cxx:
/* */
#include <QtCore/qglobal.h>

int main(int argc, char** argv)
{
  (void)argv;
#ifndef Q_WS_X11
  return ((int*)(&Q_WS_X11))[argc];
#else
  (void)argc;
  return 0;
#endif
}

Determining if the Q_WS_X11 exist passed with the following output:
Change Dir: /home/crivac/robocomp/components/roboticaCC/supervisor/CMakeFiles/CMakeTmp

Run Build Command:"/usr/bin/make" "cmTC_0553f/fast"
/usr/bin/make -f CMakeFiles/cmTC_0553f.dir/build.make CMakeFiles/cmTC_0553f.dir/build
make[1]: se entra en el directorio '/home/crivac/robocomp/components/roboticaCC/supervisor/CMakeFiles/CMakeTmp'
Building CXX object CMakeFiles/cmTC_0553f.dir/CheckSymbolExists.cxx.o
/usr/bin/c++    -I/usr/include/qt4   -o CMakeFiles/cmTC_0553f.dir/CheckSymbolExists.cxx.o -c /home/crivac/robocomp/components/roboticaCC/supervisor/CMakeFiles/CMakeTmp/CheckSymbolExists.cxx
Linking CXX executable cmTC_0553f
/usr/bin/cmake -E cmake_link_script CMakeFiles/cmTC_0553f.dir/link.txt --verbose=1
/usr/bin/c++        CMakeFiles/cmTC_0553f.dir/CheckSymbolExists.cxx.o  -o cmTC_0553f -rdynamic 
make[1]: se sale del directorio '/home/crivac/robocomp/components/roboticaCC/supervisor/CMakeFiles/CMakeTmp'

File /home/crivac/robocomp/components/roboticaCC/supervisor/CMakeFiles/CMakeTmp/CheckSymbolExists.cxx:
/* */
#include <QtCore/qglobal.h>

int main(int argc, char** argv)
{
  (void)argv;
#ifndef Q_WS_X11
  return ((int*)(&Q_WS_X11))[argc];
#else
  (void)argc;
  return 0;
#endif
}

Determining if the Q_WS_X11 exist passed with the following output:
Change Dir: /home/crivac/robocomp/components/roboticaCC/supervisor/CMakeFiles/CMakeTmp

Run Build Command:"/usr/bin/make" "cmTC_0354f/fast"
/usr/bin/make -f CMakeFiles/cmTC_0354f.dir/build.make CMakeFiles/cmTC_0354f.dir/build
make[1]: se entra en el directorio '/home/crivac/robocomp/components/roboticaCC/supervisor/CMakeFiles/CMakeTmp'
Building CXX object CMakeFiles/cmTC_0354f.dir/CheckSymbolExists.cxx.o
/usr/bin/c++    -I/usr/include/qt4   -o CMakeFiles/cmTC_0354f.dir/CheckSymbolExists.cxx.o -c /home/crivac/robocomp/components/roboticaCC/supervisor/CMakeFiles/CMakeTmp/CheckSymbolExists.cxx
Linking CXX executable cmTC_0354f
/usr/bin/cmake -E cmake_link_script CMakeFiles/cmTC_0354f.dir/link.txt --verbose=1
/usr/bin/c++        CMakeFiles/cmTC_0354f.dir/CheckSymbolExists.cxx.o  -o cmTC_0354f -rdynamic 
make[1]: se sale del directorio '/home/crivac/robocomp/components/roboticaCC/supervisor/CMakeFiles/CMakeTmp'

File /home/crivac/robocomp/components/roboticaCC/supervisor/CMakeFiles/CMakeTmp/CheckSymbolExists.cxx:
/* */
#include <QtCore/qglobal.h>

int main(int argc, char** argv)
{
  (void)argv;
#ifndef Q_WS_X11
  return ((int*)(&Q_WS_X11))[argc];
#else
  (void)argc;
  return 0;
#endif
}

Determining if the Q_WS_X11 exist passed with the following output:
Change Dir: /home/crivac/robocomp/components/roboticaCC/supervisor/CMakeFiles/CMakeTmp

Run Build Command:"/usr/bin/make" "cmTC_6030b/fast"
/usr/bin/make -f CMakeFiles/cmTC_6030b.dir/build.make CMakeFiles/cmTC_6030b.dir/build
make[1]: se entra en el directorio '/home/crivac/robocomp/components/roboticaCC/supervisor/CMakeFiles/CMakeTmp'
Building CXX object CMakeFiles/cmTC_6030b.dir/CheckSymbolExists.cxx.o
/usr/bin/c++    -I/usr/include/qt4   -o CMakeFiles/cmTC_6030b.dir/CheckSymbolExists.cxx.o -c /home/crivac/robocomp/components/roboticaCC/supervisor/CMakeFiles/CMakeTmp/CheckSymbolExists.cxx
Linking CXX executable cmTC_6030b
/usr/bin/cmake -E cmake_link_script CMakeFiles/cmTC_6030b.dir/link.txt --verbose=1
/usr/bin/c++        CMakeFiles/cmTC_6030b.dir/CheckSymbolExists.cxx.o  -o cmTC_6030b -rdynamic 
make[1]: se sale del directorio '/home/crivac/robocomp/components/roboticaCC/supervisor/CMakeFiles/CMakeTmp'

File /home/crivac/robocomp/components/roboticaCC/supervisor/CMakeFiles/CMakeTmp/CheckSymbolExists.cxx:
/* */
#include <QtCore/qglobal.h>

int main(int argc, char** argv)
{
  (void)argv;
#ifndef Q_WS_X11
  return ((int*)(&Q_WS_X11))[argc];
#else
  (void)argc;
  return 0;
#endif
}

Determining if the Q_WS_X11 exist passed with the following output:
Change Dir: /home/crivac/robocomp/components/roboticaCC/supervisor/CMakeFiles/CMakeTmp

Run Build Command:"/usr/bin/make" "cmTC_93b15/fast"
/usr/bin/make -f CMakeFiles/cmTC_93b15.dir/build.make CMakeFiles/cmTC_93b15.dir/build
make[1]: se entra en el directorio '/home/crivac/robocomp/components/roboticaCC/supervisor/CMakeFiles/CMakeTmp'
Building CXX object CMakeFiles/cmTC_93b15.dir/CheckSymbolExists.cxx.o
/usr/bin/c++    -I/usr/include/qt4   -o CMakeFiles/cmTC_93b15.dir/CheckSymbolExists.cxx.o -c /home/crivac/robocomp/components/roboticaCC/supervisor/CMakeFiles/CMakeTmp/CheckSymbolExists.cxx
Linking CXX executable cmTC_93b15
/usr/bin/cmake -E cmake_link_script CMakeFiles/cmTC_93b15.dir/link.txt --verbose=1
/usr/bin/c++        CMakeFiles/cmTC_93b15.dir/CheckSymbolExists.cxx.o  -o cmTC_93b15 -rdynamic 
make[1]: se sale del directorio '/home/crivac/robocomp/components/roboticaCC/supervisor/CMakeFiles/CMakeTmp'

File /home/crivac/robocomp/components/roboticaCC/supervisor/CMakeFiles/CMakeTmp/CheckSymbolExists.cxx:
/* */
#include <QtCore/qglobal.h>

int main(int argc, char** argv)
{
  (void)argv;
#ifndef Q_WS_X11
  return ((int*)(&Q_WS_X11))[argc];
#else
  (void)argc;
  return 0;
#endif
}

Determining if the Q_WS_X11 exist passed with the following output:
Change Dir: /home/crivac/robocomp/components/roboticaCC/supervisor/CMakeFiles/CMakeTmp

Run Build Command:"/usr/bin/make" "cmTC_4a70f/fast"
/usr/bin/make -f CMakeFiles/cmTC_4a70f.dir/build.make CMakeFiles/cmTC_4a70f.dir/build
make[1]: se entra en el directorio '/home/crivac/robocomp/components/roboticaCC/supervisor/CMakeFiles/CMakeTmp'
Building CXX object CMakeFiles/cmTC_4a70f.dir/CheckSymbolExists.cxx.o
/usr/bin/c++    -I/usr/include/qt4   -o CMakeFiles/cmTC_4a70f.dir/CheckSymbolExists.cxx.o -c /home/crivac/robocomp/components/roboticaCC/supervisor/CMakeFiles/CMakeTmp/CheckSymbolExists.cxx
Linking CXX executable cmTC_4a70f
/usr/bin/cmake -E cmake_link_script CMakeFiles/cmTC_4a70f.dir/link.txt --verbose=1
/usr/bin/c++        CMakeFiles/cmTC_4a70f.dir/CheckSymbolExists.cxx.o  -o cmTC_4a70f -rdynamic 
make[1]: se sale del directorio '/home/crivac/robocomp/components/roboticaCC/supervisor/CMakeFiles/CMakeTmp'

File /home/crivac/robocomp/components/roboticaCC/supervisor/CMakeFiles/CMakeTmp/CheckSymbolExists.cxx:
/* */
#include <QtCore/qglobal.h>

int main(int argc, char** argv)
{
  (void)argv;
#ifndef Q_WS_X11
  return ((int*)(&Q_WS_X11))[argc];
#else
  (void)argc;
  return 0;
#endif
}

Determining if the Q_WS_X11 exist passed with the following output:
Change Dir: /home/crivac/robocomp/components/roboticaCC/supervisor/CMakeFiles/CMakeTmp

Run Build Command:"/usr/bin/make" "cmTC_faf5d/fast"
/usr/bin/make -f CMakeFiles/cmTC_faf5d.dir/build.make CMakeFiles/cmTC_faf5d.dir/build
make[1]: se entra en el directorio '/home/crivac/robocomp/components/roboticaCC/supervisor/CMakeFiles/CMakeTmp'
Building CXX object CMakeFiles/cmTC_faf5d.dir/CheckSymbolExists.cxx.o
/usr/bin/c++    -I/usr/include/qt4   -o CMakeFiles/cmTC_faf5d.dir/CheckSymbolExists.cxx.o -c /home/crivac/robocomp/components/roboticaCC/supervisor/CMakeFiles/CMakeTmp/CheckSymbolExists.cxx
Linking CXX executable cmTC_faf5d
/usr/bin/cmake -E cmake_link_script CMakeFiles/cmTC_faf5d.dir/link.txt --verbose=1
/usr/bin/c++        CMakeFiles/cmTC_faf5d.dir/CheckSymbolExists.cxx.o  -o cmTC_faf5d -rdynamic 
make[1]: se sale del directorio '/home/crivac/robocomp/components/roboticaCC/supervisor/CMakeFiles/CMakeTmp'

File /home/crivac/robocomp/components/roboticaCC/supervisor/CMakeFiles/CMakeTmp/CheckSymbolExists.cxx:
/* */
#include <QtCore/qglobal.h>

int main(int argc, char** argv)
{
  (void)argv;
#ifndef Q_WS_X11
  return ((int*)(&Q_WS_X11))[argc];
#else
  (void)argc;
  return 0;
#endif
}

Determining if the Q_WS_X11 exist passed with the following output:
Change Dir: /home/crivac/robocomp/components/roboticaCC/supervisor/CMakeFiles/CMakeTmp

Run Build Command:"/usr/bin/make" "cmTC_f554e/fast"
/usr/bin/make -f CMakeFiles/cmTC_f554e.dir/build.make CMakeFiles/cmTC_f554e.dir/build
make[1]: se entra en el directorio '/home/crivac/robocomp/components/roboticaCC/supervisor/CMakeFiles/CMakeTmp'
Building CXX object CMakeFiles/cmTC_f554e.dir/CheckSymbolExists.cxx.o
/usr/bin/c++    -I/usr/include/qt4   -o CMakeFiles/cmTC_f554e.dir/CheckSymbolExists.cxx.o -c /home/crivac/robocomp/components/roboticaCC/supervisor/CMakeFiles/CMakeTmp/CheckSymbolExists.cxx
Linking CXX executable cmTC_f554e
/usr/bin/cmake -E cmake_link_script CMakeFiles/cmTC_f554e.dir/link.txt --verbose=1
/usr/bin/c++        CMakeFiles/cmTC_f554e.dir/CheckSymbolExists.cxx.o  -o cmTC_f554e -rdynamic 
make[1]: se sale del directorio '/home/crivac/robocomp/components/roboticaCC/supervisor/CMakeFiles/CMakeTmp'

File /home/crivac/robocomp/components/roboticaCC/supervisor/CMakeFiles/CMakeTmp/CheckSymbolExists.cxx:
/* */
#include <QtCore/qglobal.h>

int main(int argc, char** argv)
{
  (void)argv;
#ifndef Q_WS_X11
  return ((int*)(&Q_WS_X11))[argc];
#else
  (void)argc;
  return 0;
#endif
}

Determining if the Q_WS_X11 exist passed with the following output:
Change Dir: /home/crivac/robocomp/components/roboticaCC/supervisor/CMakeFiles/CMakeTmp

Run Build Command:"/usr/bin/make" "cmTC_386f2/fast"
/usr/bin/make -f CMakeFiles/cmTC_386f2.dir/build.make CMakeFiles/cmTC_386f2.dir/build
make[1]: se entra en el directorio '/home/crivac/robocomp/components/roboticaCC/supervisor/CMakeFiles/CMakeTmp'
Building CXX object CMakeFiles/cmTC_386f2.dir/CheckSymbolExists.cxx.o
/usr/bin/c++    -I/usr/include/qt4   -o CMakeFiles/cmTC_386f2.dir/CheckSymbolExists.cxx.o -c /home/crivac/robocomp/components/roboticaCC/supervisor/CMakeFiles/CMakeTmp/CheckSymbolExists.cxx
Linking CXX executable cmTC_386f2
/usr/bin/cmake -E cmake_link_script CMakeFiles/cmTC_386f2.dir/link.txt --verbose=1
/usr/bin/c++        CMakeFiles/cmTC_386f2.dir/CheckSymbolExists.cxx.o  -o cmTC_386f2 -rdynamic 
make[1]: se sale del directorio '/home/crivac/robocomp/components/roboticaCC/supervisor/CMakeFiles/CMakeTmp'

File /home/crivac/robocomp/components/roboticaCC/supervisor/CMakeFiles/CMakeTmp/CheckSymbolExists.cxx:
/* */
#include <QtCore/qglobal.h>

int main(int argc, char** argv)
{
  (void)argv;
#ifndef Q_WS_X11
  return ((int*)(&Q_WS_X11))[argc];
#else
  (void)argc;
  return 0;
#endif
}

Determining if the Q_WS_X11 exist passed with the following output:
Change Dir: /home/crivac/robocomp/components/roboticaCC/supervisor/CMakeFiles/CMakeTmp

Run Build Command:"/usr/bin/make" "cmTC_c1ba3/fast"
/usr/bin/make -f CMakeFiles/cmTC_c1ba3.dir/build.make CMakeFiles/cmTC_c1ba3.dir/build
make[1]: se entra en el directorio '/home/crivac/robocomp/components/roboticaCC/supervisor/CMakeFiles/CMakeTmp'
Building CXX object CMakeFiles/cmTC_c1ba3.dir/CheckSymbolExists.cxx.o
/usr/bin/c++    -I/usr/include/qt4   -o CMakeFiles/cmTC_c1ba3.dir/CheckSymbolExists.cxx.o -c /home/crivac/robocomp/components/roboticaCC/supervisor/CMakeFiles/CMakeTmp/CheckSymbolExists.cxx
Linking CXX executable cmTC_c1ba3
/usr/bin/cmake -E cmake_link_script CMakeFiles/cmTC_c1ba3.dir/link.txt --verbose=1
/usr/bin/c++        CMakeFiles/cmTC_c1ba3.dir/CheckSymbolExists.cxx.o  -o cmTC_c1ba3 -rdynamic 
make[1]: se sale del directorio '/home/crivac/robocomp/components/roboticaCC/supervisor/CMakeFiles/CMakeTmp'

File /home/crivac/robocomp/components/roboticaCC/supervisor/CMakeFiles/CMakeTmp/CheckSymbolExists.cxx:
/* */
#include <QtCore/qglobal.h>

int main(int argc, char** argv)
{
  (void)argv;
#ifndef Q_WS_X11
  return ((int*)(&Q_WS_X11))[argc];
#else
  (void)argc;
  return 0;
#endif
}

Determining if the Q_WS_X11 exist passed with the following output:
Change Dir: /home/crivac/robocomp/components/roboticaCC/supervisor/CMakeFiles/CMakeTmp

Run Build Command:"/usr/bin/make" "cmTC_e091c/fast"
/usr/bin/make -f CMakeFiles/cmTC_e091c.dir/build.make CMakeFiles/cmTC_e091c.dir/build
make[1]: se entra en el directorio '/home/crivac/robocomp/components/roboticaCC/supervisor/CMakeFiles/CMakeTmp'
Building CXX object CMakeFiles/cmTC_e091c.dir/CheckSymbolExists.cxx.o
/usr/bin/c++    -I/usr/include/qt4   -o CMakeFiles/cmTC_e091c.dir/CheckSymbolExists.cxx.o -c /home/crivac/robocomp/components/roboticaCC/supervisor/CMakeFiles/CMakeTmp/CheckSymbolExists.cxx
Linking CXX executable cmTC_e091c
/usr/bin/cmake -E cmake_link_script CMakeFiles/cmTC_e091c.dir/link.txt --verbose=1
/usr/bin/c++        CMakeFiles/cmTC_e091c.dir/CheckSymbolExists.cxx.o  -o cmTC_e091c -rdynamic 
make[1]: se sale del directorio '/home/crivac/robocomp/components/roboticaCC/supervisor/CMakeFiles/CMakeTmp'

File /home/crivac/robocomp/components/roboticaCC/supervisor/CMakeFiles/CMakeTmp/CheckSymbolExists.cxx:
/* */
#include <QtCore/qglobal.h>

int main(int argc, char** argv)
{
  (void)argv;
#ifndef Q_WS_X11
  return ((int*)(&Q_WS_X11))[argc];
#else
  (void)argc;
  return 0;
#endif
}

Determining if the Q_WS_X11 exist passed with the following output:
Change Dir: /home/salabeta/robocomp/components/roboticaCC/supervisor/CMakeFiles/CMakeTmp

Run Build Command:"/usr/bin/make" "cmTC_b413e/fast"
/usr/bin/make -f CMakeFiles/cmTC_b413e.dir/build.make CMakeFiles/cmTC_b413e.dir/build
make[1]: se entra en el directorio '/home/salabeta/robocomp/components/roboticaCC/supervisor/CMakeFiles/CMakeTmp'
Building CXX object CMakeFiles/cmTC_b413e.dir/CheckSymbolExists.cxx.o
/usr/bin/c++    -I/usr/include/qt4   -o CMakeFiles/cmTC_b413e.dir/CheckSymbolExists.cxx.o -c /home/salabeta/robocomp/components/roboticaCC/supervisor/CMakeFiles/CMakeTmp/CheckSymbolExists.cxx
Linking CXX executable cmTC_b413e
/usr/bin/cmake -E cmake_link_script CMakeFiles/cmTC_b413e.dir/link.txt --verbose=1
/usr/bin/c++        CMakeFiles/cmTC_b413e.dir/CheckSymbolExists.cxx.o  -o cmTC_b413e -rdynamic 
make[1]: se sale del directorio '/home/salabeta/robocomp/components/roboticaCC/supervisor/CMakeFiles/CMakeTmp'

File /home/salabeta/robocomp/components/roboticaCC/supervisor/CMakeFiles/CMakeTmp/CheckSymbolExists.cxx:
/* */
#include <QtCore/qglobal.h>

int main(int argc, char** argv)
{
  (void)argv;
#ifndef Q_WS_X11
  return ((int*)(&Q_WS_X11))[argc];
#else
  (void)argc;
  return 0;
#endif
}

Determining if the Q_WS_X11 exist passed with the following output:
Change Dir: /home/salabeta/robocomp/components/roboticaCC/supervisor/CMakeFiles/CMakeTmp

Run Build Command:"/usr/bin/make" "cmTC_4bf78/fast"
/usr/bin/make -f CMakeFiles/cmTC_4bf78.dir/build.make CMakeFiles/cmTC_4bf78.dir/build
make[1]: se entra en el directorio '/home/salabeta/robocomp/components/roboticaCC/supervisor/CMakeFiles/CMakeTmp'
Building CXX object CMakeFiles/cmTC_4bf78.dir/CheckSymbolExists.cxx.o
/usr/bin/c++    -I/usr/include/qt4   -o CMakeFiles/cmTC_4bf78.dir/CheckSymbolExists.cxx.o -c /home/salabeta/robocomp/components/roboticaCC/supervisor/CMakeFiles/CMakeTmp/CheckSymbolExists.cxx
Linking CXX executable cmTC_4bf78
/usr/bin/cmake -E cmake_link_script CMakeFiles/cmTC_4bf78.dir/link.txt --verbose=1
/usr/bin/c++        CMakeFiles/cmTC_4bf78.dir/CheckSymbolExists.cxx.o  -o cmTC_4bf78 -rdynamic 
make[1]: se sale del directorio '/home/salabeta/robocomp/components/roboticaCC/supervisor/CMakeFiles/CMakeTmp'

File /home/salabeta/robocomp/components/roboticaCC/supervisor/CMakeFiles/CMakeTmp/CheckSymbolExists.cxx:
/* */
#include <QtCore/qglobal.h>

int main(int argc, char** argv)
{
  (void)argv;
#ifndef Q_WS_X11
  return ((int*)(&Q_WS_X11))[argc];
#else
  (void)argc;
  return 0;
#endif
}

Determining if the Q_WS_X11 exist passed with the following output:
Change Dir: /home/salabeta/robocomp/components/roboticaCC/supervisor/CMakeFiles/CMakeTmp

Run Build Command:"/usr/bin/make" "cmTC_831c8/fast"
/usr/bin/make -f CMakeFiles/cmTC_831c8.dir/build.make CMakeFiles/cmTC_831c8.dir/build
make[1]: se entra en el directorio '/home/salabeta/robocomp/components/roboticaCC/supervisor/CMakeFiles/CMakeTmp'
Building CXX object CMakeFiles/cmTC_831c8.dir/CheckSymbolExists.cxx.o
/usr/bin/c++    -I/usr/include/qt4   -o CMakeFiles/cmTC_831c8.dir/CheckSymbolExists.cxx.o -c /home/salabeta/robocomp/components/roboticaCC/supervisor/CMakeFiles/CMakeTmp/CheckSymbolExists.cxx
Linking CXX executable cmTC_831c8
/usr/bin/cmake -E cmake_link_script CMakeFiles/cmTC_831c8.dir/link.txt --verbose=1
/usr/bin/c++        CMakeFiles/cmTC_831c8.dir/CheckSymbolExists.cxx.o  -o cmTC_831c8 -rdynamic 
make[1]: se sale del directorio '/home/salabeta/robocomp/components/roboticaCC/supervisor/CMakeFiles/CMakeTmp'

File /home/salabeta/robocomp/components/roboticaCC/supervisor/CMakeFiles/CMakeTmp/CheckSymbolExists.cxx:
/* */
#include <QtCore/qglobal.h>

int main(int argc, char** argv)
{
  (void)argv;
#ifndef Q_WS_X11
  return ((int*)(&Q_WS_X11))[argc];
#else
  (void)argc;
  return 0;
#endif
}

